{
  "timestamp": "2026-05-13 23:50:14",
  "status": "no_hwp_object",
  "attach": [
    {
      "source": "HWPFrame.HwpObject.2",
      "status": "fail",
      "error": "com_error: (-2147221021, '작업을 사용할 수 없습니다.', None, None)"
    },
    {
      "source": "HWPFrame.HwpObject.1",
      "status": "fail",
      "error": "com_error: (-2147221021, '작업을 사용할 수 없습니다.', None, None)"
    },
    {
      "source": "HWPFrame.HwpObject",
      "status": "fail",
      "error": "com_error: (-2147221021, '작업을 사용할 수 없습니다.', None, None)"
    }
  ]
}