{
  "timestamp": "2026-05-13 23:19:14",
  "foreground": {
    "hwnd": 0,
    "title": "",
    "class_name": null,
    "process_name": ""
  },
  "get_active_object": [
    {
      "progid": "HWPFrame.HwpObject.2",
      "status": "fail",
      "error": "com_error: (-2147221021, '작업을 사용할 수 없습니다.', None, None)"
    },
    {
      "progid": "HWPFrame.HwpObject.1",
      "status": "fail",
      "error": "com_error: (-2147221021, '작업을 사용할 수 없습니다.', None, None)"
    },
    {
      "progid": "HWPFrame.HwpObject",
      "status": "fail",
      "error": "com_error: (-2147221021, '작업을 사용할 수 없습니다.', None, None)"
    },
    {
      "progid": "HwpAutomationApp2.HwpAutomation.2",
      "status": "fail",
      "error": "com_error: (-2147221021, '작업을 사용할 수 없습니다.', None, None)"
    },
    {
      "progid": "HwpAutomationApp2.HwpAutomation.1",
      "status": "fail",
      "error": "com_error: (-2147221021, '작업을 사용할 수 없습니다.', None, None)"
    },
    {
      "progid": "HwpAutomationApp2.HwpAutomation",
      "status": "fail",
      "error": "com_error: (-2147221021, '작업을 사용할 수 없습니다.', None, None)"
    }
  ],
  "rot": []
}