2026-05-15 10:08:13 mode='word' source_len=30 source_newlines=8 replacement_len=44 replacement_newlines=8 restored_len=44 restored_newlines=8 source_sample='김자원1\n\n김승현22\n\n김자원머\n\n김승현2\n\n김승현현현' replacement_sample='김자원1\n\n김승현22\n\n김자원머\n\n김승현2\n\n김승현현현 [맞춤법 기능 사용 됨]' restored_sample='김자원1\n\n김승현22\n\n김자원머\n\n김승현2\n\n김승현현현 [맞춤법 기능 사용 됨]'
2026-05-15 10:11:30 mode='word' source_len=49 source_newlines=14 replacement_len=63 replacement_newlines=14 restored_len=63 restored_newlines=14 source_sample='김자원1\n\n김승현22\n\n김자원머\n\n김승현2\n\n김김김김\n\n김김김김김\n\n김승현입니다\n\n김승현' replacement_sample='김자원1\n\n김승현22\n\n김자원머\n\n김승현2\n\n김김김김\n\n김김김김김\n\n김승현입니다\n\n김승현 [맞춤법 기능 사용 됨]' restored_sample='김자원1\n\n김승현22\n\n김자원머\n\n김승현2\n\n김김김김\n\n김김김김김\n\n김승현입니다\n\n김승현 [맞춤법 기능 사용 됨]'
2026-05-15 10:12:02 mode='word' source_len=49 source_newlines=14 replacement_len=63 replacement_newlines=14 restored_len=63 restored_newlines=14 source_sample='김자원1\n\n김승현22\n\n김자원머\n\n김승현2\n\n김김김김\n\n김김김김김\n\n김승현입니다\n\n김승현' replacement_sample='김자원1\n\n김승현22\n\n김자원머\n\n김승현2\n\n김김김김\n\n김김김김김\n\n김승현입니다\n\n김승현 [맞춤법 기능 사용 됨]' restored_sample='김자원1\n\n김승현22\n\n김자원머\n\n김승현2\n\n김김김김\n\n김김김김김\n\n김승현입니다\n\n김승현 [맞춤법 기능 사용 됨]'
2026-05-15 10:14:45 mode='word' source_len=49 source_newlines=14 replacement_len=63 replacement_newlines=14 restored_len=63 restored_newlines=14 source_sample='김자원1\n\n김승현22\n\n김자원머\n\n김승현2\n\n김김김김\n\n김김김김김\n\n김승현입니다\n\n김승현' replacement_sample='김자원1\n\n김승현22\n\n김자원머\n\n김승현2\n\n김김김김\n\n김김김김김\n\n김승현입니다\n\n김승현 [맞춤법 기능 사용 됨]' restored_sample='김자원1\n\n김승현22\n\n김자원머\n\n김승현2\n\n김김김김\n\n김김김김김\n\n김승현입니다\n\n김승현 [맞춤법 기능 사용 됨]'
2026-05-15 10:17:38 mode='word' source_len=49 source_newlines=14 replacement_len=63 replacement_newlines=14 restored_len=63 restored_newlines=14 source_sample='김자원1\n\n김승현22\n\n김자원머\n\n김승현2\n\n김김김김\n\n김김김김김\n\n김승현입니다\n\n김승현' replacement_sample='김자원1\n\n김승현22\n\n김자원머\n\n김승현2\n\n김김김김\n\n김김김김김\n\n김승현입니다\n\n김승현 [맞춤법 기능 사용 됨]' restored_sample='김자원1\n\n김승현22\n\n김자원머\n\n김승현2\n\n김김김김\n\n김김김김김\n\n김승현입니다\n\n김승현 [맞춤법 기능 사용 됨]'
2026-05-15 10:18:55 mode='word' source_len=38 source_newlines=14 replacement_len=52 replacement_newlines=14 restored_len=52 restored_newlines=14 source_sample='김자원\n\n김자원\n\n김자원\n\n김자원\n\n김자원\n\n김자원\n\n김자원\n\n김자원' replacement_sample='김자원\n\n김자원\n\n김자원\n\n김자원\n\n김자원\n\n김자원\n\n김자원\n\n김자원 [맞춤법 기능 사용 됨]' restored_sample='김자원\n\n김자원\n\n김자원\n\n김자원\n\n김자원\n\n김자원\n\n김자원\n\n김자원 [맞춤법 기능 사용 됨]'
2026-05-15 10:22:06 mode='word' source_len=46 source_newlines=16 replacement_len=60 replacement_newlines=16 restored_len=60 restored_newlines=16 source_sample='김자원\n\n김자원\n\n김자원\n\n김자원\n\n김자원\n\n김자원\n\n김자원\n\n김자원\n\n테스트 시작' replacement_sample='김자원\n\n김자원\n\n김자원\n\n김자원\n\n김자원\n\n김자원\n\n김자원\n\n김자원\n\n테스트 시작 [맞춤법 기능 사용 됨]' restored_sample='김자원\n\n김자원\n\n김자원\n\n김자원\n\n김자원\n\n김자원\n\n김자원\n\n김자원\n\n테스트 시작 [맞춤법 기능 사용 됨]'
2026-05-15 10:29:09 mode='word' source_len=43 source_newlines=16 replacement_len=57 replacement_newlines=16 restored_len=57 restored_newlines=16 source_sample='김자원\n\n김자원\n\n김자원\n\n김자원\n\n김자원\n\n김자원\n\n김자원\n\n김자원\n\n테스트' replacement_sample='김자원\n\n김자원\n\n김자원\n\n김자원\n\n김자원\n\n김자원\n\n김자원\n\n김자원\n\n테스트 [맞춤법 기능 사용 됨]' restored_sample='김자원\n\n김자원\n\n김자원\n\n김자원\n\n김자원\n\n김자원\n\n김자원\n\n김자원\n\n테스트 [맞춤법 기능 사용 됨]'
2026-05-15 10:36:56 mode='word' source_len=43 source_newlines=16 replacement_len=57 replacement_newlines=16 restored_len=57 restored_newlines=16 source_sample='김자원\n\n김자원\n\n김자원\n\n김자원\n\n김자원\n\n김자원\n\n김자원\n\n김자원\n\n테스트' replacement_sample='김자원\n\n김자원\n\n김자원\n\n김자원\n\n김자원\n\n김자원\n\n김자원\n\n김자원\n\n테스트 [맞춤법 기능 사용 됨]' restored_sample='김자원\n\n김자원\n\n김자원\n\n김자원\n\n김자원\n\n김자원\n\n김자원\n\n김자원\n\n테스트 [맞춤법 기능 사용 됨]'
2026-05-15 10:43:05 mode='browser_extension' source_len=33 source_newlines=4 replacement_len=47 replacement_newlines=4 restored_len=47 restored_newlines=4 source_sample='안녕하세요 감사해요\n\n잘 있어요 다시 만나요\n\n흐헤헤 흐헤헤' replacement_sample='안녕하세요 감사해요\n\n잘 있어요 다시 만나요\n\n흐헤헤 흐헤헤 [맞춤법 기능 사용 됨]' restored_sample='안녕하세요 감사해요\n\n잘 있어요 다시 만나요\n\n흐헤헤 흐헤헤 [맞춤법 기능 사용 됨]'
2026-05-15 10:44:11 mode='browser_extension' source_len=38 source_newlines=6 replacement_len=52 replacement_newlines=6 restored_len=52 restored_newlines=6 source_sample='안녕하세요 감사해요\n\n잘 있어요 다시 만나요\n\n흐헤헤 흐헤헤\n\n테스트' replacement_sample='안녕하세요 감사해요\n\n잘 있어요 다시 만나요\n\n흐헤헤 흐헤헤\n\n테스트 [맞춤법 기능 사용 됨]' restored_sample='안녕하세요 감사해요\n\n잘 있어요 다시 만나요\n\n흐헤헤 흐헤헤\n\n테스트 [맞춤법 기능 사용 됨]'
2026-05-15 10:54:53 mode='browser_extension' source_len=38 source_newlines=6 replacement_len=52 replacement_newlines=6 restored_len=52 restored_newlines=6 source_sample='안녕하세요 감사해요\n\n잘 있어요 다시 만나요\n\n흐헤헤 흐헤헤\n\n테스트' replacement_sample='안녕하세요 감사해요\n\n잘 있어요 다시 만나요\n\n흐헤헤 흐헤헤\n\n테스트 [맞춤법 기능 사용 됨]' restored_sample='안녕하세요 감사해요\n\n잘 있어요 다시 만나요\n\n흐헤헤 흐헤헤\n\n테스트 [맞춤법 기능 사용 됨]'
2026-05-15 11:21:10 mode='browser_extension' source_len=10 source_newlines=0 replacement_len=24 replacement_newlines=0 restored_len=24 restored_newlines=0 source_sample='안녕하세요 감사해요' replacement_sample='안녕하세요 감사해요 [맞춤법 기능 사용 됨]' restored_sample='안녕하세요 감사해요 [맞춤법 기능 사용 됨]'
2026-05-15 11:21:41 mode='browser_extension' source_len=26 source_newlines=6 replacement_len=40 replacement_newlines=6 restored_len=40 restored_newlines=6 source_sample='안녕하세요\n\n감사해요\n\n잘 있어요\n\n다시 만나요' replacement_sample='안녕하세요\n\n감사해요\n\n잘 있어요\n\n다시 만나요 [맞춤법 기능 사용 됨]' restored_sample='안녕하세요\n\n감사해요\n\n잘 있어요\n\n다시 만나요 [맞춤법 기능 사용 됨]'
2026-05-15 11:22:21 mode='browser_extension' source_len=26 source_newlines=6 replacement_len=40 replacement_newlines=6 restored_len=40 restored_newlines=6 source_sample='안녕하세요\n\n감사해요\n\n잘 있어요\n\n다시 만나요' replacement_sample='안녕하세요\n\n감사해요\n\n잘 있어요\n\n다시 만나요 [맞춤법 기능 사용 됨]' restored_sample='안녕하세요\n\n감사해요\n\n잘 있어요\n\n다시 만나요 [맞춤법 기능 사용 됨]'
2026-05-15 11:39:01 mode='browser_extension' source_len=26 source_newlines=6 replacement_len=40 replacement_newlines=6 restored_len=40 restored_newlines=6 source_sample='안녕하세요\n\n감사해요\n\n잘 있어요\n\n다시 만나요' replacement_sample='안녕하세요\n\n감사해요\n\n잘 있어요\n\n다시 만나요 [맞춤법 기능 사용 됨]' restored_sample='안녕하세요\n\n감사해요\n\n잘 있어요\n\n다시 만나요 [맞춤법 기능 사용 됨]'
2026-05-15 11:46:57 mode='browser_extension' source_len=26 source_newlines=6 replacement_len=40 replacement_newlines=6 restored_len=40 restored_newlines=6 source_sample='안녕하세요\n\n감사해요\n\n잘 있어요\n\n다시 만나요' replacement_sample='안녕하세요\n\n감사해요\n\n잘 있어요\n\n다시 만나요 [맞춤법 기능 사용 됨]' restored_sample='안녕하세요\n\n감사해요\n\n잘 있어요\n\n다시 만나요 [맞춤법 기능 사용 됨]'
2026-05-15 11:48:15 mode='browser_extension' source_len=31 source_newlines=8 replacement_len=45 replacement_newlines=8 restored_len=45 restored_newlines=8 source_sample='안녕하세요\n\n감사해요\n\n잘 있어요\n\n다시 만나요\n\n흐헤헤' replacement_sample='안녕하세요\n\n감사해요\n\n잘 있어요\n\n다시 만나요\n\n흐헤헤 [맞춤법 기능 사용 됨]' restored_sample='안녕하세요\n\n감사해요\n\n잘 있어요\n\n다시 만나요\n\n흐헤헤 [맞춤법 기능 사용 됨]'
2026-05-15 12:13:48 mode='browser' source_len=656 source_newlines=148 replacement_len=666 replacement_newlines=148 restored_len=666 restored_newlines=148 source_sample='NAVER\n카페홈\n￼\n이웃\n￼\n가입카페 \n￼\n￼\n새글 \n￼\n내소식 \n￼\n채팅 \n￼\n사용자 링크\n냠냐밍\n￼\n내정보 보기\n￼\n네이버톡\n서비스 더보기' replacement_sample='NAVER\n카페홈\n￼\n이웃\n￼\n가입카페\n￼\n￼\n새글\n￼\n내소식\n￼\n채팅\n￼\n사용자 링크\n냠냐밍\n￼\n내정보 보기\n￼\n네이버톡\n서비스 더보기\n￼\n카' restored_sample='NAVER\n카페홈\n￼\n이웃\n￼\n가입카페\n￼\n￼\n새글\n￼\n내소식\n￼\n채팅\n￼\n사용자 링크\n냠냐밍\n￼\n내정보 보기\n￼\n네이버톡\n서비스 더보기\n￼\n카'
2026-05-15 12:47:03 mode='word' source_len=18 source_newlines=4 replacement_len=32 replacement_newlines=4 restored_len=32 restored_newlines=4 source_sample='안녕하세요\n\n반갑습니다\n\n반가워요' replacement_sample='안녕하세요\n\n반갑습니다\n\n반가워요 [맞춤법 기능 사용 됨]' restored_sample='안녕하세요\n\n반갑습니다\n\n반가워요 [맞춤법 기능 사용 됨]'
2026-05-15 13:00:21 mode='word' source_len=43 source_newlines=16 replacement_len=57 replacement_newlines=16 restored_len=57 restored_newlines=16 source_sample='김승현\n\n김승현\n\n김승현\n\n김승현\n\n김승현\n\n김승현\n\n김승현\n\n김승현\n\n김승현' replacement_sample='김승현\n\n김승현\n\n김승현\n\n김승현\n\n김승현\n\n김승현\n\n김승현\n\n김승현\n\n김승현 [맞춤법 기능 사용 됨]' restored_sample='김승현\n\n김승현\n\n김승현\n\n김승현\n\n김승현\n\n김승현\n\n김승현\n\n김승현\n\n김승현 [맞춤법 기능 사용 됨]'
2026-05-15 13:05:19 mode='word' source_len=44 source_newlines=17 replacement_len=57 replacement_newlines=16 restored_len=58 restored_newlines=17 source_sample='김자원\n\n김자원\n\n김자원\n\n김자원\n\n김자원\n\n김자원\n\n김자원\n\n김자원\n\n테스트\n' replacement_sample='김자원\n\n김자원\n\n김자원\n\n김자원\n\n김자원\n\n김자원\n\n김자원\n\n김자원\n\n테스트 [맞춤법 기능 사용 됨]' restored_sample='김자원\n\n김자원\n\n김자원\n\n김자원\n\n김자원\n\n김자원\n\n김자원\n\n김자원\n\n테스트 [맞춤법 기능 사용 됨]\n'
2026-05-15 14:33:24 mode='word' source_len=44 source_newlines=17 replacement_len=57 replacement_newlines=16 restored_len=58 restored_newlines=17 source_sample='김자원\n\n김자원\n\n김자원\n\n김자원\n\n김자원\n\n김자원\n\n김자원\n\n김자원\n\n테스트\n' replacement_sample='김자원\n\n김자원\n\n김자원\n\n김자원\n\n김자원\n\n김자원\n\n김자원\n\n김자원\n\n테스트 [맞춤법 기능 사용 됨]' restored_sample='김자원\n\n김자원\n\n김자원\n\n김자원\n\n김자원\n\n김자원\n\n김자원\n\n김자원\n\n테스트 [맞춤법 기능 사용 됨]\n'
2026-05-15 18:31:43 mode='notepad_selection' source_len=7 source_newlines=0 replacement_len=21 replacement_newlines=0 restored_len=21 restored_newlines=0 source_sample='가나다라마바사' replacement_sample='가나다라마바사 [맞춤법 기능 사용 됨]' restored_sample='가나다라마바사 [맞춤법 기능 사용 됨]'
2026-05-15 19:57:00 mode='word_selection' source_len=4 source_newlines=1 replacement_len=17 replacement_newlines=0 restored_len=18 restored_newlines=1 source_sample='김승현\n' replacement_sample='김승현 [맞춤법 기능 사용 됨]' restored_sample='김승현 [맞춤법 기능 사용 됨]\n'
2026-05-15 19:57:12 mode='word_selection' source_len=4 source_newlines=1 replacement_len=18 replacement_newlines=1 restored_len=18 restored_newlines=1 source_sample='김승현\n' replacement_sample='김승현 [맞춤법 기능 사용 됨]\n' restored_sample='김승현 [맞춤법 기능 사용 됨]\n'
2026-05-15 19:58:20 mode='word_selection' source_len=4 source_newlines=1 replacement_len=17 replacement_newlines=0 restored_len=18 restored_newlines=1 source_sample='김승현\n' replacement_sample='김승현 [맞춤법 기능 사용 됨]' restored_sample='김승현 [맞춤법 기능 사용 됨]\n'
2026-05-15 19:59:23 mode='word_selection' source_len=4 source_newlines=1 replacement_len=17 replacement_newlines=0 restored_len=18 restored_newlines=1 source_sample='김자원\n' replacement_sample='김자원 [맞춤법 기능 사용 됨]' restored_sample='김자원 [맞춤법 기능 사용 됨]\n'
2026-05-15 20:00:34 mode='word_selection' source_len=19 source_newlines=7 replacement_len=32 replacement_newlines=6 restored_len=33 restored_newlines=7 source_sample='김자원\n\n김자원\n\n김자원\n\n김자원\n' replacement_sample='김자원\n\n김자원\n\n김자원\n\n김자원 [맞춤법 기능 사용 됨]' restored_sample='김자원\n\n김자원\n\n김자원\n\n김자원 [맞춤법 기능 사용 됨]\n'
2026-05-15 20:45:26 mode='word_selection' source_len=19 source_newlines=7 replacement_len=32 replacement_newlines=6 restored_len=33 restored_newlines=7 source_sample='김승현\n\n김승현\n\n김자원\n\n김자원\n' replacement_sample='김승현\n\n김승현\n\n김자원\n\n김자원 [맞춤법 기능 사용 됨]' restored_sample='김승현\n\n김승현\n\n김자원\n\n김자원 [맞춤법 기능 사용 됨]\n'
2026-05-15 20:45:52 mode='word_selection' source_len=19 source_newlines=7 replacement_len=32 replacement_newlines=6 restored_len=33 restored_newlines=7 source_sample='김승현\n\n김승현\n\n김자원\n\n김자원\n' replacement_sample='김승현\n\n김승현\n\n김자원\n\n김자원 [맞춤법 기능 사용 됨]' restored_sample='김승현\n\n김승현\n\n김자원\n\n김자원 [맞춤법 기능 사용 됨]\n'
2026-05-15 20:46:45 mode='word_selection' source_len=19 source_newlines=7 replacement_len=32 replacement_newlines=6 restored_len=33 restored_newlines=7 source_sample='김자원\n\n김자원\n\n김자원\n\n김자원\n' replacement_sample='김자원\n\n김자원\n\n김자원\n\n김자원 [맞춤법 기능 사용 됨]' restored_sample='김자원\n\n김자원\n\n김자원\n\n김자원 [맞춤법 기능 사용 됨]\n'
2026-05-15 23:08:51 mode='word_selection' source_len=4 source_newlines=1 replacement_len=17 replacement_newlines=0 restored_len=18 restored_newlines=1 source_sample='김자원\n' replacement_sample='김자원 [맞춤법 기능 사용 됨]' restored_sample='김자원 [맞춤법 기능 사용 됨]\n'
2026-05-15 23:09:48 mode='word_selection' source_len=4 source_newlines=1 replacement_len=17 replacement_newlines=0 restored_len=18 restored_newlines=1 source_sample='김자원\n' replacement_sample='김자원 [맞춤법 기능 사용 됨]' restored_sample='김자원 [맞춤법 기능 사용 됨]\n'
2026-05-15 23:10:12 mode='word_selection' source_len=4 source_newlines=1 replacement_len=17 replacement_newlines=0 restored_len=18 restored_newlines=1 source_sample='김승현\n' replacement_sample='김승현 [맞춤법 기능 사용 됨]' restored_sample='김승현 [맞춤법 기능 사용 됨]\n'
2026-05-15 23:10:29 mode='word_selection' source_len=4 source_newlines=1 replacement_len=17 replacement_newlines=0 restored_len=18 restored_newlines=1 source_sample='김자원\n' replacement_sample='김자원 [맞춤법 기능 사용 됨]' restored_sample='김자원 [맞춤법 기능 사용 됨]\n'
2026-05-15 23:49:48 mode='word_selection' source_len=4 source_newlines=1 replacement_len=17 replacement_newlines=0 restored_len=18 restored_newlines=1 source_sample='김자원\n' replacement_sample='김자원 [맞춤법 기능 사용 됨]' restored_sample='김자원 [맞춤법 기능 사용 됨]\n'
2026-05-15 23:57:48 mode='word_selection' source_len=4 source_newlines=1 replacement_len=17 replacement_newlines=0 restored_len=18 restored_newlines=1 source_sample='김승현\n' replacement_sample='김승현 [맞춤법 기능 사용 됨]' restored_sample='김승현 [맞춤법 기능 사용 됨]\n'
2026-05-15 23:59:13 mode='word_selection' source_len=5 source_newlines=2 replacement_len=17 replacement_newlines=0 restored_len=19 restored_newlines=2 source_sample='\n김자원\n' replacement_sample='김자원 [맞춤법 기능 사용 됨]' restored_sample='\n김자원 [맞춤법 기능 사용 됨]\n'
2026-05-16 00:03:39 mode='word_selection' source_len=4 source_newlines=1 replacement_len=17 replacement_newlines=0 restored_len=18 restored_newlines=1 source_sample='김승현\n' replacement_sample='김승현 [맞춤법 기능 사용 됨]' restored_sample='김승현 [맞춤법 기능 사용 됨]\n'
2026-05-16 00:03:56 mode='word_selection' source_len=4 source_newlines=1 replacement_len=17 replacement_newlines=0 restored_len=18 restored_newlines=1 source_sample='김자원\n' replacement_sample='김자원 [맞춤법 기능 사용 됨]' restored_sample='김자원 [맞춤법 기능 사용 됨]\n'
2026-05-16 00:12:40 mode='word_selection' source_len=4 source_newlines=1 replacement_len=17 replacement_newlines=0 restored_len=18 restored_newlines=1 source_sample='김승현\n' replacement_sample='김승현 [맞춤법 기능 사용 됨]' restored_sample='김승현 [맞춤법 기능 사용 됨]\n'
2026-05-16 00:12:56 mode='word_selection' source_len=4 source_newlines=1 replacement_len=17 replacement_newlines=0 restored_len=18 restored_newlines=1 source_sample='김자원\n' replacement_sample='김자원 [맞춤법 기능 사용 됨]' restored_sample='김자원 [맞춤법 기능 사용 됨]\n'
2026-05-16 00:13:07 mode='word_selection' source_len=4 source_newlines=1 replacement_len=17 replacement_newlines=0 restored_len=18 restored_newlines=1 source_sample='김승현\n' replacement_sample='김승현 [맞춤법 기능 사용 됨]' restored_sample='김승현 [맞춤법 기능 사용 됨]\n'
2026-05-16 00:18:24 mode='word_selection' source_len=4 source_newlines=1 replacement_len=17 replacement_newlines=0 restored_len=18 restored_newlines=1 source_sample='김승현\n' replacement_sample='김승현 [맞춤법 기능 사용 됨]' restored_sample='김승현 [맞춤법 기능 사용 됨]\n'
2026-05-16 00:18:35 mode='word_selection' source_len=4 source_newlines=1 replacement_len=17 replacement_newlines=0 restored_len=18 restored_newlines=1 source_sample='김자원\n' replacement_sample='김자원 [맞춤법 기능 사용 됨]' restored_sample='김자원 [맞춤법 기능 사용 됨]\n'
2026-05-16 00:18:41 mode='word_selection' source_len=4 source_newlines=1 replacement_len=17 replacement_newlines=0 restored_len=18 restored_newlines=1 source_sample='테스트\n' replacement_sample='테스트 [맞춤법 기능 사용 됨]' restored_sample='테스트 [맞춤법 기능 사용 됨]\n'
2026-05-16 00:18:50 mode='word_selection' source_len=4 source_newlines=1 replacement_len=17 replacement_newlines=0 restored_len=18 restored_newlines=1 source_sample='김자원\n' replacement_sample='김자원 [맞춤법 기능 사용 됨]' restored_sample='김자원 [맞춤법 기능 사용 됨]\n'
2026-05-16 00:20:42 mode='word_selection' source_len=4 source_newlines=1 replacement_len=17 replacement_newlines=0 restored_len=18 restored_newlines=1 source_sample='김자원\n' replacement_sample='김자원 [맞춤법 기능 사용 됨]' restored_sample='김자원 [맞춤법 기능 사용 됨]\n'
2026-05-16 00:29:06 mode='word_selection' source_len=4 source_newlines=1 replacement_len=17 replacement_newlines=0 restored_len=18 restored_newlines=1 source_sample='김승현\n' replacement_sample='김승현 [맞춤법 기능 사용 됨]' restored_sample='김승현 [맞춤법 기능 사용 됨]\n'
2026-05-16 00:29:13 mode='word_selection' source_len=4 source_newlines=1 replacement_len=18 replacement_newlines=1 restored_len=18 restored_newlines=1 source_sample='김승현\n' replacement_sample='김승현 [맞춤법 기능 사용 됨]\n' restored_sample='김승현 [맞춤법 기능 사용 됨]\n'
2026-05-16 00:29:26 mode='word_selection' source_len=4 source_newlines=1 replacement_len=17 replacement_newlines=0 restored_len=18 restored_newlines=1 source_sample='김자원\n' replacement_sample='김자원 [맞춤법 기능 사용 됨]' restored_sample='김자원 [맞춤법 기능 사용 됨]\n'
2026-05-16 00:29:53 mode='word_selection' source_len=18 source_newlines=1 replacement_len=17 replacement_newlines=0 restored_len=18 restored_newlines=1 source_sample='김자원 [맞춤법 기능 사용 됨]\n' replacement_sample='김자원 [맞춤법 기능 사용 됨]' restored_sample='김자원 [맞춤법 기능 사용 됨]\n'
2026-05-16 00:29:59 mode='word_selection' source_len=18 source_newlines=1 replacement_len=18 replacement_newlines=1 restored_len=18 restored_newlines=1 source_sample='김자원 [맞춤법 기능 사용 됨]\n' replacement_sample='김자원 [맞춤법 기능 사용 됨]\n' restored_sample='김자원 [맞춤법 기능 사용 됨]\n'
2026-05-16 00:30:27 mode='word_selection' source_len=18 source_newlines=1 replacement_len=17 replacement_newlines=0 restored_len=18 restored_newlines=1 source_sample='김자원 [맞춤법 기능 사용 됨]\n' replacement_sample='김자원 [맞춤법 기능 사용 됨]' restored_sample='김자원 [맞춤법 기능 사용 됨]\n'
2026-05-16 00:39:55 mode='word_selection' source_len=4 source_newlines=1 replacement_len=17 replacement_newlines=0 restored_len=18 restored_newlines=1 source_sample='김승현\n' replacement_sample='김승현 [맞춤법 기능 사용 됨]' restored_sample='김승현 [맞춤법 기능 사용 됨]\n'
2026-05-16 16:53:37 mode='word_selection' source_len=4 source_newlines=1 replacement_len=17 replacement_newlines=0 restored_len=18 restored_newlines=1 source_sample='김승현\n' replacement_sample='김승현 [맞춤법 기능 사용 됨]' restored_sample='김승현 [맞춤법 기능 사용 됨]\n'
2026-05-16 18:18:31 mode='word_selection' source_len=4 source_newlines=1 replacement_len=17 replacement_newlines=0 restored_len=18 restored_newlines=1 source_sample='김자원\n' replacement_sample='김자원 [맞춤법 기능 사용 됨]' restored_sample='김자원 [맞춤법 기능 사용 됨]\n'
2026-05-16 18:19:27 mode='notepad_selection' source_len=4 source_newlines=0 replacement_len=18 replacement_newlines=0 restored_len=18 restored_newlines=0 source_sample='감사해요' replacement_sample='감사해요 [맞춤법 기능 사용 됨]' restored_sample='감사해요 [맞춤법 기능 사용 됨]'
2026-05-16 18:29:00 mode='notepad_selection' source_len=8 source_newlines=0 replacement_len=22 replacement_newlines=0 restored_len=22 restored_newlines=0 source_sample='hhhhhhhh' replacement_sample='hhhhhhhh [맞춤법 기능 사용 됨]' restored_sample='hhhhhhhh [맞춤법 기능 사용 됨]'
2026-05-16 22:36:45 mode='word_selection' source_len=6 source_newlines=1 replacement_len=19 replacement_newlines=0 restored_len=20 restored_newlines=1 source_sample='안녕하세요\n' replacement_sample='안녕하세요 [맞춤법 기능 사용 됨]' restored_sample='안녕하세요 [맞춤법 기능 사용 됨]\n'
2026-05-16 22:36:59 mode='word_selection' source_len=6 source_newlines=1 replacement_len=19 replacement_newlines=0 restored_len=20 restored_newlines=1 source_sample='안녕하세요\n' replacement_sample='안녕하세요 [맞춤법 기능 사용 됨]' restored_sample='안녕하세요 [맞춤법 기능 사용 됨]\n'
2026-05-16 22:37:25 mode='notepad_selection' source_len=4 source_newlines=0 replacement_len=18 replacement_newlines=0 restored_len=18 restored_newlines=0 source_sample='반가워요' replacement_sample='반가워요 [맞춤법 기능 사용 됨]' restored_sample='반가워요 [맞춤법 기능 사용 됨]'
2026-05-16 22:48:18 mode='word_selection' source_len=4 source_newlines=1 replacement_len=17 replacement_newlines=0 restored_len=18 restored_newlines=1 source_sample='김승현\n' replacement_sample='김승현 [맞춤법 기능 사용 됨]' restored_sample='김승현 [맞춤법 기능 사용 됨]\n'
2026-05-16 22:49:02 mode='notepad_selection' source_len=4 source_newlines=0 replacement_len=18 replacement_newlines=0 restored_len=18 restored_newlines=0 source_sample='반가워요' replacement_sample='반가워요 [맞춤법 기능 사용 됨]' restored_sample='반가워요 [맞춤법 기능 사용 됨]'
2026-05-16 22:49:13 mode='notepad_selection' source_len=4 source_newlines=0 replacement_len=18 replacement_newlines=0 restored_len=18 restored_newlines=0 source_sample='반가워요' replacement_sample='반가워요 [맞춤법 기능 사용 됨]' restored_sample='반가워요 [맞춤법 기능 사용 됨]'
2026-05-16 22:49:31 mode='notepad_selection' source_len=4 source_newlines=0 replacement_len=18 replacement_newlines=0 restored_len=18 restored_newlines=0 source_sample='반가워요' replacement_sample='반가워요 [맞춤법 기능 사용 됨]' restored_sample='반가워요 [맞춤법 기능 사용 됨]'
2026-05-16 22:50:04 mode='notepad_selection' source_len=5 source_newlines=0 replacement_len=19 replacement_newlines=0 restored_len=19 restored_newlines=0 source_sample='안녕하세요' replacement_sample='안녕하세요 [맞춤법 기능 사용 됨]' restored_sample='안녕하세요 [맞춤법 기능 사용 됨]'
2026-05-16 22:50:09 mode='notepad_selection' source_len=4 source_newlines=0 replacement_len=18 replacement_newlines=0 restored_len=18 restored_newlines=0 source_sample='반가워요' replacement_sample='반가워요 [맞춤법 기능 사용 됨]' restored_sample='반가워요 [맞춤법 기능 사용 됨]'
2026-05-16 22:50:21 mode='notepad_selection' source_len=5 source_newlines=0 replacement_len=19 replacement_newlines=0 restored_len=19 restored_newlines=0 source_sample='잘 있어요' replacement_sample='잘 있어요 [맞춤법 기능 사용 됨]' restored_sample='잘 있어요 [맞춤법 기능 사용 됨]'
2026-05-16 22:55:24 mode='word_selection' source_len=4 source_newlines=1 replacement_len=17 replacement_newlines=0 restored_len=18 restored_newlines=1 source_sample='김자원\n' replacement_sample='김자원 [맞춤법 기능 사용 됨]' restored_sample='김자원 [맞춤법 기능 사용 됨]\n'
2026-05-16 23:02:56 mode='notepad_selection' source_len=5 source_newlines=0 replacement_len=19 replacement_newlines=0 restored_len=19 restored_newlines=0 source_sample='잘 있어요' replacement_sample='잘 있어요 [맞춤법 기능 사용 됨]' restored_sample='잘 있어요 [맞춤법 기능 사용 됨]'
2026-05-16 23:03:37 mode='word_selection' source_len=4 source_newlines=1 replacement_len=17 replacement_newlines=0 restored_len=18 restored_newlines=1 source_sample='김자원\n' replacement_sample='김자원 [맞춤법 기능 사용 됨]' restored_sample='김자원 [맞춤법 기능 사용 됨]\n'
2026-05-16 23:03:44 mode='word_selection' source_len=4 source_newlines=1 replacement_len=17 replacement_newlines=0 restored_len=18 restored_newlines=1 source_sample='김자원\n' replacement_sample='김자원 [맞춤법 기능 사용 됨]' restored_sample='김자원 [맞춤법 기능 사용 됨]\n'
2026-05-16 23:12:21 mode='notepad_selection' source_len=5 source_newlines=0 replacement_len=19 replacement_newlines=0 restored_len=19 restored_newlines=0 source_sample='안녕하세요' replacement_sample='안녕하세요 [맞춤법 기능 사용 됨]' restored_sample='안녕하세요 [맞춤법 기능 사용 됨]'
2026-05-16 23:12:26 mode='notepad_selection' source_len=6 source_newlines=0 replacement_len=20 replacement_newlines=0 restored_len=20 restored_newlines=0 source_sample='다시 만나요' replacement_sample='다시 만나요 [맞춤법 기능 사용 됨]' restored_sample='다시 만나요 [맞춤법 기능 사용 됨]'
2026-05-16 23:13:57 mode='word_selection' source_len=4 source_newlines=1 replacement_len=17 replacement_newlines=0 restored_len=18 restored_newlines=1 source_sample='김자원\n' replacement_sample='김자원 [맞춤법 기능 사용 됨]' restored_sample='김자원 [맞춤법 기능 사용 됨]\n'
2026-05-16 23:32:53 mode='notepad_selection' source_len=5 source_newlines=0 replacement_len=19 replacement_newlines=0 restored_len=19 restored_newlines=0 source_sample='안녕하세요' replacement_sample='안녕하세요 [맞춤법 기능 사용 됨]' restored_sample='안녕하세요 [맞춤법 기능 사용 됨]'
2026-05-16 23:32:56 mode='notepad_selection' source_len=6 source_newlines=0 replacement_len=20 replacement_newlines=0 restored_len=20 restored_newlines=0 source_sample='다시 만나요' replacement_sample='다시 만나요 [맞춤법 기능 사용 됨]' restored_sample='다시 만나요 [맞춤법 기능 사용 됨]'
2026-05-16 23:43:39 mode='word_selection' source_len=4 source_newlines=1 replacement_len=17 replacement_newlines=0 restored_len=18 restored_newlines=1 source_sample='김승현\n' replacement_sample='김승현 [맞춤법 기능 사용 됨]' restored_sample='김승현 [맞춤법 기능 사용 됨]\n'
2026-05-16 23:43:43 mode='word_selection' source_len=4 source_newlines=1 replacement_len=17 replacement_newlines=0 restored_len=18 restored_newlines=1 source_sample='김승현\n' replacement_sample='김승현 [맞춤법 기능 사용 됨]' restored_sample='김승현 [맞춤법 기능 사용 됨]\n'
2026-05-16 23:43:47 mode='word_selection' source_len=4 source_newlines=1 replacement_len=17 replacement_newlines=0 restored_len=18 restored_newlines=1 source_sample='김자원\n' replacement_sample='김자원 [맞춤법 기능 사용 됨]' restored_sample='김자원 [맞춤법 기능 사용 됨]\n'
2026-05-16 23:43:51 mode='word_selection' source_len=4 source_newlines=1 replacement_len=17 replacement_newlines=0 restored_len=18 restored_newlines=1 source_sample='김자원\n' replacement_sample='김자원 [맞춤법 기능 사용 됨]' restored_sample='김자원 [맞춤법 기능 사용 됨]\n'
2026-05-16 23:45:03 mode='word_selection' source_len=4 source_newlines=1 replacement_len=17 replacement_newlines=0 restored_len=18 restored_newlines=1 source_sample='김자원\n' replacement_sample='김자원 [맞춤법 기능 사용 됨]' restored_sample='김자원 [맞춤법 기능 사용 됨]\n'
2026-05-16 23:45:06 mode='word_selection' source_len=4 source_newlines=1 replacement_len=17 replacement_newlines=0 restored_len=18 restored_newlines=1 source_sample='김승현\n' replacement_sample='김승현 [맞춤법 기능 사용 됨]' restored_sample='김승현 [맞춤법 기능 사용 됨]\n'
2026-05-16 23:45:10 mode='word_selection' source_len=4 source_newlines=1 replacement_len=17 replacement_newlines=0 restored_len=18 restored_newlines=1 source_sample='김자원\n' replacement_sample='김자원 [맞춤법 기능 사용 됨]' restored_sample='김자원 [맞춤법 기능 사용 됨]\n'
2026-05-16 23:45:14 mode='word_selection' source_len=4 source_newlines=1 replacement_len=17 replacement_newlines=0 restored_len=18 restored_newlines=1 source_sample='김자원\n' replacement_sample='김자원 [맞춤법 기능 사용 됨]' restored_sample='김자원 [맞춤법 기능 사용 됨]\n'
2026-05-16 23:56:34 mode='word_selection' source_len=4 source_newlines=1 replacement_len=17 replacement_newlines=0 restored_len=18 restored_newlines=1 source_sample='김승현\n' replacement_sample='김승현 [맞춤법 기능 사용 됨]' restored_sample='김승현 [맞춤법 기능 사용 됨]\n'
2026-05-16 23:56:41 mode='word_selection' source_len=4 source_newlines=1 replacement_len=17 replacement_newlines=0 restored_len=18 restored_newlines=1 source_sample='김자원\n' replacement_sample='김자원 [맞춤법 기능 사용 됨]' restored_sample='김자원 [맞춤법 기능 사용 됨]\n'
2026-05-16 23:56:54 mode='word_selection' source_len=4 source_newlines=1 replacement_len=17 replacement_newlines=0 restored_len=18 restored_newlines=1 source_sample='김자원\n' replacement_sample='김자원 [맞춤법 기능 사용 됨]' restored_sample='김자원 [맞춤법 기능 사용 됨]\n'
2026-05-17 00:02:19 mode='word_selection' source_len=4 source_newlines=1 replacement_len=17 replacement_newlines=0 restored_len=18 restored_newlines=1 source_sample='김자원\n' replacement_sample='김자원 [맞춤법 기능 사용 됨]' restored_sample='김자원 [맞춤법 기능 사용 됨]\n'
2026-05-17 00:02:59 mode='word_selection' source_len=4 source_newlines=1 replacement_len=17 replacement_newlines=0 restored_len=18 restored_newlines=1 source_sample='테스트\n' replacement_sample='테스트 [맞춤법 기능 사용 됨]' restored_sample='테스트 [맞춤법 기능 사용 됨]\n'
2026-05-17 00:03:15 mode='word_selection' source_len=4 source_newlines=1 replacement_len=17 replacement_newlines=0 restored_len=18 restored_newlines=1 source_sample='김자원\n' replacement_sample='김자원 [맞춤법 기능 사용 됨]' restored_sample='김자원 [맞춤법 기능 사용 됨]\n'
2026-05-17 03:46:37 mode='word_selection' source_len=4 source_newlines=1 replacement_len=17 replacement_newlines=0 restored_len=18 restored_newlines=1 source_sample='김자원\n' replacement_sample='김자원 [맞춤법 기능 사용 됨]' restored_sample='김자원 [맞춤법 기능 사용 됨]\n'
2026-05-17 03:59:27 mode='word_selection' source_len=4 source_newlines=1 replacement_len=17 replacement_newlines=0 restored_len=18 restored_newlines=1 source_sample='김자원\n' replacement_sample='김자원 [맞춤법 기능 사용 됨]' restored_sample='김자원 [맞춤법 기능 사용 됨]\n'
2026-05-17 04:00:45 mode='word_selection' source_len=4 source_newlines=1 replacement_len=17 replacement_newlines=0 restored_len=18 restored_newlines=1 source_sample='김승현\n' replacement_sample='김승현 [맞춤법 기능 사용 됨]' restored_sample='김승현 [맞춤법 기능 사용 됨]\n'
2026-05-17 04:00:49 mode='word_selection' source_len=4 source_newlines=1 replacement_len=17 replacement_newlines=0 restored_len=18 restored_newlines=1 source_sample='김자원\n' replacement_sample='김자원 [맞춤법 기능 사용 됨]' restored_sample='김자원 [맞춤법 기능 사용 됨]\n'
2026-05-17 04:02:00 mode='word_selection' source_len=4 source_newlines=1 replacement_len=17 replacement_newlines=0 restored_len=18 restored_newlines=1 source_sample='김자원\n' replacement_sample='김자원 [맞춤법 기능 사용 됨]' restored_sample='김자원 [맞춤법 기능 사용 됨]\n'
2026-05-17 04:02:53 mode='word_selection' source_len=4 source_newlines=1 replacement_len=17 replacement_newlines=0 restored_len=18 restored_newlines=1 source_sample='김자원\n' replacement_sample='김자원 [맞춤법 기능 사용 됨]' restored_sample='김자원 [맞춤법 기능 사용 됨]\n'
2026-05-17 10:31:35 mode='word_selection' source_len=4 source_newlines=1 replacement_len=17 replacement_newlines=0 restored_len=18 restored_newlines=1 source_sample='김자원\n' replacement_sample='김자원 [맞춤법 기능 사용 됨]' restored_sample='김자원 [맞춤법 기능 사용 됨]\n'
2026-05-17 12:02:40 mode='word_selection' source_len=4 source_newlines=1 replacement_len=17 replacement_newlines=0 restored_len=18 restored_newlines=1 source_sample='김자원\n' replacement_sample='김자원 [맞춤법 기능 사용 됨]' restored_sample='김자원 [맞춤법 기능 사용 됨]\n'
2026-05-17 12:18:04 mode='word_selection' source_len=4 source_newlines=1 replacement_len=17 replacement_newlines=0 restored_len=18 restored_newlines=1 source_sample='김자원\n' replacement_sample='김자원 [맞춤법 기능 사용 됨]' restored_sample='김자원 [맞춤법 기능 사용 됨]\n'
2026-05-17 12:24:44 mode='word_selection' source_len=4 source_newlines=1 replacement_len=17 replacement_newlines=0 restored_len=18 restored_newlines=1 source_sample='김승현\n' replacement_sample='김승현 [맞춤법 기능 사용 됨]' restored_sample='김승현 [맞춤법 기능 사용 됨]\n'
2026-05-17 12:24:49 mode='word_selection' source_len=4 source_newlines=1 replacement_len=17 replacement_newlines=0 restored_len=18 restored_newlines=1 source_sample='김승현\n' replacement_sample='김승현 [맞춤법 기능 사용 됨]' restored_sample='김승현 [맞춤법 기능 사용 됨]\n'
2026-05-17 12:24:53 mode='word_selection' source_len=4 source_newlines=1 replacement_len=17 replacement_newlines=0 restored_len=18 restored_newlines=1 source_sample='김자원\n' replacement_sample='김자원 [맞춤법 기능 사용 됨]' restored_sample='김자원 [맞춤법 기능 사용 됨]\n'
2026-05-17 12:41:16 mode='word_selection' source_len=4 source_newlines=1 replacement_len=17 replacement_newlines=0 restored_len=18 restored_newlines=1 source_sample='김승현\n' replacement_sample='김승현 [맞춤법 기능 사용 됨]' restored_sample='김승현 [맞춤법 기능 사용 됨]\n'
2026-05-17 12:41:22 mode='word_selection' source_len=4 source_newlines=1 replacement_len=17 replacement_newlines=0 restored_len=18 restored_newlines=1 source_sample='김승현\n' replacement_sample='김승현 [맞춤법 기능 사용 됨]' restored_sample='김승현 [맞춤법 기능 사용 됨]\n'
2026-05-17 12:41:26 mode='word_selection' source_len=4 source_newlines=1 replacement_len=17 replacement_newlines=0 restored_len=18 restored_newlines=1 source_sample='김자원\n' replacement_sample='김자원 [맞춤법 기능 사용 됨]' restored_sample='김자원 [맞춤법 기능 사용 됨]\n'
2026-05-17 12:41:53 mode='word_selection' source_len=3 source_newlines=0 replacement_len=17 replacement_newlines=0 restored_len=17 restored_newlines=0 source_sample='김자원' replacement_sample='김자원 [맞춤법 기능 사용 됨]' restored_sample='김자원 [맞춤법 기능 사용 됨]'
2026-05-17 12:49:26 mode='word_selection' source_len=4 source_newlines=1 replacement_len=17 replacement_newlines=0 restored_len=18 restored_newlines=1 source_sample='김승현\n' replacement_sample='김승현 [맞춤법 기능 사용 됨]' restored_sample='김승현 [맞춤법 기능 사용 됨]\n'
2026-05-17 12:49:30 mode='word_selection' source_len=4 source_newlines=1 replacement_len=17 replacement_newlines=0 restored_len=18 restored_newlines=1 source_sample='김승현\n' replacement_sample='김승현 [맞춤법 기능 사용 됨]' restored_sample='김승현 [맞춤법 기능 사용 됨]\n'
2026-05-17 12:49:34 mode='word_selection' source_len=4 source_newlines=1 replacement_len=17 replacement_newlines=0 restored_len=18 restored_newlines=1 source_sample='김자원\n' replacement_sample='김자원 [맞춤법 기능 사용 됨]' restored_sample='김자원 [맞춤법 기능 사용 됨]\n'
2026-05-17 12:49:43 mode='word_selection' source_len=4 source_newlines=1 replacement_len=17 replacement_newlines=0 restored_len=18 restored_newlines=1 source_sample='김자원\n' replacement_sample='김자원 [맞춤법 기능 사용 됨]' restored_sample='김자원 [맞춤법 기능 사용 됨]\n'
2026-05-17 12:49:49 mode='word_selection' source_len=4 source_newlines=1 replacement_len=17 replacement_newlines=0 restored_len=18 restored_newlines=1 source_sample='김자원\n' replacement_sample='김자원 [맞춤법 기능 사용 됨]' restored_sample='김자원 [맞춤법 기능 사용 됨]\n'
2026-05-17 13:15:54 mode='word_selection' source_len=4 source_newlines=1 replacement_len=17 replacement_newlines=0 restored_len=18 restored_newlines=1 source_sample='김승현\n' replacement_sample='김승현 [맞춤법 기능 사용 됨]' restored_sample='김승현 [맞춤법 기능 사용 됨]\n'
2026-05-17 13:15:58 mode='word_selection' source_len=4 source_newlines=1 replacement_len=17 replacement_newlines=0 restored_len=18 restored_newlines=1 source_sample='김승현\n' replacement_sample='김승현 [맞춤법 기능 사용 됨]' restored_sample='김승현 [맞춤법 기능 사용 됨]\n'
2026-05-17 13:16:01 mode='word_selection' source_len=4 source_newlines=1 replacement_len=17 replacement_newlines=0 restored_len=18 restored_newlines=1 source_sample='김자원\n' replacement_sample='김자원 [맞춤법 기능 사용 됨]' restored_sample='김자원 [맞춤법 기능 사용 됨]\n'
2026-05-17 13:16:06 mode='word_selection' source_len=4 source_newlines=1 replacement_len=17 replacement_newlines=0 restored_len=18 restored_newlines=1 source_sample='김자원\n' replacement_sample='김자원 [맞춤법 기능 사용 됨]' restored_sample='김자원 [맞춤법 기능 사용 됨]\n'
2026-05-17 13:16:10 mode='word_selection' source_len=4 source_newlines=1 replacement_len=17 replacement_newlines=0 restored_len=18 restored_newlines=1 source_sample='김자원\n' replacement_sample='김자원 [맞춤법 기능 사용 됨]' restored_sample='김자원 [맞춤법 기능 사용 됨]\n'
2026-05-17 13:16:37 mode='word_selection' source_len=4 source_newlines=1 replacement_len=17 replacement_newlines=0 restored_len=18 restored_newlines=1 source_sample='김자원\n' replacement_sample='김자원 [맞춤법 기능 사용 됨]' restored_sample='김자원 [맞춤법 기능 사용 됨]\n'
2026-05-17 13:42:48 mode='notepad_selection' source_len=5 source_newlines=0 replacement_len=19 replacement_newlines=0 restored_len=19 restored_newlines=0 source_sample='안녕하세요' replacement_sample='안녕하세요 [맞춤법 기능 사용 됨]' restored_sample='안녕하세요 [맞춤법 기능 사용 됨]'
2026-05-17 13:43:04 mode='notepad_selection' source_len=6 source_newlines=0 replacement_len=20 replacement_newlines=0 restored_len=20 restored_newlines=0 source_sample='다시 만나요' replacement_sample='다시 만나요 [맞춤법 기능 사용 됨]' restored_sample='다시 만나요 [맞춤법 기능 사용 됨]'
2026-05-17 18:16:05 mode='notepad_selection' source_len=5 source_newlines=0 replacement_len=19 replacement_newlines=0 restored_len=19 restored_newlines=0 source_sample='안녕하세요' replacement_sample='안녕하세요 [맞춤법 기능 사용 됨]' restored_sample='안녕하세요 [맞춤법 기능 사용 됨]'
2026-05-17 18:32:28 mode='notepad_selection' source_len=4 source_newlines=0 replacement_len=18 replacement_newlines=0 restored_len=18 restored_newlines=0 source_sample='반가워요' replacement_sample='반가워요 [맞춤법 기능 사용 됨]' restored_sample='반가워요 [맞춤법 기능 사용 됨]'
2026-05-18 02:03:57 mode='word_selection' source_len=4 source_newlines=1 replacement_len=17 replacement_newlines=0 restored_len=18 restored_newlines=1 source_sample='김승현\n' replacement_sample='김승현 [맞춤법 기능 사용 됨]' restored_sample='김승현 [맞춤법 기능 사용 됨]\n'
2026-05-18 02:04:04 mode='word_selection' source_len=4 source_newlines=1 replacement_len=17 replacement_newlines=0 restored_len=18 restored_newlines=1 source_sample='김자원\n' replacement_sample='김자원 [맞춤법 기능 사용 됨]' restored_sample='김자원 [맞춤법 기능 사용 됨]\n'
2026-05-18 02:04:16 mode='word_selection' source_len=4 source_newlines=1 replacement_len=17 replacement_newlines=0 restored_len=18 restored_newlines=1 source_sample='김자원\n' replacement_sample='김자원 [맞춤법 기능 사용 됨]' restored_sample='김자원 [맞춤법 기능 사용 됨]\n'
2026-05-18 02:16:47 mode='word_selection' source_len=4 source_newlines=1 replacement_len=17 replacement_newlines=0 restored_len=18 restored_newlines=1 source_sample='김승현\n' replacement_sample='김승현 [맞춤법 기능 사용 됨]' restored_sample='김승현 [맞춤법 기능 사용 됨]\n'
2026-05-18 02:16:57 mode='word_selection' source_len=4 source_newlines=1 replacement_len=17 replacement_newlines=0 restored_len=18 restored_newlines=1 source_sample='김승현\n' replacement_sample='김승현 [맞춤법 기능 사용 됨]' restored_sample='김승현 [맞춤법 기능 사용 됨]\n'
2026-05-18 02:17:06 mode='word_selection' source_len=4 source_newlines=1 replacement_len=17 replacement_newlines=0 restored_len=18 restored_newlines=1 source_sample='김자원\n' replacement_sample='김자원 [맞춤법 기능 사용 됨]' restored_sample='김자원 [맞춤법 기능 사용 됨]\n'
2026-05-18 02:17:28 mode='word_selection' source_len=4 source_newlines=1 replacement_len=17 replacement_newlines=0 restored_len=18 restored_newlines=1 source_sample='김자원\n' replacement_sample='김자원 [맞춤법 기능 사용 됨]' restored_sample='김자원 [맞춤법 기능 사용 됨]\n'
2026-05-18 02:27:17 mode='word_selection' source_len=4 source_newlines=1 replacement_len=17 replacement_newlines=0 restored_len=18 restored_newlines=1 source_sample='김승현\n' replacement_sample='김승현 [맞춤법 기능 사용 됨]' restored_sample='김승현 [맞춤법 기능 사용 됨]\n'
2026-05-18 02:27:28 mode='word_selection' source_len=4 source_newlines=1 replacement_len=17 replacement_newlines=0 restored_len=18 restored_newlines=1 source_sample='김승현\n' replacement_sample='김승현 [맞춤법 기능 사용 됨]' restored_sample='김승현 [맞춤법 기능 사용 됨]\n'
2026-05-18 02:27:36 mode='word_selection' source_len=4 source_newlines=1 replacement_len=17 replacement_newlines=0 restored_len=18 restored_newlines=1 source_sample='김자원\n' replacement_sample='김자원 [맞춤법 기능 사용 됨]' restored_sample='김자원 [맞춤법 기능 사용 됨]\n'
2026-05-18 02:27:52 mode='word_selection' source_len=4 source_newlines=1 replacement_len=17 replacement_newlines=0 restored_len=18 restored_newlines=1 source_sample='김자원\n' replacement_sample='김자원 [맞춤법 기능 사용 됨]' restored_sample='김자원 [맞춤법 기능 사용 됨]\n'
2026-05-18 02:28:03 mode='word_selection' source_len=4 source_newlines=1 replacement_len=17 replacement_newlines=0 restored_len=18 restored_newlines=1 source_sample='김자원\n' replacement_sample='김자원 [맞춤법 기능 사용 됨]' restored_sample='김자원 [맞춤법 기능 사용 됨]\n'
2026-05-18 02:32:20 mode='word_selection' source_len=4 source_newlines=1 replacement_len=17 replacement_newlines=0 restored_len=18 restored_newlines=1 source_sample='김승현\n' replacement_sample='김승현 [맞춤법 기능 사용 됨]' restored_sample='김승현 [맞춤법 기능 사용 됨]\n'
2026-05-18 02:32:30 mode='word_selection' source_len=4 source_newlines=1 replacement_len=17 replacement_newlines=0 restored_len=18 restored_newlines=1 source_sample='김승현\n' replacement_sample='김승현 [맞춤법 기능 사용 됨]' restored_sample='김승현 [맞춤법 기능 사용 됨]\n'
2026-05-18 02:32:35 mode='word_selection' source_len=4 source_newlines=1 replacement_len=17 replacement_newlines=0 restored_len=18 restored_newlines=1 source_sample='김자원\n' replacement_sample='김자원 [맞춤법 기능 사용 됨]' restored_sample='김자원 [맞춤법 기능 사용 됨]\n'
2026-05-18 02:32:45 mode='word_selection' source_len=4 source_newlines=1 replacement_len=17 replacement_newlines=0 restored_len=18 restored_newlines=1 source_sample='김자원\n' replacement_sample='김자원 [맞춤법 기능 사용 됨]' restored_sample='김자원 [맞춤법 기능 사용 됨]\n'
2026-05-18 02:32:51 mode='word_selection' source_len=4 source_newlines=1 replacement_len=17 replacement_newlines=0 restored_len=18 restored_newlines=1 source_sample='김자원\n' replacement_sample='김자원 [맞춤법 기능 사용 됨]' restored_sample='김자원 [맞춤법 기능 사용 됨]\n'
2026-05-18 02:42:53 mode='word_selection' source_len=4 source_newlines=1 replacement_len=17 replacement_newlines=0 restored_len=18 restored_newlines=1 source_sample='김승현\n' replacement_sample='김승현 [맞춤법 기능 사용 됨]' restored_sample='김승현 [맞춤법 기능 사용 됨]\n'
2026-05-18 02:42:59 mode='word_selection' source_len=4 source_newlines=1 replacement_len=17 replacement_newlines=0 restored_len=18 restored_newlines=1 source_sample='김승현\n' replacement_sample='김승현 [맞춤법 기능 사용 됨]' restored_sample='김승현 [맞춤법 기능 사용 됨]\n'
2026-05-18 02:43:04 mode='word_selection' source_len=4 source_newlines=1 replacement_len=17 replacement_newlines=0 restored_len=18 restored_newlines=1 source_sample='김자원\n' replacement_sample='김자원 [맞춤법 기능 사용 됨]' restored_sample='김자원 [맞춤법 기능 사용 됨]\n'
2026-05-18 02:43:11 mode='word_selection' source_len=4 source_newlines=1 replacement_len=17 replacement_newlines=0 restored_len=18 restored_newlines=1 source_sample='김자원\n' replacement_sample='김자원 [맞춤법 기능 사용 됨]' restored_sample='김자원 [맞춤법 기능 사용 됨]\n'
2026-05-18 02:43:21 mode='word_selection' source_len=4 source_newlines=1 replacement_len=17 replacement_newlines=0 restored_len=18 restored_newlines=1 source_sample='김자원\n' replacement_sample='김자원 [맞춤법 기능 사용 됨]' restored_sample='김자원 [맞춤법 기능 사용 됨]\n'
2026-05-18 02:52:52 mode='word_selection' source_len=4 source_newlines=1 replacement_len=17 replacement_newlines=0 restored_len=18 restored_newlines=1 source_sample='김승현\n' replacement_sample='김승현 [맞춤법 기능 사용 됨]' restored_sample='김승현 [맞춤법 기능 사용 됨]\n'
2026-05-18 02:52:58 mode='word_selection' source_len=4 source_newlines=1 replacement_len=17 replacement_newlines=0 restored_len=18 restored_newlines=1 source_sample='김승현\n' replacement_sample='김승현 [맞춤법 기능 사용 됨]' restored_sample='김승현 [맞춤법 기능 사용 됨]\n'
2026-05-18 02:53:03 mode='word_selection' source_len=4 source_newlines=1 replacement_len=17 replacement_newlines=0 restored_len=18 restored_newlines=1 source_sample='김자원\n' replacement_sample='김자원 [맞춤법 기능 사용 됨]' restored_sample='김자원 [맞춤법 기능 사용 됨]\n'
2026-05-18 02:53:14 mode='word_selection' source_len=4 source_newlines=1 replacement_len=17 replacement_newlines=0 restored_len=18 restored_newlines=1 source_sample='김자원\n' replacement_sample='김자원 [맞춤법 기능 사용 됨]' restored_sample='김자원 [맞춤법 기능 사용 됨]\n'
2026-05-18 02:53:20 mode='word_selection' source_len=4 source_newlines=1 replacement_len=17 replacement_newlines=0 restored_len=18 restored_newlines=1 source_sample='김자원\n' replacement_sample='김자원 [맞춤법 기능 사용 됨]' restored_sample='김자원 [맞춤법 기능 사용 됨]\n'
2026-05-18 03:01:16 mode='word_selection' source_len=4 source_newlines=1 replacement_len=17 replacement_newlines=0 restored_len=18 restored_newlines=1 source_sample='김승현\n' replacement_sample='김승현 [맞춤법 기능 사용 됨]' restored_sample='김승현 [맞춤법 기능 사용 됨]\n'
2026-05-18 03:01:26 mode='word_selection' source_len=4 source_newlines=1 replacement_len=17 replacement_newlines=0 restored_len=18 restored_newlines=1 source_sample='김승현\n' replacement_sample='김승현 [맞춤법 기능 사용 됨]' restored_sample='김승현 [맞춤법 기능 사용 됨]\n'
2026-05-18 03:01:30 mode='word_selection' source_len=4 source_newlines=1 replacement_len=17 replacement_newlines=0 restored_len=18 restored_newlines=1 source_sample='김자원\n' replacement_sample='김자원 [맞춤법 기능 사용 됨]' restored_sample='김자원 [맞춤법 기능 사용 됨]\n'
2026-05-18 03:01:37 mode='word_selection' source_len=4 source_newlines=1 replacement_len=17 replacement_newlines=0 restored_len=18 restored_newlines=1 source_sample='김자원\n' replacement_sample='김자원 [맞춤법 기능 사용 됨]' restored_sample='김자원 [맞춤법 기능 사용 됨]\n'
2026-05-18 03:01:46 mode='word_selection' source_len=4 source_newlines=1 replacement_len=17 replacement_newlines=0 restored_len=18 restored_newlines=1 source_sample='김자원\n' replacement_sample='김자원 [맞춤법 기능 사용 됨]' restored_sample='김자원 [맞춤법 기능 사용 됨]\n'
2026-05-18 03:06:56 mode='word_selection' source_len=4 source_newlines=1 replacement_len=17 replacement_newlines=0 restored_len=18 restored_newlines=1 source_sample='김승현\n' replacement_sample='김승현 [맞춤법 기능 사용 됨]' restored_sample='김승현 [맞춤법 기능 사용 됨]\n'
2026-05-18 03:07:04 mode='word_selection' source_len=4 source_newlines=1 replacement_len=17 replacement_newlines=0 restored_len=18 restored_newlines=1 source_sample='김승현\n' replacement_sample='김승현 [맞춤법 기능 사용 됨]' restored_sample='김승현 [맞춤법 기능 사용 됨]\n'
2026-05-18 03:07:09 mode='word_selection' source_len=2 source_newlines=0 replacement_len=16 replacement_newlines=0 restored_len=16 restored_newlines=0 source_sample='자원' replacement_sample='자원 [맞춤법 기능 사용 됨]' restored_sample='자원 [맞춤법 기능 사용 됨]'
2026-05-18 03:07:13 mode='word_selection' source_len=4 source_newlines=1 replacement_len=17 replacement_newlines=0 restored_len=18 restored_newlines=1 source_sample='김자원\n' replacement_sample='김자원 [맞춤법 기능 사용 됨]' restored_sample='김자원 [맞춤법 기능 사용 됨]\n'
2026-05-18 03:07:24 mode='word_selection' source_len=4 source_newlines=1 replacement_len=17 replacement_newlines=0 restored_len=18 restored_newlines=1 source_sample='김자원\n' replacement_sample='김자원 [맞춤법 기능 사용 됨]' restored_sample='김자원 [맞춤법 기능 사용 됨]\n'
2026-05-18 03:07:33 mode='word_selection' source_len=4 source_newlines=1 replacement_len=17 replacement_newlines=0 restored_len=18 restored_newlines=1 source_sample='김자원\n' replacement_sample='김자원 [맞춤법 기능 사용 됨]' restored_sample='김자원 [맞춤법 기능 사용 됨]\n'
2026-05-18 03:11:07 mode='word_selection' source_len=4 source_newlines=1 replacement_len=17 replacement_newlines=0 restored_len=18 restored_newlines=1 source_sample='김승현\n' replacement_sample='김승현 [맞춤법 기능 사용 됨]' restored_sample='김승현 [맞춤법 기능 사용 됨]\n'
2026-05-18 03:11:12 mode='word_selection' source_len=4 source_newlines=1 replacement_len=17 replacement_newlines=0 restored_len=18 restored_newlines=1 source_sample='김승현\n' replacement_sample='김승현 [맞춤법 기능 사용 됨]' restored_sample='김승현 [맞춤법 기능 사용 됨]\n'
2026-05-18 03:11:18 mode='word_selection' source_len=3 source_newlines=0 replacement_len=17 replacement_newlines=0 restored_len=17 restored_newlines=0 source_sample='김자원' replacement_sample='김자원 [맞춤법 기능 사용 됨]' restored_sample='김자원 [맞춤법 기능 사용 됨]'
2026-05-18 03:11:24 mode='word_selection' source_len=4 source_newlines=1 replacement_len=17 replacement_newlines=0 restored_len=18 restored_newlines=1 source_sample='김자원\n' replacement_sample='김자원 [맞춤법 기능 사용 됨]' restored_sample='김자원 [맞춤법 기능 사용 됨]\n'
2026-05-18 03:11:37 mode='word_selection' source_len=4 source_newlines=1 replacement_len=17 replacement_newlines=0 restored_len=18 restored_newlines=1 source_sample='김자원\n' replacement_sample='김자원 [맞춤법 기능 사용 됨]' restored_sample='김자원 [맞춤법 기능 사용 됨]\n'
2026-05-18 03:20:10 mode='word_selection' source_len=4 source_newlines=1 replacement_len=17 replacement_newlines=0 restored_len=18 restored_newlines=1 source_sample='김승현\n' replacement_sample='김승현 [맞춤법 기능 사용 됨]' restored_sample='김승현 [맞춤법 기능 사용 됨]\n'
2026-05-18 03:20:16 mode='word_selection' source_len=3 source_newlines=0 replacement_len=17 replacement_newlines=0 restored_len=17 restored_newlines=0 source_sample='김승현' replacement_sample='김승현 [맞춤법 기능 사용 됨]' restored_sample='김승현 [맞춤법 기능 사용 됨]'
2026-05-18 03:20:21 mode='word_selection' source_len=4 source_newlines=1 replacement_len=17 replacement_newlines=0 restored_len=18 restored_newlines=1 source_sample='김자원\n' replacement_sample='김자원 [맞춤법 기능 사용 됨]' restored_sample='김자원 [맞춤법 기능 사용 됨]\n'
2026-05-18 03:20:28 mode='word_selection' source_len=4 source_newlines=1 replacement_len=17 replacement_newlines=0 restored_len=18 restored_newlines=1 source_sample='김자원\n' replacement_sample='김자원 [맞춤법 기능 사용 됨]' restored_sample='김자원 [맞춤법 기능 사용 됨]\n'
2026-05-18 03:20:36 mode='word_selection' source_len=3 source_newlines=0 replacement_len=17 replacement_newlines=0 restored_len=17 restored_newlines=0 source_sample='김자원' replacement_sample='김자원 [맞춤법 기능 사용 됨]' restored_sample='김자원 [맞춤법 기능 사용 됨]'
2026-05-18 03:20:49 mode='word_selection' source_len=4 source_newlines=1 replacement_len=17 replacement_newlines=0 restored_len=18 restored_newlines=1 source_sample='김자원\n' replacement_sample='김자원 [맞춤법 기능 사용 됨]' restored_sample='김자원 [맞춤법 기능 사용 됨]\n'
2026-05-18 10:03:26 mode='word_selection' source_len=4 source_newlines=1 replacement_len=17 replacement_newlines=0 restored_len=18 restored_newlines=1 source_sample='김승현\n' replacement_sample='김승현 [맞춤법 기능 사용 됨]' restored_sample='김승현 [맞춤법 기능 사용 됨]\n'
2026-05-18 10:03:43 mode='word_selection' source_len=4 source_newlines=1 replacement_len=17 replacement_newlines=0 restored_len=18 restored_newlines=1 source_sample='김승현\n' replacement_sample='김승현 [맞춤법 기능 사용 됨]' restored_sample='김승현 [맞춤법 기능 사용 됨]\n'
2026-05-18 10:03:53 mode='word_selection' source_len=3 source_newlines=0 replacement_len=17 replacement_newlines=0 restored_len=17 restored_newlines=0 source_sample='김자원' replacement_sample='김자원 [맞춤법 기능 사용 됨]' restored_sample='김자원 [맞춤법 기능 사용 됨]'
2026-05-18 10:04:04 mode='word_selection' source_len=3 source_newlines=0 replacement_len=17 replacement_newlines=0 restored_len=17 restored_newlines=0 source_sample='김자원' replacement_sample='김자원 [맞춤법 기능 사용 됨]' restored_sample='김자원 [맞춤법 기능 사용 됨]'
2026-05-18 10:04:18 mode='word_selection' source_len=3 source_newlines=0 replacement_len=17 replacement_newlines=0 restored_len=17 restored_newlines=0 source_sample='김자원' replacement_sample='김자원 [맞춤법 기능 사용 됨]' restored_sample='김자원 [맞춤법 기능 사용 됨]'
2026-05-18 10:11:36 mode='word_selection' source_len=4 source_newlines=1 replacement_len=17 replacement_newlines=0 restored_len=18 restored_newlines=1 source_sample='김승현\n' replacement_sample='김승현 [맞춤법 기능 사용 됨]' restored_sample='김승현 [맞춤법 기능 사용 됨]\n'
2026-05-18 10:11:52 mode='word_selection' source_len=18 source_newlines=1 replacement_len=17 replacement_newlines=0 restored_len=18 restored_newlines=1 source_sample='김승현 [맞춤법 기능 사용 됨]\n' replacement_sample='김승현 [맞춤법 기능 사용 됨]' restored_sample='김승현 [맞춤법 기능 사용 됨]\n'
2026-05-18 10:11:56 mode='word_selection' source_len=4 source_newlines=1 replacement_len=17 replacement_newlines=0 restored_len=18 restored_newlines=1 source_sample='김승현\n' replacement_sample='김승현 [맞춤법 기능 사용 됨]' restored_sample='김승현 [맞춤법 기능 사용 됨]\n'
2026-05-18 10:12:15 mode='word_selection' source_len=1 source_newlines=0 replacement_len=15 replacement_newlines=0 restored_len=15 restored_newlines=0 source_sample='원' replacement_sample='원 [맞춤법 기능 사용 됨]' restored_sample='원 [맞춤법 기능 사용 됨]'
2026-05-18 10:12:20 mode='word_selection' source_len=3 source_newlines=0 replacement_len=17 replacement_newlines=0 restored_len=17 restored_newlines=0 source_sample='김자원' replacement_sample='김자원 [맞춤법 기능 사용 됨]' restored_sample='김자원 [맞춤법 기능 사용 됨]'
2026-05-18 10:19:50 mode='word_selection' source_len=4 source_newlines=1 replacement_len=17 replacement_newlines=0 restored_len=18 restored_newlines=1 source_sample='김승현\n' replacement_sample='김승현 [맞춤법 기능 사용 됨]' restored_sample='김승현 [맞춤법 기능 사용 됨]\n'
2026-05-18 10:20:03 mode='word_selection' source_len=3 source_newlines=0 replacement_len=17 replacement_newlines=0 restored_len=17 restored_newlines=0 source_sample='김승현' replacement_sample='김승현 [맞춤법 기능 사용 됨]' restored_sample='김승현 [맞춤법 기능 사용 됨]'
2026-05-18 10:20:24 mode='word_selection' source_len=4 source_newlines=1 replacement_len=17 replacement_newlines=0 restored_len=18 restored_newlines=1 source_sample='김자원\n' replacement_sample='김자원 [맞춤법 기능 사용 됨]' restored_sample='김자원 [맞춤법 기능 사용 됨]\n'
2026-05-18 10:20:39 mode='word_selection' source_len=3 source_newlines=0 replacement_len=17 replacement_newlines=0 restored_len=17 restored_newlines=0 source_sample='김자원' replacement_sample='김자원 [맞춤법 기능 사용 됨]' restored_sample='김자원 [맞춤법 기능 사용 됨]'
2026-05-18 10:20:57 mode='word_selection' source_len=4 source_newlines=1 replacement_len=17 replacement_newlines=0 restored_len=18 restored_newlines=1 source_sample='김자원\n' replacement_sample='김자원 [맞춤법 기능 사용 됨]' restored_sample='김자원 [맞춤법 기능 사용 됨]\n'
2026-05-18 10:22:16 mode='word_selection' source_len=9 source_newlines=3 replacement_len=22 replacement_newlines=2 restored_len=23 restored_newlines=3 source_sample='김승현\n\n김승현\n' replacement_sample='김승현\n\n김승현 [맞춤법 기능 사용 됨]' restored_sample='김승현\n\n김승현 [맞춤법 기능 사용 됨]\n'
2026-05-18 10:22:29 mode='word_selection' source_len=9 source_newlines=3 replacement_len=22 replacement_newlines=2 restored_len=23 restored_newlines=3 source_sample='김자원\n\n김자원\n' replacement_sample='김자원\n\n김자원 [맞춤법 기능 사용 됨]' restored_sample='김자원\n\n김자원 [맞춤법 기능 사용 됨]\n'
2026-05-18 10:25:23 mode='notepad_selection' source_len=5 source_newlines=0 replacement_len=19 replacement_newlines=0 restored_len=19 restored_newlines=0 source_sample='안녕하세요' replacement_sample='안녕하세요 [맞춤법 기능 사용 됨]' restored_sample='안녕하세요 [맞춤법 기능 사용 됨]'
2026-05-18 14:02:51 mode='word_selection' source_len=4 source_newlines=1 replacement_len=17 replacement_newlines=0 restored_len=18 restored_newlines=1 source_sample='김승현\n' replacement_sample='김승현 [맞춤법 기능 사용 됨]' restored_sample='김승현 [맞춤법 기능 사용 됨]\n'
2026-05-18 14:18:36 mode='notepad_selection' source_len=5 source_newlines=0 replacement_len=19 replacement_newlines=0 restored_len=19 restored_newlines=0 source_sample='안녕하세요' replacement_sample='안녕하세요 [맞춤법 기능 사용 됨]' restored_sample='안녕하세요 [맞춤법 기능 사용 됨]'
2026-05-18 14:18:54 mode='word_selection' source_len=4 source_newlines=1 replacement_len=17 replacement_newlines=0 restored_len=18 restored_newlines=1 source_sample='김승현\n' replacement_sample='김승현 [맞춤법 기능 사용 됨]' restored_sample='김승현 [맞춤법 기능 사용 됨]\n'
2026-05-18 14:21:14 mode='word_selection' source_len=18 source_newlines=1 replacement_len=17 replacement_newlines=0 restored_len=18 restored_newlines=1 source_sample='김승현 [맞춤법 기능 사용 됨]\n' replacement_sample='김승현 [맞춤법 기능 사용 됨]' restored_sample='김승현 [맞춤법 기능 사용 됨]\n'
2026-05-18 14:21:23 mode='word_selection' source_len=4 source_newlines=1 replacement_len=17 replacement_newlines=0 restored_len=18 restored_newlines=1 source_sample='김승현\n' replacement_sample='김승현 [맞춤법 기능 사용 됨]' restored_sample='김승현 [맞춤법 기능 사용 됨]\n'
2026-05-18 14:21:35 mode='word_selection' source_len=4 source_newlines=1 replacement_len=17 replacement_newlines=0 restored_len=18 restored_newlines=1 source_sample='김승현\n' replacement_sample='김승현 [맞춤법 기능 사용 됨]' restored_sample='김승현 [맞춤법 기능 사용 됨]\n'
2026-05-18 14:21:40 mode='word_selection' source_len=18 source_newlines=1 replacement_len=17 replacement_newlines=0 restored_len=18 restored_newlines=1 source_sample='김승현 [맞춤법 기능 사용 됨]\n' replacement_sample='김승현 [맞춤법 기능 사용 됨]' restored_sample='김승현 [맞춤법 기능 사용 됨]\n'
2026-05-18 14:22:41 mode='word_selection' source_len=4 source_newlines=1 replacement_len=17 replacement_newlines=0 restored_len=18 restored_newlines=1 source_sample='김자원\n' replacement_sample='김자원 [맞춤법 기능 사용 됨]' restored_sample='김자원 [맞춤법 기능 사용 됨]\n'
2026-05-18 14:29:54 mode='word_selection' source_len=4 source_newlines=1 replacement_len=17 replacement_newlines=0 restored_len=18 restored_newlines=1 source_sample='김승현\n' replacement_sample='김승현 [맞춤법 기능 사용 됨]' restored_sample='김승현 [맞춤법 기능 사용 됨]\n'
2026-05-18 14:30:05 mode='word_selection' source_len=4 source_newlines=1 replacement_len=17 replacement_newlines=0 restored_len=18 restored_newlines=1 source_sample='김승현\n' replacement_sample='김승현 [맞춤법 기능 사용 됨]' restored_sample='김승현 [맞춤법 기능 사용 됨]\n'
2026-05-18 14:30:15 mode='word_selection' source_len=3 source_newlines=0 replacement_len=17 replacement_newlines=0 restored_len=17 restored_newlines=0 source_sample='김자원' replacement_sample='김자원 [맞춤법 기능 사용 됨]' restored_sample='김자원 [맞춤법 기능 사용 됨]'
2026-05-18 14:30:27 mode='word_selection' source_len=4 source_newlines=1 replacement_len=17 replacement_newlines=0 restored_len=18 restored_newlines=1 source_sample='김자원\n' replacement_sample='김자원 [맞춤법 기능 사용 됨]' restored_sample='김자원 [맞춤법 기능 사용 됨]\n'
2026-05-18 14:30:38 mode='word_selection' source_len=4 source_newlines=1 replacement_len=17 replacement_newlines=0 restored_len=18 restored_newlines=1 source_sample='김자원\n' replacement_sample='김자원 [맞춤법 기능 사용 됨]' restored_sample='김자원 [맞춤법 기능 사용 됨]\n'
2026-05-18 14:31:02 mode='word_selection' source_len=24 source_newlines=9 replacement_len=37 replacement_newlines=8 restored_len=38 restored_newlines=9 source_sample='김승현\n\n김승현\n\n김자원\n\n김자원\n\n김자원\n' replacement_sample='김승현\n\n김승현\n\n김자원\n\n김자원\n\n김자원 [맞춤법 기능 사용 됨]' restored_sample='김승현\n\n김승현\n\n김자원\n\n김자원\n\n김자원 [맞춤법 기능 사용 됨]\n'
2026-05-18 14:31:30 mode='notepad_selection' source_len=5 source_newlines=0 replacement_len=19 replacement_newlines=0 restored_len=19 restored_newlines=0 source_sample='안녕하세요' replacement_sample='안녕하세요 [맞춤법 기능 사용 됨]' restored_sample='안녕하세요 [맞춤법 기능 사용 됨]'
2026-05-18 14:31:39 mode='notepad_selection' source_len=6 source_newlines=0 replacement_len=20 replacement_newlines=0 restored_len=20 restored_newlines=0 source_sample='다시 만나요' replacement_sample='다시 만나요 [맞춤법 기능 사용 됨]' restored_sample='다시 만나요 [맞춤법 기능 사용 됨]'
2026-05-18 14:49:36 mode='word_selection' source_len=4 source_newlines=1 replacement_len=17 replacement_newlines=0 restored_len=18 restored_newlines=1 source_sample='김승현\n' replacement_sample='김승현 [맞춤법 기능 사용 됨]' restored_sample='김승현 [맞춤법 기능 사용 됨]\n'
2026-05-18 14:49:44 mode='word_selection' source_len=4 source_newlines=1 replacement_len=17 replacement_newlines=0 restored_len=18 restored_newlines=1 source_sample='김승현\n' replacement_sample='김승현 [맞춤법 기능 사용 됨]' restored_sample='김승현 [맞춤법 기능 사용 됨]\n'
2026-05-18 14:49:52 mode='word_selection' source_len=4 source_newlines=1 replacement_len=17 replacement_newlines=0 restored_len=18 restored_newlines=1 source_sample='김자원\n' replacement_sample='김자원 [맞춤법 기능 사용 됨]' restored_sample='김자원 [맞춤법 기능 사용 됨]\n'
2026-05-18 14:50:04 mode='word_selection' source_len=3 source_newlines=0 replacement_len=17 replacement_newlines=0 restored_len=17 restored_newlines=0 source_sample='김자원' replacement_sample='김자원 [맞춤법 기능 사용 됨]' restored_sample='김자원 [맞춤법 기능 사용 됨]'
2026-05-18 14:50:15 mode='word_selection' source_len=4 source_newlines=1 replacement_len=17 replacement_newlines=0 restored_len=18 restored_newlines=1 source_sample='김자원\n' replacement_sample='김자원 [맞춤법 기능 사용 됨]' restored_sample='김자원 [맞춤법 기능 사용 됨]\n'
2026-05-18 14:50:26 mode='notepad_selection' source_len=5 source_newlines=0 replacement_len=19 replacement_newlines=0 restored_len=19 restored_newlines=0 source_sample='안녕하세요' replacement_sample='안녕하세요 [맞춤법 기능 사용 됨]' restored_sample='안녕하세요 [맞춤법 기능 사용 됨]'
2026-05-18 14:50:36 mode='notepad_selection' source_len=4 source_newlines=0 replacement_len=18 replacement_newlines=0 restored_len=18 restored_newlines=0 source_sample='반가워요' replacement_sample='반가워요 [맞춤법 기능 사용 됨]' restored_sample='반가워요 [맞춤법 기능 사용 됨]'
2026-05-18 15:00:23 mode='word_selection' source_len=4 source_newlines=1 replacement_len=17 replacement_newlines=0 restored_len=18 restored_newlines=1 source_sample='김승현\n' replacement_sample='김승현 [맞춤법 기능 사용 됨]' restored_sample='김승현 [맞춤법 기능 사용 됨]\n'
2026-05-18 15:29:56 mode='word_selection' source_len=4 source_newlines=1 replacement_len=23 replacement_newlines=0 restored_len=24 restored_newlines=1 source_sample='김승현\n' replacement_sample='테스트 응답입니다. [교정 기능 사용 됨]' restored_sample='테스트 응답입니다. [교정 기능 사용 됨]\n'
2026-05-18 15:32:58 mode='word_selection' source_len=4 source_newlines=1 replacement_len=16 replacement_newlines=0 restored_len=17 restored_newlines=1 source_sample='김승현\n' replacement_sample='김승현 [교정 기능 사용 됨]' restored_sample='김승현 [교정 기능 사용 됨]\n'
2026-05-18 15:33:04 mode='word_selection' source_len=4 source_newlines=1 replacement_len=16 replacement_newlines=0 restored_len=17 restored_newlines=1 source_sample='김승현\n' replacement_sample='김승현 [교정 기능 사용 됨]' restored_sample='김승현 [교정 기능 사용 됨]\n'
2026-05-18 15:33:11 mode='word_selection' source_len=4 source_newlines=1 replacement_len=16 replacement_newlines=0 restored_len=17 restored_newlines=1 source_sample='김자원\n' replacement_sample='김자원 [교정 기능 사용 됨]' restored_sample='김자원 [교정 기능 사용 됨]\n'
2026-05-18 15:33:21 mode='word_selection' source_len=4 source_newlines=1 replacement_len=16 replacement_newlines=0 restored_len=17 restored_newlines=1 source_sample='김자원\n' replacement_sample='김자원 [교정 기능 사용 됨]' restored_sample='김자원 [교정 기능 사용 됨]\n'
2026-05-18 15:33:30 mode='word_selection' source_len=4 source_newlines=1 replacement_len=16 replacement_newlines=0 restored_len=17 restored_newlines=1 source_sample='김자원\n' replacement_sample='김자원 [교정 기능 사용 됨]' restored_sample='김자원 [교정 기능 사용 됨]\n'
2026-05-18 15:35:00 mode='notepad_selection' source_len=5 source_newlines=0 replacement_len=18 replacement_newlines=0 restored_len=18 restored_newlines=0 source_sample='안녕하세요' replacement_sample='안녕하세요 [교정 기능 사용 됨]' restored_sample='안녕하세요 [교정 기능 사용 됨]'
2026-05-18 15:35:21 mode='notepad_selection' source_len=5 source_newlines=0 replacement_len=18 replacement_newlines=0 restored_len=18 restored_newlines=0 source_sample='안녕하세요' replacement_sample='안녕하세요 [교정 기능 사용 됨]' restored_sample='안녕하세요 [교정 기능 사용 됨]'
2026-05-18 15:45:19 mode='word_selection' source_len=4 source_newlines=1 replacement_len=16 replacement_newlines=0 restored_len=17 restored_newlines=1 source_sample='김승현\n' replacement_sample='김승현 [문체 기능 사용 됨]' restored_sample='김승현 [문체 기능 사용 됨]\n'
2026-05-18 15:45:40 mode='word_selection' source_len=4 source_newlines=1 replacement_len=16 replacement_newlines=0 restored_len=17 restored_newlines=1 source_sample='김승현\n' replacement_sample='김승현 [문체 기능 사용 됨]' restored_sample='김승현 [문체 기능 사용 됨]\n'
2026-05-18 15:46:10 mode='word_selection' source_len=9 source_newlines=3 replacement_len=21 replacement_newlines=2 restored_len=22 restored_newlines=3 source_sample='김자원\n\n김자원\n' replacement_sample='김자원\n\n김자원 [문체 기능 사용 됨]' restored_sample='김자원\n\n김자원 [문체 기능 사용 됨]\n'
2026-05-18 15:46:53 mode='notepad_selection' source_len=10 source_newlines=0 replacement_len=23 replacement_newlines=0 restored_len=23 restored_newlines=0 source_sample='안녕하세요 반가워요' replacement_sample='안녕하세요 반가워요 [문체 기능 사용 됨]' restored_sample='안녕하세요 반가워요 [문체 기능 사용 됨]'
2026-05-18 15:47:07 mode='notepad_selection' source_len=10 source_newlines=0 replacement_len=23 replacement_newlines=0 restored_len=23 restored_newlines=0 source_sample='안녕하세요 반가워요' replacement_sample='안녕하세요 반가워요 [교정 기능 사용 됨]' restored_sample='안녕하세요 반가워요 [교정 기능 사용 됨]'
2026-05-18 15:56:14 mode='word_selection' source_len=4 source_newlines=1 replacement_len=16 replacement_newlines=0 restored_len=17 restored_newlines=1 source_sample='김자원\n' replacement_sample='김자원 [문체 기능 사용 됨]' restored_sample='김자원 [문체 기능 사용 됨]\n'
2026-05-18 15:56:36 mode='word_selection' source_len=3 source_newlines=0 replacement_len=16 replacement_newlines=0 restored_len=16 restored_newlines=0 source_sample='김자원' replacement_sample='김자원 [문체 기능 사용 됨]' restored_sample='김자원 [문체 기능 사용 됨]'
2026-05-18 15:57:52 mode='notepad_selection' source_len=10 source_newlines=0 replacement_len=23 replacement_newlines=0 restored_len=23 restored_newlines=0 source_sample='안녕하세요 반가워요' replacement_sample='안녕하세요 반가워요 [문체 기능 사용 됨]' restored_sample='안녕하세요 반가워요 [문체 기능 사용 됨]'
2026-05-18 16:07:11 mode='word_selection' source_len=4 source_newlines=1 replacement_len=16 replacement_newlines=0 restored_len=17 restored_newlines=1 source_sample='김승현\n' replacement_sample='김승현 [교정 기능 사용 됨]' restored_sample='김승현 [교정 기능 사용 됨]\n'
2026-05-18 16:07:26 mode='word_selection' source_len=4 source_newlines=1 replacement_len=16 replacement_newlines=0 restored_len=17 restored_newlines=1 source_sample='김승현\n' replacement_sample='김승현 [교정 기능 사용 됨]' restored_sample='김승현 [교정 기능 사용 됨]\n'
2026-05-18 16:07:38 mode='word_selection' source_len=4 source_newlines=1 replacement_len=16 replacement_newlines=0 restored_len=17 restored_newlines=1 source_sample='김자원\n' replacement_sample='김자원 [교정 기능 사용 됨]' restored_sample='김자원 [교정 기능 사용 됨]\n'
2026-05-18 16:07:51 mode='word_selection' source_len=4 source_newlines=1 replacement_len=16 replacement_newlines=0 restored_len=17 restored_newlines=1 source_sample='김자원\n' replacement_sample='김자원 [교정 기능 사용 됨]' restored_sample='김자원 [교정 기능 사용 됨]\n'
2026-05-18 16:08:06 mode='word_selection' source_len=3 source_newlines=0 replacement_len=16 replacement_newlines=0 restored_len=16 restored_newlines=0 source_sample='김자원' replacement_sample='김자원 [교정 기능 사용 됨]' restored_sample='김자원 [교정 기능 사용 됨]'
2026-05-18 16:08:19 mode='word_selection' source_len=19 source_newlines=7 replacement_len=31 replacement_newlines=6 restored_len=32 restored_newlines=7 source_sample='김승현\n\n김승현\n\n김자원\n\n김자원\n' replacement_sample='김승현\n\n김승현\n\n김자원\n\n김자원 [교정 기능 사용 됨]' restored_sample='김승현\n\n김승현\n\n김자원\n\n김자원 [교정 기능 사용 됨]\n'
2026-05-18 16:08:45 mode='word_selection' source_len=4 source_newlines=1 replacement_len=16 replacement_newlines=0 restored_len=17 restored_newlines=1 source_sample='김자원\n' replacement_sample='김자원 [문체 기능 사용 됨]' restored_sample='김자원 [문체 기능 사용 됨]\n'
2026-05-18 16:09:05 mode='notepad_selection' source_len=5 source_newlines=0 replacement_len=18 replacement_newlines=0 restored_len=18 restored_newlines=0 source_sample='안녕하세요' replacement_sample='안녕하세요 [교정 기능 사용 됨]' restored_sample='안녕하세요 [교정 기능 사용 됨]'
2026-05-18 16:09:15 mode='notepad_selection' source_len=5 source_newlines=0 replacement_len=18 replacement_newlines=0 restored_len=18 restored_newlines=0 source_sample='안녕하세요' replacement_sample='안녕하세요 [문체 기능 사용 됨]' restored_sample='안녕하세요 [문체 기능 사용 됨]'
2026-05-19 10:40:08 mode='word_selection' source_len=4 source_newlines=1 replacement_len=16 replacement_newlines=0 restored_len=17 restored_newlines=1 source_sample='김승현\n' replacement_sample='김승현 [교정 기능 사용 됨]' restored_sample='김승현 [교정 기능 사용 됨]\n'
2026-05-19 10:40:23 mode='word_selection' source_len=4 source_newlines=1 replacement_len=16 replacement_newlines=0 restored_len=17 restored_newlines=1 source_sample='김승현\n' replacement_sample='김승현 [교정 기능 사용 됨]' restored_sample='김승현 [교정 기능 사용 됨]\n'
2026-05-19 20:49:20 mode='word_selection' source_len=29 source_newlines=11 replacement_len=41 replacement_newlines=10 restored_len=42 restored_newlines=11 source_sample='김승현\n\n김승현\n\n김자원\n\n김자원\n\n김자원\n\n김자원\n' replacement_sample='김승현\n\n김승현\n\n김자원\n\n김자원\n\n김자원\n\n김자원 [교정 기능 사용 됨]' restored_sample='김승현\n\n김승현\n\n김자원\n\n김자원\n\n김자원\n\n김자원 [교정 기능 사용 됨]\n'
2026-05-19 20:50:58 mode='word_selection' source_len=29 source_newlines=11 replacement_len=41 replacement_newlines=10 restored_len=42 restored_newlines=11 source_sample='김승현\n\n김승현\n\n김자원\n\n김자원\n\n김자원\n\n김자원\n' replacement_sample='김승현\n\n김승현\n\n김자원\n\n김자원\n\n김자원\n\n김자원 [문체 기능 사용 됨]' restored_sample='김승현\n\n김승현\n\n김자원\n\n김자원\n\n김자원\n\n김자원 [문체 기능 사용 됨]\n'
2026-05-19 20:52:20 mode='notepad_selection' source_len=10 source_newlines=0 replacement_len=23 replacement_newlines=0 restored_len=23 restored_newlines=0 source_sample='안녕하세요 반가워요' replacement_sample='안녕하세요 반가워요 [교정 기능 사용 됨]' restored_sample='안녕하세요 반가워요 [교정 기능 사용 됨]'
2026-05-19 20:52:41 mode='notepad_selection' source_len=12 source_newlines=0 replacement_len=25 replacement_newlines=0 restored_len=25 restored_newlines=0 source_sample='잘 있어요 다시 만나요' replacement_sample='잘 있어요 다시 만나요 [문체 기능 사용 됨]' restored_sample='잘 있어요 다시 만나요 [문체 기능 사용 됨]'
2026-05-20 01:24:08 mode='word_selection' source_len=4 source_newlines=1 replacement_len=16 replacement_newlines=0 restored_len=17 restored_newlines=1 source_sample='김승현\n' replacement_sample='김승현 [교정 기능 사용 됨]' restored_sample='김승현 [교정 기능 사용 됨]\n'
2026-05-20 01:24:20 mode='word_selection' source_len=4 source_newlines=1 replacement_len=16 replacement_newlines=0 restored_len=17 restored_newlines=1 source_sample='김승현\n' replacement_sample='김승현 [교정 기능 사용 됨]' restored_sample='김승현 [교정 기능 사용 됨]\n'
2026-05-20 09:18:54 mode='word_selection' source_len=4 source_newlines=1 replacement_len=16 replacement_newlines=0 restored_len=17 restored_newlines=1 source_sample='김승현\n' replacement_sample='김승현 [교정 기능 사용 됨]' restored_sample='김승현 [교정 기능 사용 됨]\n'
2026-05-20 09:47:11 mode='word_selection' source_len=4 source_newlines=1 replacement_len=16 replacement_newlines=0 restored_len=17 restored_newlines=1 source_sample='김승현\n' replacement_sample='김승현 [교정 기능 사용 됨]' restored_sample='김승현 [교정 기능 사용 됨]\n'
2026-05-20 09:47:29 mode='word_selection' source_len=4 source_newlines=1 replacement_len=16 replacement_newlines=0 restored_len=17 restored_newlines=1 source_sample='김승현\n' replacement_sample='김승현 [문체 기능 사용 됨]' restored_sample='김승현 [문체 기능 사용 됨]\n'
2026-05-20 09:48:31 mode='word_selection' source_len=3 source_newlines=0 replacement_len=16 replacement_newlines=0 restored_len=16 restored_newlines=0 source_sample='김자원' replacement_sample='김자원 [교정 기능 사용 됨]' restored_sample='김자원 [교정 기능 사용 됨]'
2026-05-23 21:31:48 mode='word_selection' source_len=14 source_newlines=5 replacement_len=26 replacement_newlines=4 restored_len=27 restored_newlines=5 source_sample='김자원\n\n김자원\n\n김자원\n' replacement_sample='김자원\n\n김자원\n\n김자원 [교정 기능 사용 됨]' restored_sample='김자원\n\n김자원\n\n김자원 [교정 기능 사용 됨]\n'
2026-05-23 21:33:26 mode='word_selection' source_len=14 source_newlines=5 replacement_len=26 replacement_newlines=4 restored_len=27 restored_newlines=5 source_sample='김승현\n\n김승현\n\n김자원\n' replacement_sample='김승현\n\n김승현\n\n김자원 [문체 기능 사용 됨]' restored_sample='김승현\n\n김승현\n\n김자원 [문체 기능 사용 됨]\n'
2026-05-23 21:34:16 mode='word_selection' source_len=27 source_newlines=5 replacement_len=39 replacement_newlines=4 restored_len=40 restored_newlines=5 source_sample='김승현\n\n김승현\n\n김자원 [문체 기능 사용 됨]\n' replacement_sample='김승현\n\n김승현\n\n김자원 [문체 기능 사용 됨] [교정 기능 사용 됨]' restored_sample='김승현\n\n김승현\n\n김자원 [문체 기능 사용 됨] [교정 기능 사용 됨]\n'
2026-05-23 21:34:31 mode='word_selection' source_len=14 source_newlines=5 replacement_len=26 replacement_newlines=4 restored_len=27 restored_newlines=5 source_sample='김승현\n\n김승현\n\n김자원\n' replacement_sample='김승현\n\n김승현\n\n김자원 [교정 기능 사용 됨]' restored_sample='김승현\n\n김승현\n\n김자원 [교정 기능 사용 됨]\n'
2026-05-24 01:59:21 mode='word_selection' source_len=29 source_newlines=11 replacement_len=41 replacement_newlines=10 restored_len=42 restored_newlines=11 source_sample='김승현\n\n김승현\n\n김자원\n\n김자원\n\n김자원\n\n김자원\n' replacement_sample='김승현\n\n김승현\n\n김자원\n\n김자원\n\n김자원\n\n김자원 [문체 기능 사용 됨]' restored_sample='김승현\n\n김승현\n\n김자원\n\n김자원\n\n김자원\n\n김자원 [문체 기능 사용 됨]\n'
2026-05-24 01:59:43 mode='word_selection' source_len=19 source_newlines=7 replacement_len=31 replacement_newlines=6 restored_len=32 restored_newlines=7 source_sample='김자원\n\n김자원\n\n김자원\n\n김자원\n' replacement_sample='김자원\n\n김자원\n\n김자원\n\n김자원 [교정 기능 사용 됨]' restored_sample='김자원\n\n김자원\n\n김자원\n\n김자원 [교정 기능 사용 됨]\n'
2026-05-24 02:00:04 mode='word_selection' source_len=19 source_newlines=7 replacement_len=31 replacement_newlines=6 restored_len=32 restored_newlines=7 source_sample='김자원\n\n김자원\n\n김자원\n\n김자원\n' replacement_sample='김자원\n\n김자원\n\n김자원\n\n김자원 [문체 기능 사용 됨]' restored_sample='김자원\n\n김자원\n\n김자원\n\n김자원 [문체 기능 사용 됨]\n'
2026-05-24 02:01:42 mode='word_selection' source_len=19 source_newlines=7 replacement_len=31 replacement_newlines=6 restored_len=32 restored_newlines=7 source_sample='김승현\n\n김승현\n\n김자원\n\n김자원\n' replacement_sample='김승현\n\n김승현\n\n김자원\n\n김자원 [교정 기능 사용 됨]' restored_sample='김승현\n\n김승현\n\n김자원\n\n김자원 [교정 기능 사용 됨]\n'
2026-05-24 02:27:24 mode='word_selection' source_len=19 source_newlines=7 replacement_len=31 replacement_newlines=6 restored_len=32 restored_newlines=7 source_sample='김자원\n\n김자원\n\n김자원\n\n김자원\n' replacement_sample='김자원\n\n김자원\n\n김자원\n\n김자원 [문체 기능 사용 됨]' restored_sample='김자원\n\n김자원\n\n김자원\n\n김자원 [문체 기능 사용 됨]\n'
2026-05-24 13:38:09 mode='word_selection' source_len=14 source_newlines=5 replacement_len=26 replacement_newlines=4 restored_len=27 restored_newlines=5 source_sample='김승현\n\n김승현\n\n김자원\n' replacement_sample='김승현\n\n김승현\n\n김자원 [문체 기능 사용 됨]' restored_sample='김승현\n\n김승현\n\n김자원 [문체 기능 사용 됨]\n'
2026-05-25 10:25:35 mode='word' source_len=72 source_newlines=22 replacement_len=85 replacement_newlines=22 restored_len=85 restored_newlines=22 source_sample='Writing Assistant\n\n김승현\n\n김승현\n\n김자원\n\n김자원\n\n김자원\n\n김자원\n\n김자원\n\n김자원\n\n김자원\n\n김자원\n\n테스트' replacement_sample='Writing Assistant\n\n김승현\n\n김승현\n\n김자원\n\n김자원\n\n김자원\n\n김자원\n\n김자원\n\n김자원\n\n김자원\n\n김자원\n\n테스트 [교정 기능 ' restored_sample='Writing Assistant\n\n김승현\n\n김승현\n\n김자원\n\n김자원\n\n김자원\n\n김자원\n\n김자원\n\n김자원\n\n김자원\n\n김자원\n\n테스트 [교정 기능 '
2026-05-25 10:32:31 mode='word' source_len=72 source_newlines=22 replacement_len=85 replacement_newlines=22 restored_len=85 restored_newlines=22 source_sample='Writing Assistant\n\n김승현\n\n김승현\n\n김자원\n\n김자원\n\n김자원\n\n김자원\n\n김자원\n\n김자원\n\n김자원\n\n김자원\n\n테스트' replacement_sample='Writing Assistant\n\n김승현\n\n김승현\n\n김자원\n\n김자원\n\n김자원\n\n김자원\n\n김자원\n\n김자원\n\n김자원\n\n김자원\n\n테스트 [교정 기능 ' restored_sample='Writing Assistant\n\n김승현\n\n김승현\n\n김자원\n\n김자원\n\n김자원\n\n김자원\n\n김자원\n\n김자원\n\n김자원\n\n김자원\n\n테스트 [교정 기능 '
2026-05-25 10:34:07 mode='word' source_len=66 source_newlines=20 replacement_len=79 replacement_newlines=20 restored_len=79 restored_newlines=20 source_sample='김승현\n\n김승현\n\n김자원\n\n김자원\n\n김자원\n\n김자원\n\n김자원\n\n김자원\n\n김자원\n\n김자원\n\n테스트 [교정 기능 사용 됨]' replacement_sample='김승현\n\n김승현\n\n김자원\n\n김자원\n\n김자원\n\n김자원\n\n김자원\n\n김자원\n\n김자원\n\n김자원\n\n테스트 [교정 기능 사용 됨] [문체 기능 사용 됨]' restored_sample='김승현\n\n김승현\n\n김자원\n\n김자원\n\n김자원\n\n김자원\n\n김자원\n\n김자원\n\n김자원\n\n김자원\n\n테스트 [교정 기능 사용 됨] [문체 기능 사용 됨]'
2026-05-25 10:54:39 mode='word' source_len=53 source_newlines=20 replacement_len=66 replacement_newlines=20 restored_len=66 restored_newlines=20 source_sample='김승현\n\n김승현\n\n김자원\n\n김자원\n\n김자원\n\n김자원\n\n김자원\n\n김자원\n\n김자원\n\n김자원\n\n테스트' replacement_sample='김승현\n\n김승현\n\n김자원\n\n김자원\n\n김자원\n\n김자원\n\n김자원\n\n김자원\n\n김자원\n\n김자원\n\n테스트 [교정 기능 사용 됨]' restored_sample='김승현\n\n김승현\n\n김자원\n\n김자원\n\n김자원\n\n김자원\n\n김자원\n\n김자원\n\n김자원\n\n김자원\n\n테스트 [교정 기능 사용 됨]'
2026-05-25 10:55:39 mode='word' source_len=72 source_newlines=22 replacement_len=85 replacement_newlines=22 restored_len=85 restored_newlines=22 source_sample='Writing Assistant\n\n김승현\n\n김승현\n\n김자원\n\n김자원\n\n김자원\n\n김자원\n\n김자원\n\n김자원\n\n김자원\n\n김자원\n\n테스트' replacement_sample='Writing Assistant\n\n김승현\n\n김승현\n\n김자원\n\n김자원\n\n김자원\n\n김자원\n\n김자원\n\n김자원\n\n김자원\n\n김자원\n\n테스트 [교정 기능 ' restored_sample='Writing Assistant\n\n김승현\n\n김승현\n\n김자원\n\n김자원\n\n김자원\n\n김자원\n\n김자원\n\n김자원\n\n김자원\n\n김자원\n\n테스트 [교정 기능 '
2026-05-25 11:02:30 mode='word' source_len=72 source_newlines=22 replacement_len=85 replacement_newlines=22 restored_len=85 restored_newlines=22 source_sample='Writing Assistant\n\n김승현\n\n김승현\n\n김자원\n\n김자원\n\n김자원\n\n김자원\n\n김자원\n\n김자원\n\n김자원\n\n김자원\n\n테스트' replacement_sample='Writing Assistant\n\n김승현\n\n김승현\n\n김자원\n\n김자원\n\n김자원\n\n김자원\n\n김자원\n\n김자원\n\n김자원\n\n김자원\n\n테스트 [문체 기능 ' restored_sample='Writing Assistant\n\n김승현\n\n김승현\n\n김자원\n\n김자원\n\n김자원\n\n김자원\n\n김자원\n\n김자원\n\n김자원\n\n김자원\n\n테스트 [문체 기능 '
2026-05-25 11:39:54 mode='word' source_len=85 source_newlines=22 replacement_len=98 replacement_newlines=22 restored_len=98 restored_newlines=22 source_sample='Writing Assistant\n\n김승현\n\n김승현\n\n김자원\n\n김자원\n\n김자원\n\n김자원\n\n김자원\n\n김자원\n\n김자원\n\n김자원\n\n테스트 [문체 기능 ' replacement_sample='Writing Assistant\n\n김승현\n\n김승현\n\n김자원\n\n김자원\n\n김자원\n\n김자원\n\n김자원\n\n김자원\n\n김자원\n\n김자원\n\n테스트 [문체 기능 ' restored_sample='Writing Assistant\n\n김승현\n\n김승현\n\n김자원\n\n김자원\n\n김자원\n\n김자원\n\n김자원\n\n김자원\n\n김자원\n\n김자원\n\n테스트 [문체 기능 '
2026-05-25 11:42:34 mode='word' source_len=71 source_newlines=22 replacement_len=85 replacement_newlines=22 restored_len=85 restored_newlines=22 source_sample='Writing Assistant\n\n김승현\n\n김승현\n\n김자원\n\n김자원\n\n김자원\n\n김자원\n\n김자원\n\n김자원\n\n김자원\n\n김자원\n\n테스' replacement_sample='Writing Assistant\n\n김승현\n\n김승현\n\n김자원\n\n김자원\n\n김자원\n\n김자원\n\n김자원\n\n김자원\n\n김자원\n\n김자원\n\n테스트 [교정 기능 ' restored_sample='Writing Assistant\n\n김승현\n\n김승현\n\n김자원\n\n김자원\n\n김자원\n\n김자원\n\n김자원\n\n김자원\n\n김자원\n\n김자원\n\n테스트 [교정 기능 '
2026-05-25 11:59:50 mode='word' source_len=72 source_newlines=22 replacement_len=85 replacement_newlines=22 restored_len=85 restored_newlines=22 source_sample='Writing Assistant\n\n김승현\n\n김승현\n\n김자원\n\n김자원\n\n김자원\n\n김자원\n\n김자원\n\n김자원\n\n김자원\n\n김자원\n\n테스트' replacement_sample='Writing Assistant\n\n김승현\n\n김승현\n\n김자원\n\n김자원\n\n김자원\n\n김자원\n\n김자원\n\n김자원\n\n김자원\n\n김자원\n\n테스트 [교정 기능 ' restored_sample='Writing Assistant\n\n김승현\n\n김승현\n\n김자원\n\n김자원\n\n김자원\n\n김자원\n\n김자원\n\n김자원\n\n김자원\n\n김자원\n\n테스트 [교정 기능 '
2026-05-25 12:13:47 mode='word' source_len=72 source_newlines=22 replacement_len=85 replacement_newlines=22 restored_len=85 restored_newlines=22 source_sample='Writing Assistant\n\n김승현\n\n김승현\n\n김자원\n\n김자원\n\n김자원\n\n김자원\n\n김자원\n\n김자원\n\n김자원\n\n김자원\n\n테스트' replacement_sample='Writing Assistant\n\n김승현\n\n김승현\n\n김자원\n\n김자원\n\n김자원\n\n김자원\n\n김자원\n\n김자원\n\n김자원\n\n김자원\n\n테스트 [교정 기능 ' restored_sample='Writing Assistant\n\n김승현\n\n김승현\n\n김자원\n\n김자원\n\n김자원\n\n김자원\n\n김자원\n\n김자원\n\n김자원\n\n김자원\n\n테스트 [교정 기능 '
2026-05-25 12:22:52 mode='word' source_len=85 source_newlines=22 replacement_len=85 replacement_newlines=22 restored_len=85 restored_newlines=22 source_sample='Writing Assistant\n\n김승현\n\n김승현\n\n김자원\n\n김자원\n\n김자원\n\n김자원\n\n김자원\n\n김자원\n\n김자원\n\n김자원\n\n테스트 [교정 기능 ' replacement_sample='Writing Assistant\n\n김승현\n\n김승현\n\n김자원\n\n김자원\n\n김자원\n\n김자원\n\n김자원\n\n김자원\n\n김자원\n\n김자원\n\n테스트 [교정 기능 ' restored_sample='Writing Assistant\n\n김승현\n\n김승현\n\n김자원\n\n김자원\n\n김자원\n\n김자원\n\n김자원\n\n김자원\n\n김자원\n\n김자원\n\n테스트 [교정 기능 '
2026-05-26 11:29:58 mode='word' source_len=72 source_newlines=22 replacement_len=85 replacement_newlines=22 restored_len=85 restored_newlines=22 source_sample='Writing Assistant\n\n김승현\n\n김승현\n\n김자원\n\n김자원\n\n김자원\n\n김자원\n\n김자원\n\n김자원\n\n김자원\n\n김자원\n\n테스트' replacement_sample='Writing Assistant\n\n김승현\n\n김승현\n\n김자원\n\n김자원\n\n김자원\n\n김자원\n\n김자원\n\n김자원\n\n김자원\n\n김자원\n\n테스트 [교정 기능 ' restored_sample='Writing Assistant\n\n김승현\n\n김승현\n\n김자원\n\n김자원\n\n김자원\n\n김자원\n\n김자원\n\n김자원\n\n김자원\n\n김자원\n\n테스트 [교정 기능 '
2026-05-26 12:30:42 mode='word' source_len=72 source_newlines=22 replacement_len=85 replacement_newlines=22 restored_len=85 restored_newlines=22 source_sample='Writing Assistant\n\n김승현\n\n김승현\n\n김자원\n\n김자원\n\n김자원\n\n김자원\n\n김자원\n\n김자원\n\n김자원\n\n김자원\n\n테스트' replacement_sample='Writing Assistant\n\n김승현\n\n김승현\n\n김자원\n\n김자원\n\n김자원\n\n김자원\n\n김자원\n\n김자원\n\n김자원\n\n김자원\n\n테스트 [교정 기능 ' restored_sample='Writing Assistant\n\n김승현\n\n김승현\n\n김자원\n\n김자원\n\n김자원\n\n김자원\n\n김자원\n\n김자원\n\n김자원\n\n김자원\n\n테스트 [교정 기능 '
2026-05-26 12:31:43 mode='word' source_len=72 source_newlines=22 replacement_len=85 replacement_newlines=22 restored_len=85 restored_newlines=22 source_sample='Writing Assistant\n\n김승현\n\n김승현\n\n김자원\n\n김자원\n\n김자원\n\n김자원\n\n김자원\n\n김자원\n\n김자원\n\n김자원\n\n테스트' replacement_sample='Writing Assistant\n\n김승현\n\n김승현\n\n김자원\n\n김자원\n\n김자원\n\n김자원\n\n김자원\n\n김자원\n\n김자원\n\n김자원\n\n테스트 [문체 기능 ' restored_sample='Writing Assistant\n\n김승현\n\n김승현\n\n김자원\n\n김자원\n\n김자원\n\n김자원\n\n김자원\n\n김자원\n\n김자원\n\n김자원\n\n테스트 [문체 기능 '
2026-05-26 12:33:06 mode='word_selection' source_len=14 source_newlines=5 replacement_len=26 replacement_newlines=4 restored_len=27 restored_newlines=5 source_sample='김승현\n\n김자원\n\n김자원\n' replacement_sample='김승현\n\n김자원\n\n김자원 [교정 기능 사용 됨]' restored_sample='김승현\n\n김자원\n\n김자원 [교정 기능 사용 됨]\n'
2026-05-26 21:09:03 mode='word_selection' source_len=14 source_newlines=5 replacement_len=26 replacement_newlines=4 restored_len=27 restored_newlines=5 source_sample='김승현\n\n김자원\n\n김자원\n' replacement_sample='김승현\n\n김자원\n\n김자원 [문체 기능 사용 됨]' restored_sample='김승현\n\n김자원\n\n김자원 [문체 기능 사용 됨]\n'
2026-05-26 21:15:11 mode='word_selection' source_len=14 source_newlines=5 replacement_len=26 replacement_newlines=4 restored_len=27 restored_newlines=5 source_sample='김승현\n\n김자원\n\n김자원\n' replacement_sample='김승현\n\n김자원\n\n김자원 [교정 기능 사용 됨]' restored_sample='김승현\n\n김자원\n\n김자원 [교정 기능 사용 됨]\n'
2026-05-26 21:15:43 mode='word_selection' source_len=14 source_newlines=5 replacement_len=26 replacement_newlines=4 restored_len=27 restored_newlines=5 source_sample='김자원\n\n김자원\n\n김자원\n' replacement_sample='김자원\n\n김자원\n\n김자원 [문체 기능 사용 됨]' restored_sample='김자원\n\n김자원\n\n김자원 [문체 기능 사용 됨]\n'
2026-05-26 21:17:21 mode='word' source_len=72 source_newlines=22 replacement_len=85 replacement_newlines=22 restored_len=85 restored_newlines=22 source_sample='Writing Assistant\n\n김승현\n\n김승현\n\n김자원\n\n김자원\n\n김자원\n\n김자원\n\n김자원\n\n김자원\n\n김자원\n\n김자원\n\n테스트' replacement_sample='Writing Assistant\n\n김승현\n\n김승현\n\n김자원\n\n김자원\n\n김자원\n\n김자원\n\n김자원\n\n김자원\n\n김자원\n\n김자원\n\n테스트 [교정 기능 ' restored_sample='Writing Assistant\n\n김승현\n\n김승현\n\n김자원\n\n김자원\n\n김자원\n\n김자원\n\n김자원\n\n김자원\n\n김자원\n\n김자원\n\n테스트 [교정 기능 '
2026-05-26 21:17:40 mode='word' source_len=72 source_newlines=22 replacement_len=85 replacement_newlines=22 restored_len=85 restored_newlines=22 source_sample='Writing Assistant\n\n김승현\n\n김승현\n\n김자원\n\n김자원\n\n김자원\n\n김자원\n\n김자원\n\n김자원\n\n김자원\n\n김자원\n\n테스트' replacement_sample='Writing Assistant\n\n김승현\n\n김승현\n\n김자원\n\n김자원\n\n김자원\n\n김자원\n\n김자원\n\n김자원\n\n김자원\n\n김자원\n\n테스트 [교정 기능 ' restored_sample='Writing Assistant\n\n김승현\n\n김승현\n\n김자원\n\n김자원\n\n김자원\n\n김자원\n\n김자원\n\n김자원\n\n김자원\n\n김자원\n\n테스트 [교정 기능 '
2026-05-26 21:17:56 mode='word' source_len=73 source_newlines=22 replacement_len=85 replacement_newlines=22 restored_len=85 restored_newlines=22 source_sample='부Writing Assistant\n\n김승현\n\n김승현\n\n김자원\n\n김자원\n\n김자원\n\n김자원\n\n김자원\n\n김자원\n\n김자원\n\n김자원\n\n테스트' replacement_sample='Writing Assistant\n\n김승현\n\n김승현\n\n김자원\n\n김자원\n\n김자원\n\n김자원\n\n김자원\n\n김자원\n\n김자원\n\n김자원\n\n테스트 [문체 기능 ' restored_sample='Writing Assistant\n\n김승현\n\n김승현\n\n김자원\n\n김자원\n\n김자원\n\n김자원\n\n김자원\n\n김자원\n\n김자원\n\n김자원\n\n테스트 [문체 기능 '
2026-05-26 21:19:09 mode='word' source_len=72 source_newlines=22 replacement_len=85 replacement_newlines=22 restored_len=85 restored_newlines=22 source_sample='Writing Assistant\n\n김승현\n\n김승현\n\n김자원\n\n김자원\n\n김자원\n\n김자원\n\n김자원\n\n김자원\n\n김자원\n\n김자원\n\n테스트' replacement_sample='Writing Assistant\n\n김승현\n\n김승현\n\n김자원\n\n김자원\n\n김자원\n\n김자원\n\n김자원\n\n김자원\n\n김자원\n\n김자원\n\n테스트 [교정 기능 ' restored_sample='Writing Assistant\n\n김승현\n\n김승현\n\n김자원\n\n김자원\n\n김자원\n\n김자원\n\n김자원\n\n김자원\n\n김자원\n\n김자원\n\n테스트 [교정 기능 '
2026-05-26 21:23:57 mode='word' source_len=72 source_newlines=22 replacement_len=85 replacement_newlines=22 restored_len=85 restored_newlines=22 source_sample='Writing Assistant\n\n김승현\n\n김승현\n\n김자원\n\n김자원\n\n김자원\n\n김자원\n\n김자원\n\n김자원\n\n김자원\n\n김자원\n\n테스트' replacement_sample='Writing Assistant\n\n김승현\n\n김승현\n\n김자원\n\n김자원\n\n김자원\n\n김자원\n\n김자원\n\n김자원\n\n김자원\n\n김자원\n\n테스트 [교정 기능 ' restored_sample='Writing Assistant\n\n김승현\n\n김승현\n\n김자원\n\n김자원\n\n김자원\n\n김자원\n\n김자원\n\n김자원\n\n김자원\n\n김자원\n\n테스트 [교정 기능 '
2026-05-26 21:33:31 mode='word' source_len=72 source_newlines=22 replacement_len=85 replacement_newlines=22 restored_len=85 restored_newlines=22 source_sample='Writing Assistant\n\n김승현\n\n김승현\n\n김자원\n\n김자원\n\n김자원\n\n김자원\n\n김자원\n\n김자원\n\n김자원\n\n김자원\n\n테스트' replacement_sample='Writing Assistant\n\n김승현\n\n김승현\n\n김자원\n\n김자원\n\n김자원\n\n김자원\n\n김자원\n\n김자원\n\n김자원\n\n김자원\n\n테스트 [교정 기능 ' restored_sample='Writing Assistant\n\n김승현\n\n김승현\n\n김자원\n\n김자원\n\n김자원\n\n김자원\n\n김자원\n\n김자원\n\n김자원\n\n김자원\n\n테스트 [교정 기능 '
2026-05-26 21:34:43 mode='word' source_len=85 source_newlines=22 replacement_len=85 replacement_newlines=22 restored_len=85 restored_newlines=22 source_sample='Writing Assistant\n\n김승현\n\n김승현\n\n김자원\n\n김자원\n\n김자원\n\n김자원\n\n김자원\n\n김자원\n\n김자원\n\n김자원\n\n테스트 [교정 기능 ' replacement_sample='Writing Assistant\n\n김승현\n\n김승현\n\n김자원\n\n김자원\n\n김자원\n\n김자원\n\n김자원\n\n김자원\n\n김자원\n\n김자원\n\n테스트 [문체 기능 ' restored_sample='Writing Assistant\n\n김승현\n\n김승현\n\n김자원\n\n김자원\n\n김자원\n\n김자원\n\n김자원\n\n김자원\n\n김자원\n\n김자원\n\n테스트 [문체 기능 '
2026-05-26 21:38:02 mode='word_selection' source_len=19 source_newlines=7 replacement_len=31 replacement_newlines=6 restored_len=32 restored_newlines=7 source_sample='김승현\n\n김자원\n\n김자원\n\n김자원\n' replacement_sample='김승현\n\n김자원\n\n김자원\n\n김자원 [교정 기능 사용 됨]' restored_sample='김승현\n\n김자원\n\n김자원\n\n김자원 [교정 기능 사용 됨]\n'
2026-05-26 21:38:31 mode='word_selection' source_len=29 source_newlines=11 replacement_len=41 replacement_newlines=10 restored_len=42 restored_newlines=11 source_sample='김자원\n\n김자원\n\n김자원\n\n김자원\n\n김자원\n\n테스트\n' replacement_sample='김자원\n\n김자원\n\n김자원\n\n김자원\n\n김자원\n\n테스트 [문체 기능 사용 됨]' restored_sample='김자원\n\n김자원\n\n김자원\n\n김자원\n\n김자원\n\n테스트 [문체 기능 사용 됨]\n'
2026-05-27 22:04:55 mode='word_selection' source_len=24 source_newlines=9 replacement_len=36 replacement_newlines=8 restored_len=37 restored_newlines=9 source_sample='김자원\n\n김자원\n\n김자원\n\n김자원\n\n테스트\n' replacement_sample='김자원\n\n김자원\n\n김자원\n\n김자원\n\n테스트 [교정 기능 사용 됨]' restored_sample='김자원\n\n김자원\n\n김자원\n\n김자원\n\n테스트 [교정 기능 사용 됨]\n'
2026-05-27 22:14:15 mode='word' source_len=72 source_newlines=22 replacement_len=85 replacement_newlines=22 restored_len=85 restored_newlines=22 source_sample='Writing Assistant\n\n김승현\n\n김승현\n\n김자원\n\n김자원\n\n김자원\n\n김자원\n\n김자원\n\n김자원\n\n김자원\n\n김자원\n\n테스트' replacement_sample='Writing Assistant\n\n김승현\n\n김승현\n\n김자원\n\n김자원\n\n김자원\n\n김자원\n\n김자원\n\n김자원\n\n김자원\n\n김자원\n\n테스트 [교정 기능 ' restored_sample='Writing Assistant\n\n김승현\n\n김승현\n\n김자원\n\n김자원\n\n김자원\n\n김자원\n\n김자원\n\n김자원\n\n김자원\n\n김자원\n\n테스트 [교정 기능 '
2026-05-28 15:50:38 mode='notepad' source_len=24 source_newlines=1 replacement_len=36 replacement_newlines=1 restored_len=36 restored_newlines=1 source_sample='안녕하세요 반가워요\r\n잘 있어요 다시 만나요' replacement_sample='안녕하세요 반가워요\n잘 있어요 다시 만나요 [교정 기능 사용 됨]' restored_sample='안녕하세요 반가워요\n잘 있어요 다시 만나요 [교정 기능 사용 됨]'
2026-05-28 15:50:54 mode='notepad' source_len=23 source_newlines=1 replacement_len=37 replacement_newlines=1 restored_len=37 restored_newlines=1 source_sample='안녕하세요 반가워요\n잘 있어요 다시 만나요' replacement_sample='안녕하세요 반가워요\r\n잘 있어요 다시 만나요 [문체 기능 사용 됨]' restored_sample='안녕하세요 반가워요\r\n잘 있어요 다시 만나요 [문체 기능 사용 됨]'
2026-05-28 16:27:45 mode='word' source_len=72 source_newlines=22 replacement_len=85 replacement_newlines=22 restored_len=85 restored_newlines=22 source_sample='Writing Assistant\n\n김승현\n\n김승현\n\n김자원\n\n김자원\n\n김자원\n\n김자원\n\n김자원\n\n김자원\n\n김자원\n\n김자원\n\n테스트' replacement_sample='Writing Assistant\n\n김승현\n\n김승현\n\n김자원\n\n김자원\n\n김자원\n\n김자원\n\n김자원\n\n김자원\n\n김자원\n\n김자원\n\n테스트 [교정 기능 ' restored_sample='Writing Assistant\n\n김승현\n\n김승현\n\n김자원\n\n김자원\n\n김자원\n\n김자원\n\n김자원\n\n김자원\n\n김자원\n\n김자원\n\n테스트 [교정 기능 '
2026-05-28 16:48:57 mode='notepad' source_len=26 source_newlines=2 replacement_len=37 replacement_newlines=2 restored_len=39 restored_newlines=2 source_sample='안녕하세요 반가워요\r\n\r\n잘 있어요 다시 만나요' replacement_sample='안녕하세요 반가워요\n\n잘 있어요 다시 만나요 [교정 기능 사용 됨]' restored_sample='안녕하세요 반가워요\r\n\r\n잘 있어요 다시 만나요 [교정 기능 사용 됨]'
2026-05-28 22:09:10 mode='word' source_len=88 source_newlines=22 replacement_len=102 replacement_newlines=22 restored_len=102 restored_newlines=22 source_sample='Writing Assistant\n\n안녕하소요 반가워요\n\n잘 있어요 다시 만나요\n\n김자원\n\n김자원\n\n김자원\n\n김자원\n\n김자원\n\n김자원\n\n김자원\n\n' replacement_sample='Writing Assistant\n\n안녕하소요 반가워요\n\n잘 있어요 다시 만나요\n\n김자원\n\n김자원\n\n김자원\n\n김자원\n\n김자원\n\n김자원\n\n김자원\n\n' restored_sample='Writing Assistant\n\n안녕하소요 반가워요\n\n잘 있어요 다시 만나요\n\n김자원\n\n김자원\n\n김자원\n\n김자원\n\n김자원\n\n김자원\n\n김자원\n\n'
2026-05-28 22:14:16 mode='word_selection' source_len=14 source_newlines=5 replacement_len=27 replacement_newlines=4 restored_len=28 restored_newlines=5 source_sample='김자원\n\n김자원\n\n김자원\n' replacement_sample='김자원\n\n김자원\n\n김자원 [부드럽게 문체 사용됨]' restored_sample='김자원\n\n김자원\n\n김자원 [부드럽게 문체 사용됨]\n'
2026-05-28 22:19:31 mode='word_selection' source_len=14 source_newlines=5 replacement_len=27 replacement_newlines=4 restored_len=28 restored_newlines=5 source_sample='김자원\n\n김자원\n\n김자원\n' replacement_sample='김자원\n\n김자원\n\n김자원 [부드럽게 문체 사용됨]' restored_sample='김자원\n\n김자원\n\n김자원 [부드럽게 문체 사용됨]\n'
2026-05-28 22:28:37 mode='word_selection' source_len=14 source_newlines=5 replacement_len=27 replacement_newlines=4 restored_len=28 restored_newlines=5 source_sample='김자원\n\n김자원\n\n김자원\n' replacement_sample='김자원\n\n김자원\n\n김자원 [부드럽게 문체 사용됨]' restored_sample='김자원\n\n김자원\n\n김자원 [부드럽게 문체 사용됨]\n'
2026-05-28 22:36:33 mode='word_selection' source_len=1 source_newlines=0 replacement_len=15 replacement_newlines=0 restored_len=15 restored_newlines=0 source_sample='W' replacement_sample='W [부드럽게 문체 사용됨]' restored_sample='W [부드럽게 문체 사용됨]'
2026-05-29 08:29:15 mode='word_selection' source_len=14 source_newlines=5 replacement_len=27 replacement_newlines=4 restored_len=28 restored_newlines=5 source_sample='김자원\n\n김자원\n\n김자원\n' replacement_sample='김자원\n\n김자원\n\n김자원 [부드럽게 문체 사용됨]' restored_sample='김자원\n\n김자원\n\n김자원 [부드럽게 문체 사용됨]\n'
2026-05-29 09:05:35 mode='word_selection' source_len=14 source_newlines=5 replacement_len=26 replacement_newlines=4 restored_len=27 restored_newlines=5 source_sample='김자원\n\n김자원\n\n김자원\n' replacement_sample='김자원\n\n김자원\n\n김자원 [교정 기능 사용 됨]' restored_sample='김자원\n\n김자원\n\n김자원 [교정 기능 사용 됨]\n'
2026-05-29 11:52:28 mode='word' source_len=88 source_newlines=22 replacement_len=101 replacement_newlines=22 restored_len=101 restored_newlines=22 source_sample='Writing Assistant\n\n안녕하세요 반가워요\n\n잘 있어요 다시 만너요\n\n김자원\n\n김자원\n\n김자원\n\n김자원\n\n김자원\n\n김자원\n\n김자원\n\n' replacement_sample='Writing Assistant\n\n안녕하세요 반가워요\n\n잘 있어요 다시 만너요\n\n김자원\n\n김자원\n\n김자원\n\n김자원\n\n김자원\n\n김자원\n\n김자원\n\n' restored_sample='Writing Assistant\n\n안녕하세요 반가워요\n\n잘 있어요 다시 만너요\n\n김자원\n\n김자원\n\n김자원\n\n김자원\n\n김자원\n\n김자원\n\n김자원\n\n'
2026-05-30 17:36:08 mode='notepad' source_len=24 source_newlines=1 replacement_len=36 replacement_newlines=1 restored_len=36 restored_newlines=1 source_sample='안녕하서요 싫어해요\r\n잘 있어요 다시 만너요' replacement_sample='안녕하서요 싫어해요\n잘 있어요 다시 만너요 [교정 기능 사용 됨]' restored_sample='안녕하서요 싫어해요\n잘 있어요 다시 만너요 [교정 기능 사용 됨]'
2026-05-31 02:03:46 mode='notepad' source_len=31 source_newlines=3 replacement_len=41 replacement_newlines=3 restored_len=44 restored_newlines=3 source_sample='안녕하서요 싫어해요\r\n잘 있어요 다시 만너요\r\n\r\n흐흐흐' replacement_sample='안녕하서요 싫어해요\n잘 있어요 다시 만너요\n\n흐흐흐 [교정 기능 사용 됨]' restored_sample='안녕하서요 싫어해요\r\n잘 있어요 다시 만너요\r\n\r\n흐흐흐 [교정 기능 사용 됨]'
2026-05-31 02:04:05 mode='notepad_selection' source_len=3 source_newlines=0 replacement_len=16 replacement_newlines=0 restored_len=16 restored_newlines=0 source_sample='흐흐흐' replacement_sample='흐흐흐 [교정 기능 사용 됨]' restored_sample='흐흐흐 [교정 기능 사용 됨]'
2026-05-31 02:05:13 mode='word_selection' source_len=9 source_newlines=3 replacement_len=21 replacement_newlines=2 restored_len=22 restored_newlines=3 source_sample='김자원\n\n김자원\n' replacement_sample='김자원\n\n김자원 [교정 기능 사용 됨]' restored_sample='김자원\n\n김자원 [교정 기능 사용 됨]\n'
2026-05-31 02:05:35 mode='word' source_len=107 source_newlines=24 replacement_len=120 replacement_newlines=24 restored_len=120 restored_newlines=24 source_sample='Writing Assistant\n\n안녕하서요 싫어해요\n\n잘 있어요 다시 만너요\n\n김자원\n\n김자원\n\nWriting Assistant\n\n김자원\n\n김' replacement_sample='Writing Assistant\n\n안녕하서요 싫어해요\n\n잘 있어요 다시 만너요\n\n김자원\n\n김자원\n\nWriting Assistant\n\n김자원\n\n김' restored_sample='Writing Assistant\n\n안녕하서요 싫어해요\n\n잘 있어요 다시 만너요\n\n김자원\n\n김자원\n\nWriting Assistant\n\n김자원\n\n김'
