2026-05-14 11:28:44 reader='browser' source='realtime' title='메모장 외 페이지 1개 - .ㅅ. - Microsoft\u200b Edge' text_len=11 newlines=2 blank_lines=0 note='' sample='가나다\n라마바\n아자사'
2026-05-14 11:28:49 reader='browser' source='realtime' title='메모장 외 페이지 1개 - .ㅅ. - Microsoft\u200b Edge' text_len=12 newlines=3 blank_lines=1 note='' sample='가나다\n라마바\n아자사\n'
2026-05-14 11:28:49 reader='browser_extension' source='realtime' title='메모장' text_len=16 newlines=6 blank_lines=3 note='' sample='가나다\n\n라마바\n\n아자사\n\nㅈ'
2026-05-14 11:28:49 reader='browser_extension' source='realtime' title='메모장' text_len=17 newlines=6 blank_lines=3 note='' sample='가나다\n\n라마바\n\n아자사\n\n자자'
2026-05-14 11:28:50 reader='browser_extension' source='realtime' title='메모장' text_len=19 newlines=6 blank_lines=3 note='' sample='가나다\n\n라마바\n\n아자사\n\n자자자자'
2026-05-14 11:28:50 reader='browser_extension' source='realtime' title='메모장' text_len=21 newlines=6 blank_lines=3 note='' sample='가나다\n\n라마바\n\n아자사\n\n자자자자자자'
2026-05-14 11:28:50 reader='browser_extension' source='realtime' title='메모장' text_len=23 newlines=6 blank_lines=3 note='' sample='가나다\n\n라마바\n\n아자사\n\n자자자자자자자자'
2026-05-14 11:28:51 reader='browser' source='realtime' title='메모장 외 페이지 1개 - .ㅅ. - Microsoft\u200b Edge' text_len=20 newlines=3 blank_lines=0 note='' sample='가나다\n라마바\n아자사\n자자자자자자자자'
2026-05-14 11:28:51 reader='browser' source='realtime' title='메모장 외 페이지 1개 - .ㅅ. - Microsoft\u200b Edge' text_len=20 newlines=3 blank_lines=0 note='ignored_blank_line_downgrade' sample='가나다\n라마바\n아자사\n자자자자자자자자'
2026-05-14 11:28:57 reader='browser' source='realtime' title='메모장 외 페이지 1개 - .ㅅ. - Microsoft\u200b Edge' text_len=21 newlines=4 blank_lines=1 note='' sample='가나다\n라마바\n아자사\n자자자자자자자자\n'
2026-05-14 11:28:57 reader='browser' source='realtime' title='메모장 외 페이지 1개 - .ㅅ. - Microsoft\u200b Edge' text_len=21 newlines=4 blank_lines=1 note='ignored_blank_line_downgrade' sample='가나다\n라마바\n아자사\n자자자자자자자자\n'
2026-05-14 11:28:57 reader='browser_extension' source='realtime' title='메모장' text_len=26 newlines=8 blank_lines=4 note='' sample='가나다\n\n라마바\n\n아자사\n\n자자자자자자자자\n\n아'
2026-05-14 11:28:58 reader='browser_extension' source='realtime' title='메모장' text_len=27 newlines=8 blank_lines=4 note='' sample='가나다\n\n라마바\n\n아자사\n\n자자자자자자자자\n\n안녕'
2026-05-14 11:28:58 reader='browser_extension' source='realtime' title='메모장' text_len=29 newlines=8 blank_lines=4 note='' sample='가나다\n\n라마바\n\n아자사\n\n자자자자자자자자\n\n안녕하세'
2026-05-14 11:28:58 reader='browser_extension' source='realtime' title='메모장' text_len=31 newlines=8 blank_lines=4 note='' sample='가나다\n\n라마바\n\n아자사\n\n자자자자자자자자\n\n안녕하세요\xa0'
2026-05-14 11:28:59 reader='browser_extension' source='realtime' title='메모장' text_len=32 newlines=8 blank_lines=4 note='' sample='가나다\n\n라마바\n\n아자사\n\n자자자자자자자자\n\n안녕하세요 ㅂ'
2026-05-14 11:28:59 reader='browser_extension' source='realtime' title='메모장' text_len=33 newlines=8 blank_lines=4 note='' sample='가나다\n\n라마바\n\n아자사\n\n자자자자자자자자\n\n안녕하세요 반가'
2026-05-14 11:28:59 reader='browser_extension' source='realtime' title='메모장' text_len=34 newlines=8 blank_lines=4 note='' sample='가나다\n\n라마바\n\n아자사\n\n자자자자자자자자\n\n안녕하세요 반가워'
2026-05-14 11:29:00 reader='browser_extension' source='realtime' title='메모장' text_len=37 newlines=8 blank_lines=4 note='' sample='가나다\n\n라마바\n\n아자사\n\n자자자자자자자자\n\n안녕하세요 반가워요 자'
2026-05-14 11:29:00 reader='browser_extension' source='realtime' title='메모장' text_len=39 newlines=8 blank_lines=4 note='' sample='가나다\n\n라마바\n\n아자사\n\n자자자자자자자자\n\n안녕하세요 반가워요 잘 이'
2026-05-14 11:29:00 reader='browser_extension' source='realtime' title='메모장' text_len=40 newlines=8 blank_lines=4 note='' sample='가나다\n\n라마바\n\n아자사\n\n자자자자자자자자\n\n안녕하세요 반가워요 잘 있엉'
2026-05-14 11:29:01 reader='browser_extension' source='realtime' title='메모장' text_len=41 newlines=8 blank_lines=4 note='' sample='가나다\n\n라마바\n\n아자사\n\n자자자자자자자자\n\n안녕하세요 반가워요 잘 있어요'
2026-05-14 11:29:01 reader='browser' source='realtime' title='메모장 외 페이지 1개 - .ㅅ. - Microsoft\u200b Edge' text_len=37 newlines=4 blank_lines=0 note='' sample='가나다\n라마바\n아자사\n자자자자자자자자\n안녕하세요 반가워요 잘 있어요'
2026-05-14 11:29:01 reader='browser' source='realtime' title='메모장 외 페이지 1개 - .ㅅ. - Microsoft\u200b Edge' text_len=37 newlines=4 blank_lines=0 note='ignored_blank_line_downgrade' sample='가나다\n라마바\n아자사\n자자자자자자자자\n안녕하세요 반가워요 잘 있어요'
2026-05-14 11:29:05 reader='browser_extension' source='realtime' title='메모장' text_len=55 newlines=8 blank_lines=4 note='' sample='가나다\n\n라마바\n\n아자사\n\n자자자자자자자자\n\n안녕하세요 반가워요 잘 있어요 [맞춤법 기능 사용 됨]'
2026-05-14 11:29:09 reader='unavailable' source='realtime' title='requirements.txt - writing-assistant(0.3.0) - Visual Studio Code' text_len=0 newlines=0 blank_lines=1 note='' sample=''
2026-05-14 11:34:04 reader='browser_extension' source='realtime' title='메모장' text_len=13 newlines=4 blank_lines=2 note='' sample='가나다\n\n라마바\n\n아자사'
2026-05-14 11:34:07 reader='browser' source='realtime' title='메모장 외 페이지 1개 - .ㅅ. - Microsoft\u200b Edge' text_len=11 newlines=2 blank_lines=0 note='' sample='가나다\n라마바\n아자사'
2026-05-14 11:34:07 reader='browser' source='realtime' title='메모장 외 페이지 1개 - .ㅅ. - Microsoft\u200b Edge' text_len=11 newlines=2 blank_lines=0 note='ignored_blank_line_downgrade' sample='가나다\n라마바\n아자사'
2026-05-14 11:34:19 reader='browser_extension' source='realtime' title='메모장' text_len=15 newlines=6 blank_lines=4 note='' sample='가나다\n\n라마바\n\n아자사\n\n'
2026-05-14 11:34:19 reader='browser_extension' source='realtime' title='메모장' text_len=16 newlines=6 blank_lines=3 note='' sample='가나다\n\n라마바\n\n아자사\n\n아'
2026-05-14 11:34:20 reader='browser_extension' source='realtime' title='메모장' text_len=17 newlines=6 blank_lines=3 note='' sample='가나다\n\n라마바\n\n아자사\n\n안녕'
2026-05-14 11:34:20 reader='browser_extension' source='realtime' title='메모장' text_len=19 newlines=6 blank_lines=3 note='' sample='가나다\n\n라마바\n\n아자사\n\n안녕하세'
2026-05-14 11:34:20 reader='browser_extension' source='realtime' title='메모장' text_len=20 newlines=6 blank_lines=3 note='' sample='가나다\n\n라마바\n\n아자사\n\n안녕하세요'
2026-05-14 11:34:21 reader='browser' source='realtime' title='메모장 외 페이지 1개 - .ㅅ. - Microsoft\u200b Edge' text_len=17 newlines=3 blank_lines=0 note='' sample='가나다\n라마바\n아자사\n안녕하세요'
2026-05-14 11:34:21 reader='browser' source='realtime' title='메모장 외 페이지 1개 - .ㅅ. - Microsoft\u200b Edge' text_len=17 newlines=3 blank_lines=0 note='ignored_blank_line_downgrade' sample='가나다\n라마바\n아자사\n안녕하세요'
2026-05-14 11:34:23 reader='unavailable' source='realtime' title='requirements.txt - writing-assistant(0.3.0) - Visual Studio Code' text_len=0 newlines=0 blank_lines=1 note='' sample=''
2026-05-14 11:35:45 reader='browser' source='realtime' title='새 탭 외 페이지 1개 - .ㅅ. - Microsoft\u200b Edge' text_len=1 newlines=0 blank_lines=0 note='' sample='ㅁ'
2026-05-14 11:35:46 reader='browser' source='realtime' title='새 탭 외 페이지 1개 - .ㅅ. - Microsoft\u200b Edge' text_len=2 newlines=0 blank_lines=0 note='' sample='메몾'
2026-05-14 11:35:46 reader='browser' source='realtime' title='새 탭 외 페이지 1개 - .ㅅ. - Microsoft\u200b Edge' text_len=3 newlines=0 blank_lines=0 note='' sample='메모장'
2026-05-14 11:35:47 reader='browser_extension' source='realtime' title='메모장' text_len=2 newlines=0 blank_lines=0 note='' sample='on'
2026-05-14 11:35:47 reader='browser' source='realtime' title='메모장 외 페이지 1개 - .ㅅ. - Microsoft\u200b Edge' text_len=209 newlines=39 blank_lines=0 note='' sample='메모장\n로그인\nLRL.KR\n마이페이지\n커뮤니티\n￼\n웹서비스\n￼\n🌓 다크모드\n￼\n메모장\n링크로 공유하는 온라인 메모장.\n\uf059 도움말\n\uf007 내 데이터\n\uf02d\n￼\n\uf06e 미리보기\n\uf013 설정\n\uf304작성\n\uea20\n￼\nsans-serif\n￼\n\uea0f\uea35\uea1e'
2026-05-14 11:35:54 reader='browser_extension' source='realtime' title='메모장' text_len=2 newlines=0 blank_lines=0 note='' sample='on'
2026-05-14 11:35:54 reader='browser' source='realtime' title='메모장 외 페이지 1개 - .ㅅ. - Microsoft\u200b Edge' text_len=114 newlines=21 blank_lines=0 note='' sample='메모장\n로그인\nLRL.KR\n마이페이지\n커뮤니티\n￼\n웹서비스\n￼\n🌓 다크모드\n￼\n메모\n메뉴 \n￼\n￼\n가나다\n라마바\n아자사\n안녕하세요\nPowered By Starfury @ LRL.KR\n소개\n개인정보\n면책조항'
2026-05-14 11:35:59 reader='browser_extension' source='realtime' title='메모장' text_len=2 newlines=0 blank_lines=0 note='' sample='on'
2026-05-14 11:35:59 reader='browser' source='realtime' title='메모장 외 페이지 1개 - .ㅅ. - Microsoft\u200b Edge' text_len=245 newlines=43 blank_lines=0 note='' sample='메모장\n로그인\nLRL.KR\n마이페이지\n커뮤니티\n￼\n웹서비스\n￼\n🌓 다크모드\n￼\n메모 수정\n메모를 수정 또는 삭제하실 수 있습니다.\n\uf06e 미리보기\n\uf013 설정\n\uf0c7저장\n\uf1f8 삭제\n\uea20\n￼\nsans-serif\n￼\n\uea0f\uea35\uea1e\uea1816\n￼\n'
2026-05-14 11:35:59 reader='browser_extension' source='realtime' title='메모장' text_len=20 newlines=6 blank_lines=3 note='' sample='가나다\n\n라마바\n\n아자사\n\n안녕하세요'
2026-05-14 11:36:00 reader='browser' source='realtime' title='메모장 외 페이지 1개 - .ㅅ. - Microsoft\u200b Edge' text_len=17 newlines=3 blank_lines=0 note='' sample='가나다\n라마바\n아자사\n안녕하세요'
2026-05-14 11:36:00 reader='browser' source='realtime' title='메모장 외 페이지 1개 - .ㅅ. - Microsoft\u200b Edge' text_len=17 newlines=3 blank_lines=0 note='ignored_blank_line_downgrade' sample='가나다\n라마바\n아자사\n안녕하세요'
2026-05-14 11:36:04 reader='unavailable' source='realtime' title='requirements.txt - writing-assistant(0.3.0) - Visual Studio Code' text_len=0 newlines=0 blank_lines=1 note='' sample=''
2026-05-14 11:39:18 reader='hwp' source='realtime' title='안녕하세요 감사해요 잘 있어요 다시 만나요 감사합니다 .hwpx [C:\\Users\\USER\\Documents\\] - 한글' text_len=26 newlines=3 blank_lines=2 note='' sample='안녕하세요 반가워요 \n\n잘 있어요 다시 만나요\n'
2026-05-14 11:39:27 reader='unavailable' source='realtime' title='requirements.txt - writing-assistant(0.3.0) - Visual Studio Code' text_len=0 newlines=0 blank_lines=1 note='' sample=''
2026-05-14 11:39:39 reader='hwp' source='realtime' title='안녕하세요 감사해요 잘 있어요 다시 만나요 감사합니다 .hwpx [C:\\Users\\USER\\Documents\\] - 한글' text_len=26 newlines=3 blank_lines=2 note='' sample='안녕하세요 반가워요 \n\n잘 있어요 다시 만나요\n'
2026-05-14 11:39:39 reader='hwp' source='realtime' title='안녕하세요 감사해요 잘 있어요 다시 만나요 감사합니다 .hwpx [C:\\Users\\USER\\Documents\\] - 한글' text_len=37 newlines=1 blank_lines=1 note='' sample='안녕하세요 반가워요잘 있어요 다시 만나요 [맞춤법 기능 사용 됨]\n'
2026-05-14 11:39:44 reader='unavailable' source='realtime' title='requirements.txt - writing-assistant(0.3.0) - Visual Studio Code' text_len=0 newlines=0 blank_lines=1 note='' sample=''
2026-05-14 11:40:52 reader='hwp' source='realtime' title='안녕하세요 감사해요 잘 있어요 다시 만나요 감사합니다 .hwpx [C:\\Users\\USER\\Documents\\] - 한글' text_len=37 newlines=1 blank_lines=1 note='' sample='안녕하세요 반가워요잘 있어요 다시 만나요 [맞춤법 기능 사용 됨]\n'
2026-05-14 11:40:54 reader='hwp' source='realtime' title='안녕하세요 감사해요 잘 있어요 다시 만나요 감사합니다 .hwpx [C:\\Users\\USER\\Documents\\] - 한글' text_len=39 newlines=3 blank_lines=2 note='' sample='안녕하세요 반가워요\n\n잘 있어요 다시 만나요 [맞춤법 기능 사용 됨]\n'
2026-05-14 11:41:01 reader='hwp' source='realtime' title='안녕하세요 감사해요 잘 있어요 다시 만나요 감사합니다 .hwpx [C:\\Users\\USER\\Documents\\] - 한글' text_len=25 newlines=3 blank_lines=2 note='' sample='안녕하세요 반가워요\n\n잘 있어요 다시 만나요\n'
2026-05-14 11:41:06 reader='hwp' source='realtime' title='안녕하세요 감사해요 잘 있어요 다시 만나요 감사합니다 .hwpx [C:\\Users\\USER\\Documents\\] - 한글' text_len=27 newlines=3 blank_lines=2 note='' sample='안녕하세요 반가워요\n\n잘 있어요 다시 만나요 흐\n'
2026-05-14 11:41:06 reader='hwp' source='realtime' title='안녕하세요 감사해요 잘 있어요 다시 만나요 감사합니다 .hwpx [C:\\Users\\USER\\Documents\\] - 한글' text_len=29 newlines=3 blank_lines=2 note='' sample='안녕하세요 반가워요\n\n잘 있어요 다시 만나요 흐헤헤\n'
2026-05-14 11:41:07 reader='hwp' source='realtime' title='안녕하세요 감사해요 잘 있어요 다시 만나요 감사합니다 .hwpx [C:\\Users\\USER\\Documents\\] - 한글' text_len=32 newlines=3 blank_lines=2 note='' sample='안녕하세요 반가워요\n\n잘 있어요 다시 만나요 흐헤헤 흐헤\n'
2026-05-14 11:41:07 reader='hwp' source='realtime' title='안녕하세요 감사해요 잘 있어요 다시 만나요 감사합니다 .hwpx [C:\\Users\\USER\\Documents\\] - 한글' text_len=34 newlines=3 blank_lines=2 note='' sample='안녕하세요 반가워요\n\n잘 있어요 다시 만나요 흐헤헤 흐헤ㅔ \n'
2026-05-14 11:41:07 reader='hwp' source='realtime' title='안녕하세요 감사해요 잘 있어요 다시 만나요 감사합니다 .hwpx [C:\\Users\\USER\\Documents\\] - 한글' text_len=33 newlines=3 blank_lines=2 note='' sample='안녕하세요 반가워요\n\n잘 있어요 다시 만나요 흐헤헤 흐헤ㅔ\n'
2026-05-14 11:41:11 reader='unavailable' source='realtime' title='캡처 도구 오버레이' text_len=0 newlines=0 blank_lines=1 note='' sample=''
2026-05-14 11:41:14 reader='unavailable' source='realtime' title='requirements.txt - writing-assistant(0.3.0) - Visual Studio Code' text_len=0 newlines=0 blank_lines=1 note='' sample=''
2026-05-14 11:44:30 reader='hwp' source='realtime' title='안녕하세요 감사해요 잘 있어요 다시 만나요 감사합니다 .hwpx [C:\\Users\\USER\\Documents\\] - 한글' text_len=33 newlines=3 blank_lines=2 note='' sample='안녕하세요 반가워요\n\n잘 있어요 다시 만나요 흐헤헤 흐헤헤\n'
2026-05-14 11:44:35 reader='hwp' source='realtime' title='안녕하세요 감사해요 잘 있어요 다시 만나요 감사합니다 .hwpx [C:\\Users\\USER\\Documents\\] - 한글' text_len=47 newlines=3 blank_lines=2 note='' sample='안녕하세요 반가워요\n\n잘 있어요 다시 만나요 흐헤헤 흐헤헤 [맞춤법 기능 사용 됨]\n'
2026-05-14 11:44:37 reader='unavailable' source='realtime' title='requirements.txt - writing-assistant(0.3.0) - Visual Studio Code' text_len=0 newlines=0 blank_lines=1 note='' sample=''
2026-05-14 11:59:52 reader='hwp' source='realtime' title='' text_len=12 newlines=0 blank_lines=0 note='' sample='내 컴퓨터에서 불러오기'
2026-05-14 11:59:54 reader='hwp' source='realtime' title='한글' text_len=34 newlines=0 blank_lines=0 note='' sample='잘 있어요 다시 만나요 흐헤헤 흐헤헤 [맞춤법 기능 사용 됨]'
2026-05-14 11:59:55 reader='hwp' source='realtime' title='안녕하세요 감사해요 잘 있어요 다시 만나요 감사합니다 .hwpx [C:\\Users\\USER\\Documents\\] - 한글' text_len=34 newlines=0 blank_lines=0 note='' sample='잘 있어요 다시 만나요 흐헤헤 흐헤헤 [맞춤법 기능 사용 됨]'
2026-05-14 11:59:56 reader='hwp' source='realtime' title='안녕하세요 감사해요 잘 있어요 다시 만나요 감사합니다 .hwpx [C:\\Users\\USER\\Documents\\] - 한글' text_len=47 newlines=3 blank_lines=2 note='' sample='안녕하세요 반가워요\n\n잘 있어요 다시 만나요 흐헤헤 흐헤헤 [맞춤법 기능 사용 됨]\n'
2026-05-14 12:00:01 reader='hwp' source='realtime' title='안녕하세요 감사해요 잘 있어요 다시 만나요 감사합니다 .hwpx [C:\\Users\\USER\\Documents\\] - 한글' text_len=44 newlines=3 blank_lines=2 note='' sample='안녕하세요 반가워요\n\n잘 있어요 다시 만나요 흐헤헤 흐헤헤 [맞춤법 기능 사용\n'
2026-05-14 12:00:02 reader='hwp' source='realtime' title='안녕하세요 감사해요 잘 있어요 다시 만나요 감사합니다 .hwpx [C:\\Users\\USER\\Documents\\] - 한글' text_len=41 newlines=3 blank_lines=2 note='' sample='안녕하세요 반가워요\n\n잘 있어요 다시 만나요 흐헤헤 흐헤헤 [맞춤법 기능\n'
2026-05-14 12:00:02 reader='hwp' source='realtime' title='안녕하세요 감사해요 잘 있어요 다시 만나요 감사합니다 .hwpx [C:\\Users\\USER\\Documents\\] - 한글' text_len=39 newlines=3 blank_lines=2 note='' sample='안녕하세요 반가워요\n\n잘 있어요 다시 만나요 흐헤헤 흐헤헤 [맞춤법 \n'
2026-05-14 12:00:02 reader='hwp' source='realtime' title='안녕하세요 감사해요 잘 있어요 다시 만나요 감사합니다 .hwpx [C:\\Users\\USER\\Documents\\] - 한글' text_len=36 newlines=3 blank_lines=2 note='' sample='안녕하세요 반가워요\n\n잘 있어요 다시 만나요 흐헤헤 흐헤헤 [맞\n'
2026-05-14 12:00:03 reader='hwp' source='realtime' title='안녕하세요 감사해요 잘 있어요 다시 만나요 감사합니다 .hwpx [C:\\Users\\USER\\Documents\\] - 한글' text_len=33 newlines=3 blank_lines=2 note='' sample='안녕하세요 반가워요\n\n잘 있어요 다시 만나요 흐헤헤 흐헤헤\n'
2026-05-14 12:00:06 reader='hwp' source='realtime' title='안녕하세요 감사해요 잘 있어요 다시 만나요 감사합니다 .hwpx [C:\\Users\\USER\\Documents\\] - 한글' text_len=47 newlines=3 blank_lines=2 note='' sample='안녕하세요 반가워요\n\n잘 있어요 다시 만나요 흐헤헤 흐헤헤 [맞춤법 기능 사용 됨]\n'
2026-05-14 12:00:20 reader='unavailable' source='realtime' title='안녕하세요 감사해요 잘 있어요 다시 만나요 감사합니다 .hwpx [C:\\Users\\USER\\Documents\\] - 한글' text_len=0 newlines=0 blank_lines=1 note='' sample=''
2026-05-14 12:00:21 reader='unavailable' source='realtime' title='requirements.txt - writing-assistant(0.3.0) - Visual Studio Code' text_len=0 newlines=0 blank_lines=1 note='' sample=''
2026-05-14 12:02:16 reader='browser' source='realtime' title='(5) 해달킴님의 게시물 - YouTube 외 페이지 2개 - .ㅅ. - Microsoft\u200b Edge' text_len=2173 newlines=386 blank_lines=5 note='' sample='￼\n￼\n￼\n￼\n￼\n￼\n￼\n￼\nKR\n탐색 건너뛰기\n￼\n￼\n￼\nSearch\n음성으로 검색\ntooltip\n만들기\n￼\n￼\n5\n￼\n￼\ntooltip\n￼\n￼\n￼\n홈\n￼\n￼\n￼\nShorts\n￼\n￼\n￼\n구독\n￼\n￼\n구독\n￼\n내 페'
2026-05-14 12:31:06 reader='word' source='realtime' title='흐헤헤 흐헤헤 - Microsoft Word' text_len=12 newlines=1 blank_lines=1 note='' sample='안녕하세요 반갑습니다\n'
2026-05-14 12:31:13 reader='word' source='realtime' title='흐헤헤 흐헤헤 - Microsoft Word' text_len=15 newlines=3 blank_lines=2 note='' sample='안녕하세요 반갑습니다\n\n자\n'
2026-05-14 12:31:14 reader='word' source='realtime' title='흐헤헤 흐헤헤 - Microsoft Word' text_len=17 newlines=3 blank_lines=2 note='' sample='안녕하세요 반갑습니다\n\n잘 이\n'
2026-05-14 12:31:16 reader='word' source='realtime' title='흐헤헤 흐헤헤 - Microsoft Word' text_len=17 newlines=3 blank_lines=2 note='' sample='안녕하세요 반갑습니다\n\n잘 ㅇ\n'
2026-05-14 12:31:17 reader='word' source='realtime' title='흐헤헤 흐헤헤 - Microsoft Word' text_len=17 newlines=3 blank_lines=2 note='' sample='안녕하세요 반갑습니다\n\n잘 이\n'
2026-05-14 12:31:19 reader='word' source='realtime' title='흐헤헤 흐헤헤 - Microsoft Word' text_len=18 newlines=3 blank_lines=2 note='' sample='안녕하세요 반갑습니다\n\n잘 있ㅇ\n'
2026-05-14 12:31:20 reader='word' source='realtime' title='흐헤헤 흐헤헤 - Microsoft Word' text_len=18 newlines=3 blank_lines=2 note='' sample='안녕하세요 반갑습니다\n\n잘 있어\n'
2026-05-14 12:31:24 reader='word' source='realtime' title='흐헤헤 흐헤헤 - Microsoft Word' text_len=20 newlines=3 blank_lines=2 note='' sample='안녕하세요 반갑습니다\n\n잘 있어ㅇㅛ\n'
2026-05-14 12:31:25 reader='word' source='realtime' title='흐헤헤 흐헤헤 - Microsoft Word' text_len=19 newlines=3 blank_lines=2 note='' sample='안녕하세요 반갑습니다\n\n잘 있어ㅇ\n'
2026-05-14 12:31:27 reader='word' source='realtime' title='흐헤헤 흐헤헤 - Microsoft Word' text_len=18 newlines=3 blank_lines=2 note='' sample='안녕하세요 반갑습니다\n\n잘 있어\n'
2026-05-14 12:31:29 reader='word' source='realtime' title='흐헤헤 흐헤헤 - Microsoft Word' text_len=22 newlines=3 blank_lines=2 note='' sample='안녕하세요 반갑습니다\n\n잘 있어ㅇㅛ 닷\n'
2026-05-14 12:31:30 reader='word' source='realtime' title='흐헤헤 흐헤헤 - Microsoft Word' text_len=29 newlines=3 blank_lines=2 note='' sample='안녕하세요 반갑습니다\n\n잘 있어ㅇㅛ 닷ㅣ ㅁㅏㄴㄴㅏ\n'
2026-05-14 12:31:31 reader='word' source='realtime' title='흐헤헤 흐헤헤 - Microsoft Word' text_len=16 newlines=3 blank_lines=2 note='' sample='안녕하세요 반갑습니다\n\n잘 \n'
2026-05-14 12:31:33 reader='word' source='realtime' title='흐헤헤 흐헤헤 - Microsoft Word' text_len=14 newlines=3 blank_lines=3 note='' sample='안녕하세요 반갑습니다\n\n\n'
2026-05-14 12:31:34 reader='word' source='realtime' title='흐헤헤 흐헤헤 - Microsoft Word' text_len=18 newlines=3 blank_lines=2 note='' sample='안녕하세요 반갑습니다\n\nㅇㅏㄴㄴ\n'
2026-05-14 12:31:36 reader='word' source='realtime' title='흐헤헤 흐헤헤 - Microsoft Word' text_len=27 newlines=3 blank_lines=2 note='' sample='안녕하세요 반갑습니다\n\nㅇㅏㄴㄴㅕㅇㅎㅏㅅㅔㅇㅛ \n'
2026-05-14 12:31:37 reader='word' source='realtime' title='흐헤헤 흐헤헤 - Microsoft Word' text_len=16 newlines=3 blank_lines=2 note='' sample='안녕하세요 반갑습니다\n\nㅇㅏ\n'
2026-05-14 12:31:38 reader='word' source='realtime' title='흐헤헤 흐헤헤 - Microsoft Word' text_len=14 newlines=3 blank_lines=3 note='' sample='안녕하세요 반갑습니다\n\n\n'
2026-05-14 12:31:52 reader='word' source='realtime' title='흐헤헤 흐헤헤 - Microsoft Word' text_len=21 newlines=3 blank_lines=2 note='' sample='안녕하세요 반갑습니다\n\nㅈㅏㄹ ㅇㅣㅆ\n'
2026-05-14 12:38:37 reader='unavailable' source='realtime' title='명령 프롬프트 - python  main.py' text_len=0 newlines=0 blank_lines=1 note='' sample=''
2026-05-14 12:38:38 reader='word' source='realtime' title='흐헤헤 흐헤헤 - Microsoft Word' text_len=11 newlines=2 blank_lines=1 note='' sample='안녕하세요\n\n반가워요'
2026-05-14 12:38:48 reader='word' source='realtime' title='흐헤헤 흐헤헤 - Microsoft Word' text_len=25 newlines=2 blank_lines=1 note='' sample='안녕하세요\n\n반가워요 [맞춤법 기능 사용 됨]'
2026-05-14 12:39:02 reader='word' source='realtime' title='흐헤헤 흐헤헤 - Microsoft Word' text_len=26 newlines=2 blank_lines=1 note='' sample='안녕하세요\n\n반가워요 [맞춤법 기능 사용 됨]\t'
2026-05-14 12:39:04 reader='word' source='realtime' title='흐헤헤 흐헤헤 - Microsoft Word' text_len=25 newlines=2 blank_lines=1 note='' sample='안녕하세요\n\n반가워요 [맞춤법 기능 사용 됨]'
2026-05-14 12:39:05 reader='word' source='realtime' title='흐헤헤 흐헤헤 - Microsoft Word' text_len=11 newlines=2 blank_lines=1 note='' sample='안녕하세요\n\n반가워요'
2026-05-14 12:39:09 reader='word' source='realtime' title='흐헤헤 흐헤헤 - Microsoft Word' text_len=13 newlines=4 blank_lines=3 note='' sample='안녕하세요\n\n반가워요\n\n'
2026-05-14 12:39:11 reader='word' source='realtime' title='흐헤헤 흐헤헤 - Microsoft Word' text_len=14 newlines=4 blank_lines=2 note='' sample='안녕하세요\n\n반가워요\n\n자'
2026-05-14 12:39:12 reader='word' source='realtime' title='흐헤헤 흐헤헤 - Microsoft Word' text_len=14 newlines=4 blank_lines=2 note='' sample='안녕하세요\n\n반가워요\n\n잘'
2026-05-14 12:39:14 reader='word' source='realtime' title='흐헤헤 흐헤헤 - Microsoft Word' text_len=22 newlines=4 blank_lines=2 note='' sample='안녕하세요\n\n반가워요\n\n잘 ㅇㅣㅆㅇㅓ요 '
2026-05-14 12:39:16 reader='word' source='realtime' title='흐헤헤 흐헤헤 - Microsoft Word' text_len=33 newlines=4 blank_lines=2 note='' sample='안녕하세요\n\n반가워요\n\n잘 ㅇㅣㅆㅇㅓ요 ㄷㅏㅅㅣ ㅁㅏㄴㅏㄴ요'
2026-05-14 12:46:10 reader='word' source='realtime' title='흐헤헤 흐헤헤 - Microsoft Word' text_len=11 newlines=2 blank_lines=1 note='' sample='안녕하세요\n\n반가워요'
2026-05-14 12:46:29 reader='word' source='realtime' title='흐헤헤 흐헤헤 - Microsoft Word' text_len=35 newlines=6 blank_lines=3 note='' sample='안녕하세요\n\n반가워요\n\n안녕하세요 반가워요\n\n안녕하세요 반가워요'
2026-05-14 12:46:38 reader='unavailable' source='realtime' title='시작 - writing-assistant(0.3.0) - Visual Studio Code' text_len=0 newlines=0 blank_lines=1 note='' sample=''
2026-05-14 12:47:07 reader='word' source='realtime' title='흐헤헤 흐헤헤 - Microsoft Word' text_len=35 newlines=6 blank_lines=3 note='' sample='안녕하세요\n\n반가워요\n\n안녕하세요 반가워요\n\n안녕하세요 반가워요'
2026-05-14 12:47:16 reader='word' source='realtime' title='흐헤헤 흐헤헤 - Microsoft Word' text_len=49 newlines=6 blank_lines=3 note='' sample='안녕하세요\n\n반가워요\n\n안녕하세요 반가워요\n\n안녕하세요 반가워요 [맞춤법 기능 사용 됨]'
2026-05-14 12:47:29 reader='word' source='realtime' title='흐헤헤 흐헤헤 - Microsoft Word' text_len=47 newlines=6 blank_lines=3 note='' sample='안녕하세요\n\n반가워요\n\n안녕하세요 반가워요\n\n안녕하세요 반가워요 [맞춤법 기능 사용 '
2026-05-14 12:47:38 reader='word' source='realtime' title='흐헤헤 흐헤헤 - Microsoft Word' text_len=50 newlines=6 blank_lines=3 note='' sample='안녕하세요\n\n반가워요\n\n안녕하세요 반가워요\n\n안녕하세요 반가워요 [맞춤법 기능 사용 됨] '
2026-05-14 12:47:42 reader='word' source='realtime' title='흐헤헤 흐헤헤 - Microsoft Word' text_len=49 newlines=6 blank_lines=3 note='' sample='안녕하세요\n\n반가워요\n\n안녕하세요 반가워요\n\n안녕하세요 반가워요 [맞춤법 기능 사용 됨]'
2026-05-14 12:47:43 reader='unavailable' source='realtime' title='시작 - writing-assistant(0.3.0) - Visual Studio Code' text_len=0 newlines=0 blank_lines=1 note='' sample=''
2026-05-14 12:50:45 reader='word' source='realtime' title='흐헤헤 흐헤헤 - Microsoft Word' text_len=49 newlines=6 blank_lines=3 note='' sample='안녕하세요\n\n반가워요\n\n안녕하세요 반가워요\n\n안녕하세요 반가워요 [맞춤법 기능 사용 됨]'
2026-05-14 12:50:59 reader='word' source='realtime' title='흐헤헤 흐헤헤 - Microsoft Word' text_len=35 newlines=6 blank_lines=3 note='' sample='안녕하세요\n\n반가워요\n\n안녕하세요 반가워요\n\n안녕하세요 반가워요'
2026-05-14 12:51:19 reader='word' source='realtime' title='흐헤헤 흐헤헤 - Microsoft Word' text_len=11 newlines=2 blank_lines=1 note='' sample='안녕하세요\n\n반가워요'
2026-05-14 12:51:28 reader='word' source='realtime' title='흐헤헤 흐헤헤 - Microsoft Word' text_len=25 newlines=2 blank_lines=1 note='' sample='안녕하세요\n\n반가워요 [맞춤법 기능 사용 됨]'
2026-05-14 12:51:44 reader='word' source='realtime' title='흐헤헤 흐헤헤 - Microsoft Word' text_len=26 newlines=3 blank_lines=2 note='' sample='안녕하세요\n\n반가워요 [맞춤법 기능 사용 됨]\n'
2026-05-14 12:51:46 reader='word' source='realtime' title='흐헤헤 흐헤헤 - Microsoft Word' text_len=27 newlines=4 blank_lines=3 note='' sample='안녕하세요\n\n반가워요 [맞춤법 기능 사용 됨]\n\n'
2026-05-14 12:52:01 reader='word' source='realtime' title='흐헤헤 흐헤헤 - Microsoft Word' text_len=31 newlines=4 blank_lines=2 note='' sample='안녕하세요\n\n반가워요 [맞춤법 기능 사용 됨]\n\n반가워요'
2026-05-14 12:56:03 reader='unavailable' source='realtime' title='명령 프롬프트 - python  main.py' text_len=0 newlines=0 blank_lines=1 note='' sample=''
2026-05-14 12:56:05 reader='word' source='realtime' title='흐헤헤 흐헤헤 - Microsoft Word' text_len=11 newlines=2 blank_lines=1 note='' sample='안녕하세요\n\n반가워요'
2026-05-14 12:56:08 reader='word' source='realtime' title='흐헤헤 흐헤헤 - Microsoft Word' text_len=14 newlines=4 blank_lines=2 note='' sample='안녕하세요\n\n반가워요\n\nㅇ'
2026-05-14 12:56:16 reader='word' source='realtime' title='흐헤헤 흐헤헤 - Microsoft Word' text_len=23 newlines=4 blank_lines=2 note='' sample='안녕하세요\n\n반가워요\n\n안녕하세요 반가워요'
2026-05-14 12:56:23 reader='word' source='realtime' title='흐헤헤 흐헤헤 - Microsoft Word' text_len=24 newlines=5 blank_lines=3 note='' sample='안녕하세요\n\n반가워요\n\n안녕하세요 반가워요\n'
2026-05-14 12:56:30 reader='word' source='realtime' title='흐헤헤 흐헤헤 - Microsoft Word' text_len=30 newlines=6 blank_lines=3 note='' sample='안녕하세요\n\n반가워요\n\n안녕하세요 반가워요\n\n잘 있어요'
2026-05-14 12:56:47 reader='word' source='realtime' title='흐헤헤 흐헤헤 - Microsoft Word' text_len=44 newlines=6 blank_lines=3 note='' sample='안녕하세요\n\n반가워요\n\n안녕하세요 반가워요\n\n잘 있어요 [맞춤법 기능 사용 됨]'
2026-05-14 12:57:13 reader='word' source='realtime' title='흐헤헤 흐헤헤 - Microsoft Word' text_len=30 newlines=6 blank_lines=3 note='' sample='안녕하세요\n\n반가워요\n\n안녕하세요 반가워요\n\n잘 있어요'
2026-05-14 12:57:24 reader='word' source='realtime' title='흐헤헤 흐헤헤 - Microsoft Word' text_len=44 newlines=6 blank_lines=3 note='' sample='안녕하세요\n\n반가워요\n\n안녕하세요 반가워요\n\n잘 있어요 [맞춤법 기능 사용 됨]'
2026-05-14 12:57:40 reader='word' source='realtime' title='흐헤헤 흐헤헤 - Microsoft Word' text_len=30 newlines=6 blank_lines=3 note='' sample='안녕하세요\n\n반가워요\n\n안녕하세요 반가워요\n\n잘 있어요'
2026-05-14 12:58:48 reader='word' source='realtime' title='흐헤헤 흐헤헤 - Microsoft Word' text_len=5 newlines=0 blank_lines=0 note='' sample='안녕하세요'
2026-05-14 12:58:55 reader='word' source='realtime' title='흐헤헤 흐헤헤 - Microsoft Word' text_len=19 newlines=0 blank_lines=0 note='' sample='안녕하세요 [맞춤법 기능 사용 됨]'
2026-05-14 12:58:59 reader='unavailable' source='realtime' title='시작 - writing-assistant(0.3.0) - Visual Studio Code' text_len=0 newlines=0 blank_lines=1 note='' sample=''
2026-05-14 13:12:25 reader='unavailable' source='realtime' title='명령 프롬프트 - python  main.py' text_len=0 newlines=0 blank_lines=1 note='' sample=''
2026-05-14 13:12:28 reader='word' source='realtime' title='흐헤헤 흐헤헤 - Microsoft Word' text_len=30 newlines=6 blank_lines=3 note='' sample='안녕하세요\n\n반가워요\n\n안녕하세요 반가워요\n\n잘 있어요'
2026-05-14 13:12:40 reader='word' source='realtime' title='흐헤헤 흐헤헤 - Microsoft Word' text_len=44 newlines=6 blank_lines=3 note='' sample='안녕하세요\n\n반가워요\n\n안녕하세요 반가워요\n\n잘 있어요 [맞춤법 기능 사용 됨]'
2026-05-14 13:12:57 reader='unavailable' source='realtime' title='시작 - writing-assistant(0.3.0) - Visual Studio Code' text_len=0 newlines=0 blank_lines=1 note='' sample=''
2026-05-14 13:13:21 reader='word' source='realtime' title='흐헤헤 흐헤헤 - Microsoft Word' text_len=44 newlines=6 blank_lines=3 note='' sample='안녕하세요\n\n반가워요\n\n안녕하세요 반가워요\n\n잘 있어요 [맞춤법 기능 사용 됨]'
2026-05-14 13:13:40 reader='word' source='realtime' title='흐헤헤 흐헤헤 - Microsoft Word' text_len=53 newlines=8 blank_lines=4 note='' sample='안녕하세요\n\n반가워요\n\n안녕하세요 반가워요\n\n잘 있어요 [맞춤법 기능 사용 됨]\n\n힘들었던 하루'
2026-05-14 13:13:45 reader='unavailable' source='realtime' title='시작 - writing-assistant(0.3.0) - Visual Studio Code' text_len=0 newlines=0 blank_lines=1 note='' sample=''
2026-05-14 13:44:59 reader='word' source='realtime' title='흐헤헤 흐헤헤 - Microsoft Word' text_len=53 newlines=8 blank_lines=4 note='' sample='안녕하세요\n\n반가워요\n\n안녕하세요 반가워요\n\n잘 있어요 [맞춤법 기능 사용 됨]\n\n힘들었던 하루'
2026-05-14 13:45:18 reader='word' source='realtime' title='흐헤헤 흐헤헤 - Microsoft Word' text_len=63 newlines=10 blank_lines=5 note='' sample='안녕하세요\n\n반가워요\n\n안녕하세요 반가워요\n\n잘 있어요 [맞춤법 기능 사용 됨]\n\n힘들었던 하루\n\n저기로 가면 돼'
2026-05-14 13:45:31 reader='word' source='realtime' title='흐헤헤 흐헤헤 - Microsoft Word' text_len=31 newlines=7 blank_lines=4 note='' sample='안녕하세요\n\n반가워요\n\n안녕하세요 반가워요\n\n잘 있어요\n'
2026-05-14 13:46:12 reader='word' source='realtime' title='흐헤헤 흐헤헤 - Microsoft Word' text_len=45 newlines=7 blank_lines=4 note='' sample='안녕하세요\n\n반가워요\n\n안녕하세요 반가워요\n\n잘 있어요 [맞춤법 기능 사용 됨]\n'
2026-05-14 13:46:46 reader='word' source='realtime' title='흐헤헤 흐헤헤 - Microsoft Word' text_len=53 newlines=8 blank_lines=4 note='' sample='안녕하세요\n\n반가워요\n\n안녕하세요 반가워요\n\n잘 있어요 [맞춤법 기능 사용 됨]\n\n힘들었던 하루'
2026-05-14 13:46:52 reader='word' source='realtime' title='흐헤헤 흐헤헤 - Microsoft Word' text_len=31 newlines=7 blank_lines=4 note='' sample='안녕하세요\n\n반가워요\n\n안녕하세요 반가워요\n\n잘 있어요\n'
2026-05-14 13:47:02 reader='word' source='realtime' title='흐헤헤 흐헤헤 - Microsoft Word' text_len=30 newlines=6 blank_lines=3 note='' sample='안녕하세요\n\n반가워요\n\n안녕하세요 반가워요\n\n잘 있어요'
2026-05-14 13:47:32 reader='word' source='realtime' title='흐헤헤 흐헤헤 - Microsoft Word' text_len=44 newlines=6 blank_lines=3 note='' sample='안녕하세요\n\n반가워요\n\n안녕하세요 반가워요\n\n잘 있어요 [맞춤법 기능 사용 됨]'
2026-05-14 13:56:15 reader='unavailable' source='realtime' title='명령 프롬프트 - python  main.py' text_len=0 newlines=0 blank_lines=1 note='' sample=''
2026-05-14 13:56:17 reader='word' source='realtime' title='흐헤헤 흐헤헤 - Microsoft Word' text_len=44 newlines=6 blank_lines=3 note='' sample='안녕하세요\n\n반가워요\n\n안녕하세요 반가워요\n\n잘 있어요 [맞춤법 기능 사용 됨]'
2026-05-14 13:56:25 reader='word' source='realtime' title='흐헤헤 흐헤헤 - Microsoft Word' text_len=30 newlines=6 blank_lines=3 note='' sample='안녕하세요\n\n반가워요\n\n안녕하세요 반가워요\n\n잘 있어요'
2026-05-14 13:56:53 reader='word' source='realtime' title='' text_len=30 newlines=6 blank_lines=3 note='' sample='안녕하세요\n\n반가워요\n\n안녕하세요 반가워요\n\n잘 있어요'
2026-05-14 13:56:58 reader='word' source='realtime' title='흐헤헤 흐헤헤 - Microsoft Word' text_len=30 newlines=6 blank_lines=3 note='' sample='안녕하세요\n\n반가워요\n\n안녕하세요 반가워요\n\n잘 있어요'
2026-05-14 13:57:04 reader='word' source='realtime' title='' text_len=30 newlines=6 blank_lines=3 note='' sample='안녕하세요\n\n반가워요\n\n안녕하세요 반가워요\n\n잘 있어요'
2026-05-14 13:57:05 reader='word' source='realtime' title='흐헤헤 흐헤헤 - Microsoft Word' text_len=30 newlines=6 blank_lines=3 note='' sample='안녕하세요\n\n반가워요\n\n안녕하세요 반가워요\n\n잘 있어요'
2026-05-14 13:57:16 reader='word' source='realtime' title='흐헤헤 흐헤헤 - Microsoft Word' text_len=44 newlines=6 blank_lines=3 note='' sample='안녕하세요\n\n반가워요\n\n안녕하세요 반가워요\n\n잘 있어요 [맞춤법 기능 사용 됨]'
2026-05-14 13:57:42 reader='word' source='realtime' title='흐헤헤 흐헤헤 - Microsoft Word' text_len=30 newlines=6 blank_lines=3 note='' sample='안녕하세요\n\n반가워요\n\n안녕하세요 반가워요\n\n잘 있어요'
2026-05-14 13:57:46 reader='word' source='realtime' title='' text_len=30 newlines=6 blank_lines=3 note='' sample='안녕하세요\n\n반가워요\n\n안녕하세요 반가워요\n\n잘 있어요'
2026-05-14 13:57:51 reader='word' source='realtime' title='흐헤헤 흐헤헤 - Microsoft Word' text_len=30 newlines=6 blank_lines=3 note='' sample='안녕하세요\n\n반가워요\n\n안녕하세요 반가워요\n\n잘 있어요'
2026-05-14 13:58:51 reader='word' source='realtime' title='흐헤헤 흐헤헤 - Microsoft Word' text_len=44 newlines=6 blank_lines=3 note='' sample='안녕하세요\n\n반가워요\n\n안녕하세요 반가워요\n\n잘 있어요 [맞춤법 기능 사용 됨]'
2026-05-14 13:58:58 reader='unavailable' source='realtime' title='시작 - writing-assistant(0.3.0) - Visual Studio Code' text_len=0 newlines=0 blank_lines=1 note='' sample=''
2026-05-14 14:43:39 reader='word' source='realtime' title='흐헤헤 흐헤헤 - Microsoft Word' text_len=44 newlines=6 blank_lines=3 note='' sample='안녕하세요\n\n반가워요\n\n안녕하세요 반가워요\n\n잘 있어요 [맞춤법 기능 사용 됨]'
2026-05-14 14:43:45 reader='word' source='realtime' title='흐헤헤 흐헤헤 - Microsoft Word' text_len=43 newlines=6 blank_lines=3 note='' sample='안녕하세요\n\n반가워요\n\n안녕하세요 반가워요\n\n잘 있어요 [맞춤법 기능 사용 됨'
2026-05-14 14:43:49 reader='word' source='realtime' title='흐헤헤 흐헤헤 - Microsoft Word' text_len=30 newlines=6 blank_lines=3 note='' sample='안녕하세요\n\n반가워요\n\n안녕하세요 반가워요\n\n잘 있어요'
2026-05-14 14:45:03 reader='word' source='realtime' title='흐헤헤 흐헤헤 - Microsoft Word' text_len=44 newlines=6 blank_lines=3 note='' sample='안녕하세요\n\n반가워요\n\n안녕하세요 반가워요\n\n잘 있어요 [맞춤법 기능 사용 됨]'
2026-05-14 14:45:14 reader='unavailable' source='realtime' title='시작 - writing-assistant(0.3.0) - Visual Studio Code' text_len=0 newlines=0 blank_lines=1 note='' sample=''
2026-05-14 14:45:18 reader='unavailable' source='realtime' title='파일 탐색기' text_len=0 newlines=0 blank_lines=1 note='' sample=''
2026-05-14 14:45:21 reader='unavailable' source='realtime' title='시작 - writing-assistant(0.3.0) - Visual Studio Code' text_len=0 newlines=0 blank_lines=1 note='' sample=''
2026-05-14 14:45:24 reader='word' source='realtime' title='흐헤헤 흐헤헤 - Microsoft Word' text_len=44 newlines=6 blank_lines=3 note='' sample='안녕하세요\n\n반가워요\n\n안녕하세요 반가워요\n\n잘 있어요 [맞춤법 기능 사용 됨]'
2026-05-14 14:45:36 reader='unavailable' source='realtime' title='화면 캡처' text_len=0 newlines=0 blank_lines=1 note='' sample=''
2026-05-14 14:45:44 reader='unavailable' source='realtime' title='시작 - writing-assistant(0.3.0) - Visual Studio Code' text_len=0 newlines=0 blank_lines=1 note='' sample=''
2026-05-14 14:50:25 reader='word' source='realtime' title='흐헤헤 흐헤헤 - Microsoft Word' text_len=44 newlines=6 blank_lines=3 note='' sample='안녕하세요\n\n반가워요\n\n안녕하세요 반가워요\n\n잘 있어요 [맞춤법 기능 사용 됨]'
2026-05-14 14:50:34 reader='word' source='realtime' title='흐헤헤 흐헤헤 - Microsoft Word' text_len=30 newlines=6 blank_lines=3 note='' sample='안녕하세요\n\n반가워요\n\n안녕하세요 반가워요\n\n잘 있어요'
2026-05-14 14:50:51 reader='word' source='realtime' title='흐헤헤 흐헤헤 - Microsoft Word' text_len=34 newlines=6 blank_lines=3 note='' sample='안녕하세요\n\n반가워요\n\n안녕하세요 반가워요\n\n잘 있어요 흐헤헤'
2026-05-14 14:51:02 reader='word' source='realtime' title='흐헤헤 흐헤헤 - Microsoft Word' text_len=48 newlines=6 blank_lines=3 note='' sample='안녕하세요\n\n반가워요\n\n안녕하세요 반가워요\n\n잘 있어요 흐헤헤 [맞춤법 기능 사용 됨]'
2026-05-14 14:51:11 reader='unavailable' source='realtime' title='시작 - writing-assistant(0.3.0) - Visual Studio Code' text_len=0 newlines=0 blank_lines=1 note='' sample=''
2026-05-14 22:38:49 reader='word' source='realtime' title='흐헤헤 흐헤헤 - Microsoft Word' text_len=48 newlines=6 blank_lines=3 note='' sample='안녕하세요\n\n반가워요\n\n안녕하세요 반가워요\n\n잘 있어요 흐헤헤 [맞춤법 기능 사용 됨]'
2026-05-14 22:39:08 reader='word' source='realtime' title='흐헤헤 흐헤헤 - Microsoft Word' text_len=34 newlines=6 blank_lines=3 note='' sample='안녕하세요\n\n반가워요\n\n안녕하세요 반가워요\n\n잘 있어요 흐헤헤'
2026-05-14 22:40:30 reader='word' source='realtime' title='흐헤헤 흐헤헤 - Microsoft Word' text_len=48 newlines=6 blank_lines=3 note='' sample='안녕하세요\n\n반가워요\n\n안녕하세요 반가워요\n\n잘 있어요 흐헤헤 [맞춤법 기능 사용 됨]'
2026-05-14 22:40:41 reader='unavailable' source='realtime' title='흐헤헤 흐헤헤 - Microsoft Word' text_len=0 newlines=0 blank_lines=1 note='' sample=''
2026-05-14 22:40:41 reader='unavailable' source='realtime' title='Microsoft Office Word' text_len=0 newlines=0 blank_lines=1 note='' sample=''
2026-05-14 22:40:46 reader='unavailable' source='realtime' title='Microsoft Word' text_len=0 newlines=0 blank_lines=1 note='' sample=''
2026-05-14 22:40:46 reader='unavailable' source='realtime' title='명령 프롬프트 - python  main.py' text_len=0 newlines=0 blank_lines=1 note='' sample=''
2026-05-14 22:40:49 reader='unavailable' source='realtime' title='검색' text_len=0 newlines=0 blank_lines=1 note='' sample=''
2026-05-14 22:41:10 reader='unavailable' source='realtime' title='Microsoft Word' text_len=0 newlines=0 blank_lines=1 note='' sample=''
2026-05-14 22:41:11 reader='unavailable' source='realtime' title='문서1 - Microsoft Word' text_len=0 newlines=0 blank_lines=1 note='' sample=''
2026-05-14 22:41:54 reader='word' source='realtime' title='문서1 - Microsoft Word' text_len=1 newlines=0 blank_lines=0 note='' sample='ㅇ'
2026-05-14 22:42:09 reader='word' source='realtime' title='문서1 - Microsoft Word' text_len=24 newlines=2 blank_lines=1 note='' sample='안녕하세요 반가워요\n\n잘 있어요 다시 만나요'
2026-05-14 22:42:54 reader='word' source='realtime' title='문서1 - Microsoft Word' text_len=27 newlines=4 blank_lines=2 note='' sample='안녕하세요 반가워요\n\n잘 있어요 다시 만나요\n\nㅗ'
2026-05-14 22:42:58 reader='word' source='realtime' title='문서1 - Microsoft Word' text_len=28 newlines=4 blank_lines=2 note='' sample='안녕하세요 반가워요\n\n잘 있어요 다시 만나요\n\nㅎ;'
2026-05-14 22:43:10 reader='word' source='realtime' title='문서1 - Microsoft Word' text_len=42 newlines=4 blank_lines=2 note='' sample='안녕하세요 반가워요\n\n잘 있어요 다시 만나요\n\nㅎ; [맞춤법 기능 사용 됨]'
2026-05-14 22:43:47 reader='unavailable' source='realtime' title='시작 - writing-assistant(0.3.0) - Visual Studio Code' text_len=0 newlines=0 blank_lines=1 note='' sample=''
2026-05-14 22:43:51 reader='word' source='realtime' title='문서1 - Microsoft Word' text_len=42 newlines=4 blank_lines=2 note='' sample='안녕하세요 반가워요\n\n잘 있어요 다시 만나요\n\nㅎ; [맞춤법 기능 사용 됨]'
2026-05-14 22:43:55 reader='unavailable' source='realtime' title='문서1 - Microsoft Word' text_len=0 newlines=0 blank_lines=1 note='' sample=''
2026-05-14 22:43:56 reader='unavailable' source='realtime' title='다른 이름으로 저장' text_len=0 newlines=0 blank_lines=1 note='' sample=''
2026-05-14 22:44:04 reader='word' source='realtime' title='안녕하세요 반가워요 히히 - Microsoft Word' text_len=42 newlines=4 blank_lines=2 note='' sample='안녕하세요 반가워요\n\n잘 있어요 다시 만나요\n\nㅎ; [맞춤법 기능 사용 됨]'
2026-05-14 22:44:23 reader='word' source='realtime' title='안녕하세요 반가워요 히히 - Microsoft Word' text_len=26 newlines=4 blank_lines=3 note='' sample='안녕하세요 반가워요\n\n잘 있어요 다시 만나요\n\n'
2026-05-14 22:44:36 reader='word' source='realtime' title='' text_len=26 newlines=4 blank_lines=3 note='' sample='안녕하세요 반가워요\n\n잘 있어요 다시 만나요\n\n'
2026-05-14 22:44:38 reader='word' source='realtime' title='안녕하세요 반가워요 히히 - Microsoft Word' text_len=26 newlines=4 blank_lines=3 note='' sample='안녕하세요 반가워요\n\n잘 있어요 다시 만나요\n\n'
2026-05-14 22:44:41 reader='word' source='realtime' title='' text_len=26 newlines=4 blank_lines=3 note='' sample='안녕하세요 반가워요\n\n잘 있어요 다시 만나요\n\n'
2026-05-14 22:44:44 reader='word' source='realtime' title='안녕하세요 반가워요 히히 - Microsoft Word' text_len=26 newlines=4 blank_lines=3 note='' sample='안녕하세요 반가워요\n\n잘 있어요 다시 만나요\n\n'
2026-05-14 22:44:59 reader='word' source='realtime' title='안녕하세요 반가워요 히히 - Microsoft Word' text_len=29 newlines=4 blank_lines=2 note='' sample='안녕하세요 반가워요\n\n잘 있어요 다시 만나요\n\n히히;'
2026-05-14 22:45:21 reader='unavailable' source='realtime' title='시작 - writing-assistant(0.3.0) - Visual Studio Code' text_len=0 newlines=0 blank_lines=1 note='' sample=''
2026-05-14 22:50:23 reader='word' source='realtime' title='안녕하세요 반가워요 히히 - Microsoft Word' text_len=29 newlines=4 blank_lines=2 note='' sample='안녕하세요 반가워요\n\n잘 있어요 다시 만나요\n\n히히;'
2026-05-14 22:50:24 reader='unavailable' source='realtime' title='시작 - writing-assistant(0.3.0) - Visual Studio Code' text_len=0 newlines=0 blank_lines=1 note='' sample=''
2026-05-14 22:50:35 reader='word' source='realtime' title='안녕하세요 반가워요 히히 - Microsoft Word' text_len=29 newlines=4 blank_lines=2 note='' sample='안녕하세요 반가워요\n\n잘 있어요 다시 만나요\n\n히히;'
2026-05-14 22:50:45 reader='unavailable' source='realtime' title='화면 캡처' text_len=0 newlines=0 blank_lines=1 note='' sample=''
2026-05-14 22:50:47 reader='word' source='realtime' title='안녕하세요 반가워요 히히 - Microsoft Word' text_len=29 newlines=4 blank_lines=2 note='' sample='안녕하세요 반가워요\n\n잘 있어요 다시 만나요\n\n히히;'
2026-05-14 22:50:59 reader='word' source='realtime' title='안녕하세요 반가워요 히히 - Microsoft Word' text_len=32 newlines=6 blank_lines=3 note='' sample='안녕하세요 반가워요\n\n잘 있어요 다시 만나요\n\n히히;\n\n히'
2026-05-14 22:51:04 reader='word' source='realtime' title='안녕하세요 반가워요 히히 - Microsoft Word' text_len=46 newlines=6 blank_lines=3 note='' sample='안녕하세요 반가워요\n\n잘 있어요 다시 만나요\n\n히히;\n\n히 [맞춤법 기능 사용 됨]'
2026-05-14 22:51:09 reader='unavailable' source='realtime' title='화면 캡처' text_len=0 newlines=0 blank_lines=1 note='' sample=''
2026-05-14 22:51:12 reader='word' source='realtime' title='안녕하세요 반가워요 히히 - Microsoft Word' text_len=46 newlines=6 blank_lines=3 note='' sample='안녕하세요 반가워요\n\n잘 있어요 다시 만나요\n\n히히;\n\n히 [맞춤법 기능 사용 됨]'
2026-05-14 22:51:13 reader='unavailable' source='realtime' title='시작 - writing-assistant(0.3.0) - Visual Studio Code' text_len=0 newlines=0 blank_lines=1 note='' sample=''
2026-05-14 22:51:44 reader='word' source='realtime' title='안녕하세요 반가워요 히히 - Microsoft Word' text_len=46 newlines=6 blank_lines=3 note='' sample='안녕하세요 반가워요\n\n잘 있어요 다시 만나요\n\n히히;\n\n히 [맞춤법 기능 사용 됨]'
2026-05-14 22:51:44 reader='unavailable' source='realtime' title='시작 - writing-assistant(0.3.0) - Visual Studio Code' text_len=0 newlines=0 blank_lines=1 note='' sample=''
2026-05-14 22:55:35 reader='unavailable' source='realtime' title='네트워크 연결' text_len=0 newlines=0 blank_lines=1 note='' sample=''
2026-05-14 22:55:40 reader='unavailable' source='realtime' title='시작 - writing-assistant(0.3.0) - Visual Studio Code' text_len=0 newlines=0 blank_lines=1 note='' sample=''
2026-05-14 22:55:43 reader='word' source='realtime' title='안녕하세요 반가워요 히히 - Microsoft Word' text_len=46 newlines=6 blank_lines=3 note='' sample='안녕하세요 반가워요\n\n잘 있어요 다시 만나요\n\n히히;\n\n히 [맞춤법 기능 사용 됨]'
2026-05-14 22:55:45 reader='unavailable' source='realtime' title='명령 프롬프트 - python  main.py' text_len=0 newlines=0 blank_lines=1 note='' sample=''
2026-05-15 08:32:45 reader='word' source='realtime' title='안녕하세요 반가워요 히히 - Microsoft Word' text_len=28 newlines=4 blank_lines=2 note='' sample='안녕하세요 반가워요\n\n잘 있어요 다시 만나요\n\n히히'
2026-05-15 08:32:54 reader='word' source='realtime' title='안녕하세요 반가워요 히히 - Microsoft Word' text_len=42 newlines=4 blank_lines=2 note='' sample='안녕하세요 반가워요\n\n잘 있어요 다시 만나요\n\n히히 [맞춤법 기능 사용 됨]'
2026-05-15 08:33:00 reader='unavailable' source='realtime' title='화면 캡처' text_len=0 newlines=0 blank_lines=1 note='' sample=''
2026-05-15 08:33:04 reader='word' source='realtime' title='안녕하세요 반가워요 히히 - Microsoft Word' text_len=42 newlines=4 blank_lines=2 note='' sample='안녕하세요 반가워요\n\n잘 있어요 다시 만나요\n\n히히 [맞춤법 기능 사용 됨]'
2026-05-15 08:33:07 reader='unavailable' source='realtime' title='안녕하세요 반가워요 히히 - Microsoft Word' text_len=0 newlines=0 blank_lines=1 note='' sample=''
2026-05-15 08:33:07 reader='unavailable' source='realtime' title='Microsoft Office Word' text_len=0 newlines=0 blank_lines=1 note='' sample=''
2026-05-15 08:33:14 reader='unavailable' source='realtime' title='안녕하세요 반가워요 히히 - Microsoft Word' text_len=0 newlines=0 blank_lines=1 note='' sample=''
2026-05-15 08:33:14 reader='word_closed' source='realtime' title='안녕하세요 반가워요 히히 - Microsoft Word' text_len=0 newlines=0 blank_lines=1 note='' sample=''
2026-05-15 08:33:16 reader='unavailable' source='realtime' title='명령 프롬프트 - python  main.py' text_len=0 newlines=0 blank_lines=1 note='' sample=''
2026-05-15 08:33:19 reader='unavailable' source='realtime' title='시작 - writing-assistant(0.3.0) - Visual Studio Code' text_len=0 newlines=0 blank_lines=1 note='' sample=''
2026-05-15 08:37:31 reader='word' source='realtime' title='안녕하세요 반가워요 히히 - Microsoft Word' text_len=28 newlines=4 blank_lines=2 note='' sample='안녕하세요 반가워요\n\n잘 있어요 다시 만나요\n\n히히'
2026-05-15 08:37:39 reader='word' source='realtime' title='안녕하세요 반가워요 히히 - Microsoft Word' text_len=42 newlines=4 blank_lines=2 note='' sample='안녕하세요 반가워요\n\n잘 있어요 다시 만나요\n\n히히 [맞춤법 기능 사용 됨]'
2026-05-15 08:37:45 reader='unavailable' source='realtime' title='화면 캡처' text_len=0 newlines=0 blank_lines=1 note='' sample=''
2026-05-15 08:37:49 reader='word' source='realtime' title='안녕하세요 반가워요 히히 - Microsoft Word' text_len=42 newlines=4 blank_lines=2 note='' sample='안녕하세요 반가워요\n\n잘 있어요 다시 만나요\n\n히히 [맞춤법 기능 사용 됨]'
2026-05-15 08:37:59 reader='unavailable' source='realtime' title='안녕하세요 반가워요 히히 - Microsoft Word' text_len=0 newlines=0 blank_lines=1 note='' sample=''
2026-05-15 08:37:59 reader='unavailable' source='realtime' title='Microsoft Office Word' text_len=0 newlines=0 blank_lines=1 note='' sample=''
2026-05-15 08:38:04 reader='unavailable' source='realtime' title='안녕하세요 반가워요 히히 - Microsoft Word' text_len=0 newlines=0 blank_lines=1 note='' sample=''
2026-05-15 08:38:04 reader='word_closed' source='realtime' title='안녕하세요 반가워요 히히 - Microsoft Word' text_len=0 newlines=0 blank_lines=1 note='' sample=''
2026-05-15 08:38:04 reader='unavailable' source='realtime' title='명령 프롬프트 - python  main.py' text_len=0 newlines=0 blank_lines=1 note='' sample=''
2026-05-15 08:38:05 reader='unavailable' source='realtime' title='검색' text_len=0 newlines=0 blank_lines=1 note='' sample=''
2026-05-15 08:38:11 reader='unavailable' source='realtime' title='문서1 - Microsoft Word' text_len=0 newlines=0 blank_lines=1 note='' sample=''
2026-05-15 08:38:20 reader='word' source='realtime' title='문서1 - Microsoft Word' text_len=13 newlines=4 blank_lines=2 note='' sample='김승현\n\n김승현\n\n김승현'
2026-05-15 08:38:40 reader='word' source='realtime' title='문서1 - Microsoft Word' text_len=15 newlines=6 blank_lines=4 note='' sample='김승현\n\n김승현\n\n김승현\n\n'
2026-05-15 08:38:45 reader='word' source='realtime' title='문서1 - Microsoft Word' text_len=18 newlines=6 blank_lines=3 note='' sample='김승현\n\n김승현\n\n김승현\n\n테스트'
2026-05-15 08:39:12 reader='word' source='realtime' title='문서1 - Microsoft Word' text_len=32 newlines=6 blank_lines=3 note='' sample='김승현\n\n김승현\n\n김승현\n\n테스트 [맞춤법 기능 사용 됨]'
2026-05-15 08:39:32 reader='word' source='realtime' title='문서1 - Microsoft Word' text_len=18 newlines=6 blank_lines=3 note='' sample='김승현\n\n김승현\n\n김승현\n\n테스트'
2026-05-15 08:39:37 reader='word' source='realtime' title='문서1 - Microsoft Word' text_len=32 newlines=6 blank_lines=3 note='' sample='김승현\n\n김승현\n\n김승현\n\n테스트 [맞춤법 기능 사용 됨]'
2026-05-15 08:39:39 reader='word' source='realtime' title='문서1 - Microsoft Word' text_len=18 newlines=6 blank_lines=3 note='' sample='김승현\n\n김승현\n\n김승현\n\n테스트'
2026-05-15 08:39:51 reader='unavailable' source='realtime' title='화면 캡처' text_len=0 newlines=0 blank_lines=1 note='' sample=''
2026-05-15 08:39:55 reader='word' source='realtime' title='문서1 - Microsoft Word' text_len=18 newlines=6 blank_lines=3 note='' sample='김승현\n\n김승현\n\n김승현\n\n테스트'
2026-05-15 08:39:58 reader='word' source='realtime' title='문서1 - Microsoft Word' text_len=32 newlines=6 blank_lines=3 note='' sample='김승현\n\n김승현\n\n김승현\n\n테스트 [맞춤법 기능 사용 됨]'
2026-05-15 08:40:07 reader='unavailable' source='realtime' title='화면 캡처' text_len=0 newlines=0 blank_lines=1 note='' sample=''
2026-05-15 08:40:13 reader='word' source='realtime' title='문서1 - Microsoft Word' text_len=32 newlines=6 blank_lines=3 note='' sample='김승현\n\n김승현\n\n김승현\n\n테스트 [맞춤법 기능 사용 됨]'
2026-05-15 08:42:47 reader='word' source='realtime' title='문서1 - Microsoft Word' text_len=18 newlines=6 blank_lines=3 note='' sample='김승현\n\n김승현\n\n김승현\n\n테스트'
2026-05-15 08:42:54 reader='word' source='realtime' title='문서1 - Microsoft Word' text_len=32 newlines=6 blank_lines=3 note='' sample='김승현\n\n김승현\n\n김승현\n\n테스트 [맞춤법 기능 사용 됨]'
2026-05-15 08:43:03 reader='unavailable' source='realtime' title='화면 캡처' text_len=0 newlines=0 blank_lines=1 note='' sample=''
2026-05-15 08:43:07 reader='word' source='realtime' title='문서1 - Microsoft Word' text_len=32 newlines=6 blank_lines=3 note='' sample='김승현\n\n김승현\n\n김승현\n\n테스트 [맞춤법 기능 사용 됨]'
2026-05-15 08:43:10 reader='unavailable' source='realtime' title='시작 - writing-assistant(0.3.0) - Visual Studio Code' text_len=0 newlines=0 blank_lines=1 note='' sample=''
2026-05-15 08:43:20 reader='word' source='realtime' title='문서1 - Microsoft Word' text_len=32 newlines=6 blank_lines=3 note='' sample='김승현\n\n김승현\n\n김승현\n\n테스트 [맞춤법 기능 사용 됨]'
2026-05-15 08:43:38 reader='word' source='realtime' title='문서1 - Microsoft Word' text_len=18 newlines=6 blank_lines=3 note='' sample='김승현\n\n김승현\n\n김승현\n\n테스트'
2026-05-15 08:43:44 reader='unavailable' source='realtime' title='화면 캡처' text_len=0 newlines=0 blank_lines=1 note='' sample=''
2026-05-15 08:43:47 reader='word' source='realtime' title='문서1 - Microsoft Word' text_len=18 newlines=6 blank_lines=3 note='' sample='김승현\n\n김승현\n\n김승현\n\n테스트'
2026-05-15 08:43:48 reader='unavailable' source='realtime' title='시작 - writing-assistant(0.3.0) - Visual Studio Code' text_len=0 newlines=0 blank_lines=1 note='' sample=''
2026-05-15 08:44:51 reader='word' source='realtime' title='문서1 - Microsoft Word' text_len=18 newlines=6 blank_lines=3 note='' sample='김승현\n\n김승현\n\n김승현\n\n테스트'
2026-05-15 08:44:55 reader='unavailable' source='realtime' title='시작 - writing-assistant(0.3.0) - Visual Studio Code' text_len=0 newlines=0 blank_lines=1 note='' sample=''
2026-05-15 08:44:59 reader='word' source='realtime' title='문서1 - Microsoft Word' text_len=18 newlines=6 blank_lines=3 note='' sample='김승현\n\n김승현\n\n김승현\n\n테스트'
2026-05-15 08:45:05 reader='word' source='realtime' title='' text_len=18 newlines=6 blank_lines=3 note='' sample='김승현\n\n김승현\n\n김승현\n\n테스트'
2026-05-15 08:45:07 reader='word_closed' source='realtime' title='' text_len=0 newlines=0 blank_lines=1 note='' sample=''
2026-05-15 08:45:07 reader='word' source='realtime' title='문서1 - Microsoft Word' text_len=18 newlines=6 blank_lines=3 note='' sample='김승현\n\n김승현\n\n김승현\n\n테스트'
2026-05-15 08:45:25 reader='unavailable' source='realtime' title='시작 - writing-assistant(0.3.0) - Visual Studio Code' text_len=0 newlines=0 blank_lines=1 note='' sample=''
2026-05-15 08:46:28 reader='unavailable' source='realtime' title='배터리 전원이 부족합니다.' text_len=0 newlines=0 blank_lines=1 note='' sample=''
2026-05-15 08:46:31 reader='unavailable' source='realtime' title='시작 - writing-assistant(0.3.0) - Visual Studio Code' text_len=0 newlines=0 blank_lines=1 note='' sample=''
2026-05-15 08:46:34 reader='unavailable' source='realtime' title='명령 프롬프트 - python  main.py' text_len=0 newlines=0 blank_lines=1 note='' sample=''
2026-05-15 08:46:57 reader='word' source='realtime' title='문서1 - Microsoft Word' text_len=18 newlines=6 blank_lines=3 note='' sample='김승현\n\n김승현\n\n김승현\n\n테스트'
2026-05-15 08:47:03 reader='word' source='realtime' title='문서1 - Microsoft Word' text_len=32 newlines=6 blank_lines=3 note='' sample='김승현\n\n김승현\n\n김승현\n\n테스트 [맞춤법 기능 사용 됨]'
2026-05-15 08:47:06 reader='unavailable' source='realtime' title='시작 - writing-assistant(0.3.0) - Visual Studio Code' text_len=0 newlines=0 blank_lines=1 note='' sample=''
2026-05-15 08:47:19 reader='word' source='realtime' title='문서1 - Microsoft Word' text_len=32 newlines=6 blank_lines=3 note='' sample='김승현\n\n김승현\n\n김승현\n\n테스트 [맞춤법 기능 사용 됨]'
2026-05-15 08:47:21 reader='unavailable' source='realtime' title='시작 - writing-assistant(0.3.0) - Visual Studio Code' text_len=0 newlines=0 blank_lines=1 note='' sample=''
2026-05-15 08:47:23 reader='word' source='realtime' title='문서1 - Microsoft Word' text_len=32 newlines=6 blank_lines=3 note='' sample='김승현\n\n김승현\n\n김승현\n\n테스트 [맞춤법 기능 사용 됨]'
2026-05-15 08:47:26 reader='unavailable' source='realtime' title='시작 - writing-assistant(0.3.0) - Visual Studio Code' text_len=0 newlines=0 blank_lines=1 note='' sample=''
2026-05-15 08:47:51 reader='word' source='realtime' title='문서1 - Microsoft Word' text_len=32 newlines=6 blank_lines=3 note='' sample='김승현\n\n김승현\n\n김승현\n\n테스트 [맞춤법 기능 사용 됨]'
2026-05-15 08:47:52 reader='unavailable' source='realtime' title='시작 - writing-assistant(0.3.0) - Visual Studio Code' text_len=0 newlines=0 blank_lines=1 note='' sample=''
2026-05-15 08:47:53 reader='word' source='realtime' title='문서1 - Microsoft Word' text_len=32 newlines=6 blank_lines=3 note='' sample='김승현\n\n김승현\n\n김승현\n\n테스트 [맞춤법 기능 사용 됨]'
2026-05-15 08:47:54 reader='unavailable' source='realtime' title='시작 - writing-assistant(0.3.0) - Visual Studio Code' text_len=0 newlines=0 blank_lines=1 note='' sample=''
2026-05-15 08:48:05 reader='word' source='realtime' title='문서1 - Microsoft Word' text_len=32 newlines=6 blank_lines=3 note='' sample='김승현\n\n김승현\n\n김승현\n\n테스트 [맞춤법 기능 사용 됨]'
2026-05-15 08:48:07 reader='unavailable' source='realtime' title='시작 - writing-assistant(0.3.0) - Visual Studio Code' text_len=0 newlines=0 blank_lines=1 note='' sample=''
2026-05-15 08:48:33 reader='word' source='realtime' title='문서1 - Microsoft Word' text_len=32 newlines=6 blank_lines=3 note='' sample='김승현\n\n김승현\n\n김승현\n\n테스트 [맞춤법 기능 사용 됨]'
2026-05-15 08:48:35 reader='unavailable' source='realtime' title='시작 - writing-assistant(0.3.0) - Visual Studio Code' text_len=0 newlines=0 blank_lines=1 note='' sample=''
2026-05-15 08:48:39 reader='word' source='realtime' title='문서1 - Microsoft Word' text_len=32 newlines=6 blank_lines=3 note='' sample='김승현\n\n김승현\n\n김승현\n\n테스트 [맞춤법 기능 사용 됨]'
2026-05-15 08:49:07 reader='unavailable' source='realtime' title='시작 - writing-assistant(0.3.0) - Visual Studio Code' text_len=0 newlines=0 blank_lines=1 note='' sample=''
2026-05-15 08:49:10 reader='word' source='realtime' title='문서1 - Microsoft Word' text_len=32 newlines=6 blank_lines=3 note='' sample='김승현\n\n김승현\n\n김승현\n\n테스트 [맞춤법 기능 사용 됨]'
2026-05-15 08:49:26 reader='unavailable' source='realtime' title='시작 - writing-assistant(0.3.0) - Visual Studio Code' text_len=0 newlines=0 blank_lines=1 note='' sample=''
2026-05-15 08:49:29 reader='word' source='realtime' title='문서1 - Microsoft Word' text_len=32 newlines=6 blank_lines=3 note='' sample='김승현\n\n김승현\n\n김승현\n\n테스트 [맞춤법 기능 사용 됨]'
2026-05-15 08:49:43 reader='unavailable' source='realtime' title='문서1 - Microsoft Word' text_len=0 newlines=0 blank_lines=1 note='' sample=''
2026-05-15 08:49:44 reader='unavailable' source='realtime' title='원 문자' text_len=0 newlines=0 blank_lines=1 note='' sample=''
2026-05-15 08:49:49 reader='word' source='realtime' title='문서1 - Microsoft Word' text_len=32 newlines=6 blank_lines=3 note='' sample='김승현\n\n김승현\n\n김승현\n\n테스트 [맞춤법 기능 사용 됨]'
2026-05-15 08:49:52 reader='unavailable' source='realtime' title='시작 - writing-assistant(0.3.0) - Visual Studio Code' text_len=0 newlines=0 blank_lines=1 note='' sample=''
2026-05-15 08:49:55 reader='word' source='realtime' title='문서1 - Microsoft Word' text_len=32 newlines=6 blank_lines=3 note='' sample='김승현\n\n김승현\n\n김승현\n\n테스트 [맞춤법 기능 사용 됨]'
2026-05-15 08:50:04 reader='unavailable' source='realtime' title='시작 - writing-assistant(0.3.0) - Visual Studio Code' text_len=0 newlines=0 blank_lines=1 note='' sample=''
2026-05-15 08:50:10 reader='word' source='realtime' title='문서1 - Microsoft Word' text_len=32 newlines=6 blank_lines=3 note='' sample='김승현\n\n김승현\n\n김승현\n\n테스트 [맞춤법 기능 사용 됨]'
2026-05-15 08:50:19 reader='unavailable' source='realtime' title='시작 - writing-assistant(0.3.0) - Visual Studio Code' text_len=0 newlines=0 blank_lines=1 note='' sample=''
2026-05-15 08:50:22 reader='word' source='realtime' title='문서1 - Microsoft Word' text_len=32 newlines=6 blank_lines=3 note='' sample='김승현\n\n김승현\n\n김승현\n\n테스트 [맞춤법 기능 사용 됨]'
2026-05-15 08:50:37 reader='unavailable' source='realtime' title='시작 - writing-assistant(0.3.0) - Visual Studio Code' text_len=0 newlines=0 blank_lines=1 note='' sample=''
2026-05-15 08:51:00 reader='word' source='realtime' title='문서1 - Microsoft Word' text_len=32 newlines=6 blank_lines=3 note='' sample='김승현\n\n김승현\n\n김승현\n\n테스트 [맞춤법 기능 사용 됨]'
2026-05-15 08:51:08 reader='word' source='realtime' title='' text_len=32 newlines=6 blank_lines=3 note='' sample='김승현\n\n김승현\n\n김승현\n\n테스트 [맞춤법 기능 사용 됨]'
2026-05-15 08:51:10 reader='word' source='realtime' title='문서1 - Microsoft Word' text_len=32 newlines=6 blank_lines=3 note='' sample='김승현\n\n김승현\n\n김승현\n\n테스트 [맞춤법 기능 사용 됨]'
2026-05-15 08:51:17 reader='unavailable' source='realtime' title='시작 - writing-assistant(0.3.0) - Visual Studio Code' text_len=0 newlines=0 blank_lines=1 note='' sample=''
2026-05-15 08:53:33 reader='unavailable' source='realtime' title='iTop Easy Desktop' text_len=0 newlines=0 blank_lines=1 note='' sample=''
2026-05-15 08:53:40 reader='hwp' source='realtime' title='빈 문서 1 - 한글 뷰어' text_len=6 newlines=0 blank_lines=0 note='' sample='데스크톱 1'
2026-05-15 08:53:41 reader='hwp' source='realtime' title='' text_len=6 newlines=0 blank_lines=0 note='' sample='데스크톱 1'
2026-05-15 08:53:42 reader='hwp' source='realtime' title='Hancom AD' text_len=14 newlines=0 blank_lines=0 note='' sample='빈 문서 1 - 한글 뷰어'
2026-05-15 10:07:18 reader='unavailable' source='realtime' title='시작 - writing-assistant(0.3.0) - Visual Studio Code' text_len=0 newlines=0 blank_lines=1 note='' sample=''
2026-05-15 10:08:10 reader='word' source='realtime' title='문서1 - Microsoft Word' text_len=30 newlines=8 blank_lines=4 note='' sample='김자원1\n\n김승현22\n\n김자원머\n\n김승현2\n\n김승현현현'
2026-05-15 10:08:15 reader='word' source='realtime' title='문서1 - Microsoft Word' text_len=44 newlines=8 blank_lines=4 note='' sample='김자원1\n\n김승현22\n\n김자원머\n\n김승현2\n\n김승현현현 [맞춤법 기능 사용 됨]'
2026-05-15 10:08:42 reader='word' source='realtime' title='문서1 - Microsoft Word' text_len=30 newlines=8 blank_lines=4 note='' sample='김자원1\n\n김승현22\n\n김자원머\n\n김승현2\n\n김승현현현'
2026-05-15 10:08:45 reader='unavailable' source='realtime' title='화면 캡처' text_len=0 newlines=0 blank_lines=1 note='' sample=''
2026-05-15 10:08:46 reader='word' source='realtime' title='문서1 - Microsoft Word' text_len=30 newlines=8 blank_lines=4 note='' sample='김자원1\n\n김승현22\n\n김자원머\n\n김승현2\n\n김승현현현'
2026-05-15 10:08:46 reader='unavailable' source='realtime' title='시작 - writing-assistant(0.3.0) - Visual Studio Code' text_len=0 newlines=0 blank_lines=1 note='' sample=''
2026-05-15 10:08:48 reader='word' source='realtime' title='문서1 - Microsoft Word' text_len=30 newlines=8 blank_lines=4 note='' sample='김자원1\n\n김승현22\n\n김자원머\n\n김승현2\n\n김승현현현'
2026-05-15 10:08:49 reader='unavailable' source='realtime' title='화면 캡처' text_len=0 newlines=0 blank_lines=1 note='' sample=''
2026-05-15 10:08:52 reader='word' source='realtime' title='문서1 - Microsoft Word' text_len=30 newlines=8 blank_lines=4 note='' sample='김자원1\n\n김승현22\n\n김자원머\n\n김승현2\n\n김승현현현'
2026-05-15 10:08:54 reader='word' source='realtime' title='문서1 - Microsoft Word' text_len=44 newlines=8 blank_lines=4 note='' sample='김자원1\n\n김승현22\n\n김자원머\n\n김승현2\n\n김승현현현 [맞춤법 기능 사용 됨]'
2026-05-15 10:09:11 reader='unavailable' source='realtime' title='화면 캡처' text_len=0 newlines=0 blank_lines=1 note='' sample=''
2026-05-15 10:09:13 reader='word' source='realtime' title='문서1 - Microsoft Word' text_len=44 newlines=8 blank_lines=4 note='' sample='김자원1\n\n김승현22\n\n김자원머\n\n김승현2\n\n김승현현현 [맞춤법 기능 사용 됨]'
2026-05-15 10:09:14 reader='unavailable' source='realtime' title='시작 - writing-assistant(0.3.0) - Visual Studio Code' text_len=0 newlines=0 blank_lines=1 note='' sample=''
2026-05-15 10:09:48 reader='word' source='realtime' title='문서1 - Microsoft Word' text_len=44 newlines=8 blank_lines=4 note='' sample='김자원1\n\n김승현22\n\n김자원머\n\n김승현2\n\n김승현현현 [맞춤법 기능 사용 됨]'
2026-05-15 10:09:59 reader='word' source='realtime' title='문서1 - Microsoft Word' text_len=32 newlines=10 blank_lines=6 note='' sample='김자원1\n\n김승현22\n\n김자원머\n\n김승현2\n\n김승현현현\n\n'
2026-05-15 10:10:04 reader='word' source='realtime' title='문서1 - Microsoft Word' text_len=36 newlines=10 blank_lines=5 note='' sample='김자원1\n\n김승현22\n\n김자원머\n\n김승현2\n\n김승현현현\n\n김김김김'
2026-05-15 10:10:11 reader='word' source='realtime' title='문서1 - Microsoft Word' text_len=43 newlines=12 blank_lines=6 note='' sample='김자원1\n\n김승현22\n\n김자원머\n\n김승현2\n\n김승현현현\n\n김김김김\n\n김김김김김'
2026-05-15 10:10:14 reader='word' source='realtime' title='문서1 - Microsoft Word' text_len=45 newlines=14 blank_lines=8 note='' sample='김자원1\n\n김승현22\n\n김자원머\n\n김승현2\n\n김승현현현\n\n김김김김\n\n김김김김김\n\n'
2026-05-15 10:10:22 reader='word' source='realtime' title='문서1 - Microsoft Word' text_len=51 newlines=14 blank_lines=7 note='' sample='김자원1\n\n김승현22\n\n김자원머\n\n김승현2\n\n김승현현현\n\n김김김김\n\n김김김김김\n\n김승현입니다'
2026-05-15 10:10:24 reader='word' source='realtime' title='' text_len=51 newlines=14 blank_lines=7 note='' sample='김자원1\n\n김승현22\n\n김자원머\n\n김승현2\n\n김승현현현\n\n김김김김\n\n김김김김김\n\n김승현입니다'
2026-05-15 10:10:25 reader='word_closed' source='realtime' title='' text_len=0 newlines=0 blank_lines=1 note='' sample=''
2026-05-15 10:10:26 reader='word' source='realtime' title='문서1 - Microsoft Word' text_len=51 newlines=14 blank_lines=7 note='' sample='김자원1\n\n김승현22\n\n김자원머\n\n김승현2\n\n김승현현현\n\n김김김김\n\n김김김김김\n\n김승현입니다'
2026-05-15 10:10:34 reader='word' source='realtime' title='문서1 - Microsoft Word' text_len=56 newlines=16 blank_lines=8 note='' sample='김자원1\n\n김승현22\n\n김자원머\n\n김승현2\n\n김승현현현\n\n김김김김\n\n김김김김김\n\n김승현입니다\n\n김승현'
2026-05-15 10:10:59 reader='unavailable' source='realtime' title='화면 캡처' text_len=0 newlines=0 blank_lines=1 note='' sample=''
2026-05-15 10:11:01 reader='word' source='realtime' title='문서1 - Microsoft Word' text_len=56 newlines=16 blank_lines=8 note='' sample='김자원1\n\n김승현22\n\n김자원머\n\n김승현2\n\n김승현현현\n\n김김김김\n\n김김김김김\n\n김승현입니다\n\n김승현'
2026-05-15 10:11:06 reader='word' source='realtime' title='문서1 - Microsoft Word' text_len=49 newlines=14 blank_lines=7 note='' sample='김자원1\n\n김승현22\n\n김자원머\n\n김승현2\n\n김김김김\n\n김김김김김\n\n김승현입니다\n\n김승현'
2026-05-15 10:11:07 reader='word' source='realtime' title='' text_len=49 newlines=14 blank_lines=7 note='' sample='김자원1\n\n김승현22\n\n김자원머\n\n김승현2\n\n김김김김\n\n김김김김김\n\n김승현입니다\n\n김승현'
2026-05-15 10:11:08 reader='word' source='realtime' title='문서1 - Microsoft Word' text_len=49 newlines=14 blank_lines=7 note='' sample='김자원1\n\n김승현22\n\n김자원머\n\n김승현2\n\n김김김김\n\n김김김김김\n\n김승현입니다\n\n김승현'
2026-05-15 10:11:15 reader='unavailable' source='realtime' title='화면 캡처' text_len=0 newlines=0 blank_lines=1 note='' sample=''
2026-05-15 10:11:17 reader='word' source='realtime' title='문서1 - Microsoft Word' text_len=49 newlines=14 blank_lines=7 note='' sample='김자원1\n\n김승현22\n\n김자원머\n\n김승현2\n\n김김김김\n\n김김김김김\n\n김승현입니다\n\n김승현'
2026-05-15 10:11:18 reader='unavailable' source='realtime' title='시작 - writing-assistant(0.3.0) - Visual Studio Code' text_len=0 newlines=0 blank_lines=1 note='' sample=''
2026-05-15 10:11:20 reader='word' source='realtime' title='문서1 - Microsoft Word' text_len=49 newlines=14 blank_lines=7 note='' sample='김자원1\n\n김승현22\n\n김자원머\n\n김승현2\n\n김김김김\n\n김김김김김\n\n김승현입니다\n\n김승현'
2026-05-15 10:11:32 reader='word' source='realtime' title='문서1 - Microsoft Word' text_len=63 newlines=14 blank_lines=7 note='' sample='김자원1\n\n김승현22\n\n김자원머\n\n김승현2\n\n김김김김\n\n김김김김김\n\n김승현입니다\n\n김승현 [맞춤법 기능 사용 됨]'
2026-05-15 10:11:47 reader='word' source='realtime' title='문서1 - Microsoft Word' text_len=49 newlines=14 blank_lines=7 note='' sample='김자원1\n\n김승현22\n\n김자원머\n\n김승현2\n\n김김김김\n\n김김김김김\n\n김승현입니다\n\n김승현'
2026-05-15 10:12:04 reader='word' source='realtime' title='문서1 - Microsoft Word' text_len=63 newlines=14 blank_lines=7 note='' sample='김자원1\n\n김승현22\n\n김자원머\n\n김승현2\n\n김김김김\n\n김김김김김\n\n김승현입니다\n\n김승현 [맞춤법 기능 사용 됨]'
2026-05-15 10:12:10 reader='unavailable' source='realtime' title='시작 - writing-assistant(0.3.0) - Visual Studio Code' text_len=0 newlines=0 blank_lines=1 note='' sample=''
2026-05-15 10:12:26 reader='word' source='realtime' title='문서1 - Microsoft Word' text_len=63 newlines=14 blank_lines=7 note='' sample='김자원1\n\n김승현22\n\n김자원머\n\n김승현2\n\n김김김김\n\n김김김김김\n\n김승현입니다\n\n김승현 [맞춤법 기능 사용 됨]'
2026-05-15 10:12:37 reader='word' source='realtime' title='문서1 - Microsoft Word' text_len=49 newlines=14 blank_lines=7 note='' sample='김자원1\n\n김승현22\n\n김자원머\n\n김승현2\n\n김김김김\n\n김김김김김\n\n김승현입니다\n\n김승현'
2026-05-15 10:12:52 reader='unavailable' source='realtime' title='화면 캡처' text_len=0 newlines=0 blank_lines=1 note='' sample=''
2026-05-15 10:13:05 reader='word' source='realtime' title='문서1 - Microsoft Word' text_len=49 newlines=14 blank_lines=7 note='' sample='김자원1\n\n김승현22\n\n김자원머\n\n김승현2\n\n김김김김\n\n김김김김김\n\n김승현입니다\n\n김승현'
2026-05-15 10:13:29 reader='browser' source='realtime' title='새 탭 - 개인 - Microsoft\u200b Edge' text_len=2 newlines=0 blank_lines=0 note='' sample='gk'
2026-05-15 10:13:30 reader='browser' source='realtime' title='새 탭 - 개인 - Microsoft\u200b Edge' text_len=1 newlines=0 blank_lines=0 note='' sample='하'
2026-05-15 10:13:30 reader='browser' source='realtime' title='새 탭 - 개인 - Microsoft\u200b Edge' text_len=2 newlines=0 blank_lines=0 note='' sample='한겨'
2026-05-15 10:13:30 reader='browser' source='realtime' title='새 탭 - 개인 - Microsoft\u200b Edge' text_len=3 newlines=0 blank_lines=0 note='' sample='한경ㄱ'
2026-05-15 10:13:30 reader='browser' source='realtime' title='새 탭 - 개인 - Microsoft\u200b Edge' text_len=3 newlines=0 blank_lines=0 note='' sample='한경ㄷ'
2026-05-15 10:13:31 reader='browser' source='realtime' title='새 탭 - 개인 - Microsoft\u200b Edge' text_len=4 newlines=0 blank_lines=0 note='' sample='한경대하'
2026-05-15 10:13:31 reader='browser' source='realtime' title='새 탭 - 개인 - Microsoft\u200b Edge' text_len=6 newlines=0 blank_lines=0 note='' sample='한경대학교 '
2026-05-15 10:13:34 reader='browser' source='realtime' title='한경대학교 e-Class System - 개인 - Microsoft\u200b Edge' text_len=1082 newlines=148 blank_lines=0 note='' sample='￼\n본문내용 바로가기\n주메뉴 바로가기\n￼\n￼\n￼\n￼\n로그인\n￼\n교육현황\n커뮤니티\n소개\n일정\n￼\n￼\n2026.05\n￼\n15\n(금요일)\n일\n월\n화\n수\n목\n금\n토\n26\n27\n￼\n28\n29\n30\n1\n2\n3\n4\n5\n6\n￼\n7'
2026-05-15 10:13:34 reader='browser' source='realtime' title='한경대학교 e-Class System - 개인 - Microsoft\u200b Edge' text_len=1084 newlines=149 blank_lines=0 note='' sample='￼\n본문내용 바로가기\n주메뉴 바로가기\n￼\n￼\n￼\n￼\n￼\n로그인\n￼\n교육현황\n커뮤니티\n소개\n일정\n￼\n￼\n2026.05\n￼\n15\n(금요일)\n일\n월\n화\n수\n목\n금\n토\n26\n27\n￼\n28\n29\n30\n1\n2\n3\n4\n5\n6\n￼'
2026-05-15 10:13:37 reader='browser' source='realtime' title='한경대학교 e-Class System - 개인 - Microsoft\u200b Edge' text_len=1 newlines=0 blank_lines=0 note='' sample='￼'
2026-05-15 10:13:38 reader='browser' source='realtime' title='한경대학교 e-Class System - 개인 - Microsoft\u200b Edge' text_len=293 newlines=44 blank_lines=0 note='' sample='￼\n본문내용 바로가기\n상단메뉴 바로가기\n왼쪽메뉴 바로가기\n￼\n￼\n￼\n￼\n￼\n로그인\n￼\n교육현황\n커뮤니티\n소개\n회원메뉴\n로그인 \n￼\n￼\n로그인\n로그인\n￼\n￼\n￼\n2024810018\n￼\n•••••••••••\n로그인\n￼\n'
2026-05-15 10:13:56 reader='browser' source='realtime' title='한경대학교 e-Class System - 개인 - Microsoft\u200b Edge' text_len=20 newlines=0 blank_lines=0 note='' sample='한경대학교 e-Class System'
2026-05-15 10:13:57 reader='browser' source='realtime' title='한경대학교 e-Class System - 개인 - Microsoft\u200b Edge' text_len=728 newlines=105 blank_lines=0 note='' sample='￼\n본문내용 바로가기\n상단메뉴 바로가기\n왼쪽메뉴 바로가기\n￼\n￼\n￼\n￼\n￼\n김승현\n￼\n￼\n12\n￼\n로그아웃\n￼\n교육현황\n커뮤니티\n소개\n수강과목\n2026-1학기\nSW개발프로젝트I(A01)\n￼\n금:2교시~5.5교시\n강의'
2026-05-15 10:13:58 reader='browser' source='realtime' title='한경대학교 e-Class System - 개인 - Microsoft\u200b Edge' text_len=700 newlines=119 blank_lines=0 note='' sample='￼\n본문내용 바로가기\n상단메뉴 바로가기\n왼쪽메뉴 바로가기\n￼\n￼\n￼\n￼\n￼\n김승현\n￼\n￼\n12\n￼\n로그아웃\n￼\n교육현황\n커뮤니티\n소개\n수강과목\n2026-1학기\nSW개발프로젝트I(A01)\n￼\n금:2교시~5.5교시\n강의'
2026-05-15 10:14:11 reader='browser' source='realtime' title='한경대학교 e-Class System - 개인 - Microsoft\u200b Edge' text_len=691 newlines=117 blank_lines=0 note='' sample='￼\n본문내용 바로가기\n상단메뉴 바로가기\n왼쪽메뉴 바로가기\n￼\n￼\n￼\n￼\n￼\n김승현\n￼\n￼\n12\n￼\n로그아웃\n￼\n교육현황\n커뮤니티\n소개\n수강과목\n2026-1학기\nSW개발프로젝트I(A01)\n￼\n금:2교시~5.5교시\n강의'
2026-05-15 10:14:17 reader='browser_closed' source='realtime' title='한경대학교 e-Class System - 개인 - Microsoft\u200b Edge' text_len=0 newlines=0 blank_lines=1 note='' sample=''
2026-05-15 10:14:18 reader='word' source='realtime' title='문서1 - Microsoft Word' text_len=49 newlines=14 blank_lines=7 note='' sample='김자원1\n\n김승현22\n\n김자원머\n\n김승현2\n\n김김김김\n\n김김김김김\n\n김승현입니다\n\n김승현'
2026-05-15 10:14:41 reader='unavailable' source='realtime' title='화면 캡처' text_len=0 newlines=0 blank_lines=1 note='' sample=''
2026-05-15 10:14:43 reader='word' source='realtime' title='문서1 - Microsoft Word' text_len=49 newlines=14 blank_lines=7 note='' sample='김자원1\n\n김승현22\n\n김자원머\n\n김승현2\n\n김김김김\n\n김김김김김\n\n김승현입니다\n\n김승현'
2026-05-15 10:14:47 reader='word' source='realtime' title='문서1 - Microsoft Word' text_len=63 newlines=14 blank_lines=7 note='' sample='김자원1\n\n김승현22\n\n김자원머\n\n김승현2\n\n김김김김\n\n김김김김김\n\n김승현입니다\n\n김승현 [맞춤법 기능 사용 됨]'
2026-05-15 10:14:50 reader='unavailable' source='realtime' title='화면 캡처' text_len=0 newlines=0 blank_lines=1 note='' sample=''
2026-05-15 10:14:53 reader='word' source='realtime' title='문서1 - Microsoft Word' text_len=63 newlines=14 blank_lines=7 note='' sample='김자원1\n\n김승현22\n\n김자원머\n\n김승현2\n\n김김김김\n\n김김김김김\n\n김승현입니다\n\n김승현 [맞춤법 기능 사용 됨]'
2026-05-15 10:14:53 reader='unavailable' source='realtime' title='시작 - writing-assistant(0.3.0) - Visual Studio Code' text_len=0 newlines=0 blank_lines=1 note='' sample=''
2026-05-15 10:17:24 reader='unavailable' source='realtime' title='시작 - writing-assistant(0.3.0) - Visual Studio Code' text_len=0 newlines=0 blank_lines=1 note='' sample=''
2026-05-15 10:17:27 reader='word' source='realtime' title='문서1 - Microsoft Word' text_len=49 newlines=14 blank_lines=7 note='' sample='김자원1\n\n김승현22\n\n김자원머\n\n김승현2\n\n김김김김\n\n김김김김김\n\n김승현입니다\n\n김승현'
2026-05-15 10:17:29 reader='word' source='realtime' title='문서1 - Microsoft Word' text_len=50 newlines=14 blank_lines=7 note='' sample='김자원1\n\n김승현22\n\n김자원머\n\n김승현2\n\n김김김김\n\n김김김김김\n\n김승현입니다\n\n김승현\t'
2026-05-15 10:17:31 reader='word' source='realtime' title='문서1 - Microsoft Word' text_len=49 newlines=14 blank_lines=7 note='' sample='김자원1\n\n김승현22\n\n김자원머\n\n김승현2\n\n김김김김\n\n김김김김김\n\n김승현입니다\n\n김승현'
2026-05-15 10:17:41 reader='word' source='realtime' title='문서1 - Microsoft Word' text_len=63 newlines=14 blank_lines=7 note='' sample='김자원1\n\n김승현22\n\n김자원머\n\n김승현2\n\n김김김김\n\n김김김김김\n\n김승현입니다\n\n김승현 [맞춤법 기능 사용 됨]'
2026-05-15 10:17:45 reader='unavailable' source='realtime' title='화면 캡처' text_len=0 newlines=0 blank_lines=1 note='' sample=''
2026-05-15 10:17:48 reader='word' source='realtime' title='문서1 - Microsoft Word' text_len=63 newlines=14 blank_lines=7 note='' sample='김자원1\n\n김승현22\n\n김자원머\n\n김승현2\n\n김김김김\n\n김김김김김\n\n김승현입니다\n\n김승현 [맞춤법 기능 사용 됨]'
2026-05-15 10:17:54 reader='unavailable' source='realtime' title='시작 - writing-assistant(0.3.0) - Visual Studio Code' text_len=0 newlines=0 blank_lines=1 note='' sample=''
2026-05-15 10:18:20 reader='word' source='realtime' title='문서1 - Microsoft Word' text_len=63 newlines=14 blank_lines=7 note='' sample='김자원1\n\n김승현22\n\n김자원머\n\n김승현2\n\n김김김김\n\n김김김김김\n\n김승현입니다\n\n김승현 [맞춤법 기능 사용 됨]'
2026-05-15 10:18:24 reader='word' source='realtime' title='문서1 - Microsoft Word' text_len=62 newlines=14 blank_lines=7 note='' sample='김자원\n\n김승현22\n\n김자원머\n\n김승현2\n\n김김김김\n\n김김김김김\n\n김승현입니다\n\n김승현 [맞춤법 기능 사용 됨]'
2026-05-15 10:18:29 reader='word' source='realtime' title='문서1 - Microsoft Word' text_len=59 newlines=14 blank_lines=7 note='' sample='김자원\n\n김자원\n\n김자원\n\n김승현2\n\n김김김김\n\n김김김김김\n\n김승현입니다\n\n김승현 [맞춤법 기능 사용 됨]'
2026-05-15 10:18:43 reader='word' source='realtime' title='문서1 - Microsoft Word' text_len=38 newlines=14 blank_lines=7 note='' sample='김자원\n\n김자원\n\n김자원\n\n김자원\n\n김자원\n\n김자원\n\n김자원\n\n김자원'
2026-05-15 10:18:51 reader='unavailable' source='realtime' title='화면 캡처' text_len=0 newlines=0 blank_lines=1 note='' sample=''
2026-05-15 10:18:54 reader='word' source='realtime' title='문서1 - Microsoft Word' text_len=38 newlines=14 blank_lines=7 note='' sample='김자원\n\n김자원\n\n김자원\n\n김자원\n\n김자원\n\n김자원\n\n김자원\n\n김자원'
2026-05-15 10:18:57 reader='word' source='realtime' title='문서1 - Microsoft Word' text_len=52 newlines=14 blank_lines=7 note='' sample='김자원\n\n김자원\n\n김자원\n\n김자원\n\n김자원\n\n김자원\n\n김자원\n\n김자원 [맞춤법 기능 사용 됨]'
2026-05-15 10:19:00 reader='unavailable' source='realtime' title='화면 캡처' text_len=0 newlines=0 blank_lines=1 note='' sample=''
2026-05-15 10:19:02 reader='word' source='realtime' title='문서1 - Microsoft Word' text_len=52 newlines=14 blank_lines=7 note='' sample='김자원\n\n김자원\n\n김자원\n\n김자원\n\n김자원\n\n김자원\n\n김자원\n\n김자원 [맞춤법 기능 사용 됨]'
2026-05-15 10:19:02 reader='unavailable' source='realtime' title='시작 - writing-assistant(0.3.0) - Visual Studio Code' text_len=0 newlines=0 blank_lines=1 note='' sample=''
2026-05-15 10:19:49 reader='word' source='realtime' title='문서1 - Microsoft Word' text_len=52 newlines=14 blank_lines=7 note='' sample='김자원\n\n김자원\n\n김자원\n\n김자원\n\n김자원\n\n김자원\n\n김자원\n\n김자원 [맞춤법 기능 사용 됨]'
2026-05-15 10:19:59 reader='word' source='realtime' title='문서1 - Microsoft Word' text_len=39 newlines=14 blank_lines=7 note='' sample='김자원\n\n김자원\n\n김자원\n\n김자원\n\n김자원\n\n김자원\n\n김자원\n\n김자원 '
2026-05-15 10:20:02 reader='word' source='realtime' title='문서1 - Microsoft Word' text_len=38 newlines=14 blank_lines=7 note='' sample='김자원\n\n김자원\n\n김자원\n\n김자원\n\n김자원\n\n김자원\n\n김자원\n\n김자원'
2026-05-15 10:20:45 reader='word' source='realtime' title='' text_len=38 newlines=14 blank_lines=7 note='' sample='김자원\n\n김자원\n\n김자원\n\n김자원\n\n김자원\n\n김자원\n\n김자원\n\n김자원'
2026-05-15 10:20:46 reader='word_closed' source='realtime' title='' text_len=0 newlines=0 blank_lines=1 note='' sample=''
2026-05-15 10:20:46 reader='word' source='realtime' title='문서1 - Microsoft Word' text_len=38 newlines=14 blank_lines=7 note='' sample='김자원\n\n김자원\n\n김자원\n\n김자원\n\n김자원\n\n김자원\n\n김자원\n\n김자원'
2026-05-15 10:21:21 reader='word' source='realtime' title='' text_len=38 newlines=14 blank_lines=7 note='' sample='김자원\n\n김자원\n\n김자원\n\n김자원\n\n김자원\n\n김자원\n\n김자원\n\n김자원'
2026-05-15 10:21:22 reader='word_closed' source='realtime' title='' text_len=0 newlines=0 blank_lines=1 note='' sample=''
2026-05-15 10:21:22 reader='word' source='realtime' title='문서1 - Microsoft Word' text_len=38 newlines=14 blank_lines=7 note='' sample='김자원\n\n김자원\n\n김자원\n\n김자원\n\n김자원\n\n김자원\n\n김자원\n\n김자원'
2026-05-15 10:21:31 reader='unavailable' source='realtime' title='화면 캡처' text_len=0 newlines=0 blank_lines=1 note='' sample=''
2026-05-15 10:21:34 reader='word' source='realtime' title='문서1 - Microsoft Word' text_len=38 newlines=14 blank_lines=7 note='' sample='김자원\n\n김자원\n\n김자원\n\n김자원\n\n김자원\n\n김자원\n\n김자원\n\n김자원'
2026-05-15 10:21:38 reader='word' source='realtime' title='문서1 - Microsoft Word' text_len=39 newlines=15 blank_lines=8 note='' sample='김자원\n\n김자원\n\n김자원\n\n김자원\n\n김자원\n\n김자원\n\n김자원\n\n김자원\n'
2026-05-15 10:21:45 reader='word' source='realtime' title='문서1 - Microsoft Word' text_len=46 newlines=16 blank_lines=8 note='' sample='김자원\n\n김자원\n\n김자원\n\n김자원\n\n김자원\n\n김자원\n\n김자원\n\n김자원\n\n테스트 시작'
2026-05-15 10:22:10 reader='word' source='realtime' title='문서1 - Microsoft Word' text_len=60 newlines=16 blank_lines=8 note='' sample='김자원\n\n김자원\n\n김자원\n\n김자원\n\n김자원\n\n김자원\n\n김자원\n\n김자원\n\n테스트 시작 [맞춤법 기능 사용 됨]'
2026-05-15 10:22:13 reader='unavailable' source='realtime' title='화면 캡처' text_len=0 newlines=0 blank_lines=1 note='' sample=''
2026-05-15 10:22:16 reader='unavailable' source='realtime' title='시작 - writing-assistant(0.3.0) - Visual Studio Code' text_len=0 newlines=0 blank_lines=1 note='' sample=''
2026-05-15 10:23:05 reader='word' source='realtime' title='문서1 - Microsoft Word' text_len=60 newlines=16 blank_lines=8 note='' sample='김자원\n\n김자원\n\n김자원\n\n김자원\n\n김자원\n\n김자원\n\n김자원\n\n김자원\n\n테스트 시작 [맞춤법 기능 사용 됨]'
2026-05-15 10:23:22 reader='word' source='realtime' title='문서1 - Microsoft Word' text_len=44 newlines=16 blank_lines=8 note='' sample='김자원\n\n김자원\n\n김자원\n\n김자원\n\n김자원\n\n김자원\n\n김자원\n\n김자원\n\n테스트 '
2026-05-15 10:23:23 reader='unavailable' source='realtime' title='화면 캡처' text_len=0 newlines=0 blank_lines=1 note='' sample=''
2026-05-15 10:23:27 reader='word' source='realtime' title='문서1 - Microsoft Word' text_len=43 newlines=16 blank_lines=8 note='' sample='김자원\n\n김자원\n\n김자원\n\n김자원\n\n김자원\n\n김자원\n\n김자원\n\n김자원\n\n테스트'
2026-05-15 10:23:27 reader='unavailable' source='realtime' title='시작 - writing-assistant(0.3.0) - Visual Studio Code' text_len=0 newlines=0 blank_lines=1 note='' sample=''
2026-05-15 10:29:02 reader='word' source='realtime' title='문서1 - Microsoft Word' text_len=43 newlines=16 blank_lines=8 note='' sample='김자원\n\n김자원\n\n김자원\n\n김자원\n\n김자원\n\n김자원\n\n김자원\n\n김자원\n\n테스트'
2026-05-15 10:29:14 reader='word' source='realtime' title='문서1 - Microsoft Word' text_len=57 newlines=16 blank_lines=8 note='' sample='김자원\n\n김자원\n\n김자원\n\n김자원\n\n김자원\n\n김자원\n\n김자원\n\n김자원\n\n테스트 [맞춤법 기능 사용 됨]'
2026-05-15 10:29:20 reader='unavailable' source='realtime' title='화면 캡처' text_len=0 newlines=0 blank_lines=1 note='' sample=''
2026-05-15 10:29:24 reader='word' source='realtime' title='문서1 - Microsoft Word' text_len=57 newlines=16 blank_lines=8 note='' sample='김자원\n\n김자원\n\n김자원\n\n김자원\n\n김자원\n\n김자원\n\n김자원\n\n김자원\n\n테스트 [맞춤법 기능 사용 됨]'
2026-05-15 10:29:25 reader='unavailable' source='realtime' title='시작 - writing-assistant(0.3.0) - Visual Studio Code' text_len=0 newlines=0 blank_lines=1 note='' sample=''
2026-05-15 10:35:43 reader='word' source='realtime' title='문서1 - Microsoft Word' text_len=57 newlines=16 blank_lines=8 note='' sample='김자원\n\n김자원\n\n김자원\n\n김자원\n\n김자원\n\n김자원\n\n김자원\n\n김자원\n\n테스트 [맞춤법 기능 사용 됨]'
2026-05-15 10:36:44 reader='word' source='realtime' title='문서1 - Microsoft Word' text_len=43 newlines=16 blank_lines=8 note='' sample='김자원\n\n김자원\n\n김자원\n\n김자원\n\n김자원\n\n김자원\n\n김자원\n\n김자원\n\n테스트'
2026-05-15 10:37:01 reader='word' source='realtime' title='문서1 - Microsoft Word' text_len=57 newlines=16 blank_lines=8 note='' sample='김자원\n\n김자원\n\n김자원\n\n김자원\n\n김자원\n\n김자원\n\n김자원\n\n김자원\n\n테스트 [맞춤법 기능 사용 됨]'
2026-05-15 10:42:57 reader='browser_extension' source='realtime' title='메모장' text_len=1 newlines=0 blank_lines=0 note='' sample='아'
2026-05-15 10:42:57 reader='browser_extension' source='realtime' title='메모장' text_len=2 newlines=0 blank_lines=0 note='' sample='안ㄴ'
2026-05-15 10:42:57 reader='browser_extension' source='realtime' title='메모장' text_len=3 newlines=0 blank_lines=0 note='' sample='안녕ㅎ'
2026-05-15 10:42:57 reader='browser_extension' source='realtime' title='메모장' text_len=4 newlines=0 blank_lines=0 note='' sample='안녕하세'
2026-05-15 10:42:58 reader='browser_extension' source='realtime' title='메모장' text_len=7 newlines=0 blank_lines=0 note='' sample='안녕하세요 ㄱ'
2026-05-15 10:42:58 reader='browser_extension' source='realtime' title='메모장' text_len=8 newlines=0 blank_lines=0 note='' sample='안녕하세요 감ㅅ'
2026-05-15 10:42:58 reader='browser_extension' source='realtime' title='메모장' text_len=9 newlines=0 blank_lines=0 note='' sample='안녕하세요 감사해'
2026-05-15 10:42:58 reader='browser_extension' source='realtime' title='메모장' text_len=11 newlines=1 blank_lines=1 note='' sample='안녕하세요 감사해요\n'
2026-05-15 10:42:59 reader='browser_extension' source='realtime' title='메모장' text_len=13 newlines=2 blank_lines=1 note='' sample='안녕하세요 감사해요\n\nㅈ'
2026-05-15 10:42:59 reader='browser_extension' source='realtime' title='메모장' text_len=13 newlines=2 blank_lines=1 note='' sample='안녕하세요 감사해요\n\n잘'
2026-05-15 10:42:59 reader='browser_extension' source='realtime' title='메모장' text_len=14 newlines=2 blank_lines=1 note='' sample='안녕하세요 감사해요\n\n잘\xa0'
2026-05-15 10:42:59 reader='browser_extension' source='realtime' title='메모장' text_len=15 newlines=2 blank_lines=1 note='' sample='안녕하세요 감사해요\n\n잘 이'
2026-05-15 10:43:00 reader='browser_extension' source='realtime' title='메모장' text_len=16 newlines=2 blank_lines=1 note='' sample='안녕하세요 감사해요\n\n잘 있어'
2026-05-15 10:43:00 reader='browser_extension' source='realtime' title='메모장' text_len=19 newlines=2 blank_lines=1 note='' sample='안녕하세요 감사해요\n\n잘 있어요 ㄷ'
2026-05-15 10:43:00 reader='browser_extension' source='realtime' title='메모장' text_len=20 newlines=2 blank_lines=1 note='' sample='안녕하세요 감사해요\n\n잘 있어요 다시'
2026-05-15 10:43:00 reader='browser_extension' source='realtime' title='메모장' text_len=22 newlines=2 blank_lines=1 note='' sample='안녕하세요 감사해요\n\n잘 있어요 다시 마'
2026-05-15 10:43:01 reader='browser_extension' source='realtime' title='메모장' text_len=23 newlines=2 blank_lines=1 note='' sample='안녕하세요 감사해요\n\n잘 있어요 다시 만나'
2026-05-15 10:43:01 reader='browser_extension' source='realtime' title='메모장' text_len=24 newlines=2 blank_lines=1 note='' sample='안녕하세요 감사해요\n\n잘 있어요 다시 만나요'
2026-05-15 10:43:01 reader='browser_extension' source='realtime' title='메모장' text_len=25 newlines=3 blank_lines=2 note='' sample='안녕하세요 감사해요\n\n잘 있어요 다시 만나요\n'
2026-05-15 10:43:01 reader='browser_extension' source='realtime' title='메모장' text_len=26 newlines=4 blank_lines=3 note='' sample='안녕하세요 감사해요\n\n잘 있어요 다시 만나요\n\n'
2026-05-15 10:43:02 reader='browser' source='realtime' title='메모장 외 페이지 1개 - 개인 - Microsoft\u200b Edge' text_len=25 newlines=2 blank_lines=0 note='' sample='안녕하세요 감사해요\n잘 있어요 다시 만나요\nㅎ'
2026-05-15 10:43:02 reader='browser_extension' source='realtime' title='메모장' text_len=28 newlines=4 blank_lines=2 note='' sample='안녕하세요 감사해요\n\n잘 있어요 다시 만나요\n\n흐헤'
2026-05-15 10:43:02 reader='browser_extension' source='realtime' title='메모장' text_len=30 newlines=4 blank_lines=2 note='' sample='안녕하세요 감사해요\n\n잘 있어요 다시 만나요\n\n흐헤헤\xa0'
2026-05-15 10:43:02 reader='browser_extension' source='realtime' title='메모장' text_len=31 newlines=4 blank_lines=2 note='' sample='안녕하세요 감사해요\n\n잘 있어요 다시 만나요\n\n흐헤헤 흫'
2026-05-15 10:43:03 reader='browser_extension' source='realtime' title='메모장' text_len=32 newlines=4 blank_lines=2 note='' sample='안녕하세요 감사해요\n\n잘 있어요 다시 만나요\n\n흐헤헤 흐헿'
2026-05-15 10:43:03 reader='browser_extension' source='realtime' title='메모장' text_len=33 newlines=4 blank_lines=2 note='' sample='안녕하세요 감사해요\n\n잘 있어요 다시 만나요\n\n흐헤헤 흐헤헤'
2026-05-15 10:43:03 reader='browser' source='realtime' title='메모장 외 페이지 1개 - 개인 - Microsoft\u200b Edge' text_len=31 newlines=2 blank_lines=0 note='' sample='안녕하세요 감사해요\n잘 있어요 다시 만나요\n흐헤헤 흐헤헤'
2026-05-15 10:43:03 reader='browser' source='realtime' title='메모장 외 페이지 1개 - 개인 - Microsoft\u200b Edge' text_len=31 newlines=2 blank_lines=0 note='ignored_blank_line_downgrade' sample='안녕하세요 감사해요\n잘 있어요 다시 만나요\n흐헤헤 흐헤헤'
2026-05-15 10:43:06 reader='browser_extension' source='realtime' title='메모장' text_len=47 newlines=4 blank_lines=2 note='' sample='안녕하세요 감사해요\n\n잘 있어요 다시 만나요\n\n흐헤헤 흐헤헤 [맞춤법 기능 사용 됨]'
2026-05-15 10:43:45 reader='browser' source='realtime' title='메모장 외 페이지 1개 - 개인 - Microsoft\u200b Edge' text_len=45 newlines=2 blank_lines=0 note='' sample='안녕하세요 감사해요\n잘 있어요 다시 만나요\n흐헤헤 흐헤헤 [맞춤법 기능 사용 됨]'
2026-05-15 10:43:46 reader='browser_extension' source='realtime' title='메모장' text_len=46 newlines=4 blank_lines=2 note='' sample='안녕하세요 감사해요\n\n잘 있어요 다시 만나요\n\n흐헤헤 흐헤헤 [맞춤법 기능 사용 됨'
2026-05-15 10:43:46 reader='browser_extension' source='realtime' title='메모장' text_len=44 newlines=4 blank_lines=2 note='' sample='안녕하세요 감사해요\n\n잘 있어요 다시 만나요\n\n흐헤헤 흐헤헤 [맞춤법 기능 사용'
2026-05-15 10:43:47 reader='browser_extension' source='realtime' title='메모장' text_len=42 newlines=4 blank_lines=2 note='' sample='안녕하세요 감사해요\n\n잘 있어요 다시 만나요\n\n흐헤헤 흐헤헤 [맞춤법 기능\xa0'
2026-05-15 10:43:47 reader='browser_extension' source='realtime' title='메모장' text_len=40 newlines=4 blank_lines=2 note='' sample='안녕하세요 감사해요\n\n잘 있어요 다시 만나요\n\n흐헤헤 흐헤헤 [맞춤법 기'
2026-05-15 10:43:47 reader='browser_extension' source='realtime' title='메모장' text_len=38 newlines=4 blank_lines=2 note='' sample='안녕하세요 감사해요\n\n잘 있어요 다시 만나요\n\n흐헤헤 흐헤헤 [맞춤법'
2026-05-15 10:43:47 reader='browser_extension' source='realtime' title='메모장' text_len=36 newlines=4 blank_lines=2 note='' sample='안녕하세요 감사해요\n\n잘 있어요 다시 만나요\n\n흐헤헤 흐헤헤 [맞'
2026-05-15 10:43:48 reader='browser_extension' source='realtime' title='메모장' text_len=34 newlines=4 blank_lines=2 note='' sample='안녕하세요 감사해요\n\n잘 있어요 다시 만나요\n\n흐헤헤 흐헤헤\xa0'
2026-05-15 10:43:48 reader='browser_extension' source='realtime' title='메모장' text_len=33 newlines=4 blank_lines=2 note='' sample='안녕하세요 감사해요\n\n잘 있어요 다시 만나요\n\n흐헤헤 흐헤헤'
2026-05-15 10:43:48 reader='browser' source='realtime' title='메모장 외 페이지 1개 - 개인 - Microsoft\u200b Edge' text_len=31 newlines=2 blank_lines=0 note='' sample='안녕하세요 감사해요\n잘 있어요 다시 만나요\n흐헤헤 흐헤헤'
2026-05-15 10:43:48 reader='browser' source='realtime' title='메모장 외 페이지 1개 - 개인 - Microsoft\u200b Edge' text_len=31 newlines=2 blank_lines=0 note='ignored_blank_line_downgrade' sample='안녕하세요 감사해요\n잘 있어요 다시 만나요\n흐헤헤 흐헤헤'
2026-05-15 10:43:57 reader='browser_extension' source='realtime' title='메모장' text_len=34 newlines=5 blank_lines=3 note='' sample='안녕하세요 감사해요\n\n잘 있어요 다시 만나요\n\n흐헤헤 흐헤헤\n'
2026-05-15 10:43:58 reader='browser_extension' source='realtime' title='메모장' text_len=35 newlines=6 blank_lines=4 note='' sample='안녕하세요 감사해요\n\n잘 있어요 다시 만나요\n\n흐헤헤 흐헤헤\n\n'
2026-05-15 10:43:58 reader='browser_extension' source='realtime' title='메모장' text_len=36 newlines=6 blank_lines=3 note='' sample='안녕하세요 감사해요\n\n잘 있어요 다시 만나요\n\n흐헤헤 흐헤헤\n\n텟'
2026-05-15 10:43:58 reader='browser_extension' source='realtime' title='메모장' text_len=37 newlines=6 blank_lines=3 note='' sample='안녕하세요 감사해요\n\n잘 있어요 다시 만나요\n\n흐헤헤 흐헤헤\n\n텟트'
2026-05-15 10:43:58 reader='browser_extension' source='realtime' title='메모장' text_len=37 newlines=6 blank_lines=3 note='' sample='안녕하세요 감사해요\n\n잘 있어요 다시 만나요\n\n흐헤헤 흐헤헤\n\n텟트'
2026-05-15 10:43:59 reader='browser_extension' source='realtime' title='메모장' text_len=36 newlines=6 blank_lines=3 note='' sample='안녕하세요 감사해요\n\n잘 있어요 다시 만나요\n\n흐헤헤 흐헤헤\n\n텟'
2026-05-15 10:43:59 reader='browser_extension' source='realtime' title='메모장' text_len=36 newlines=6 blank_lines=3 note='' sample='안녕하세요 감사해요\n\n잘 있어요 다시 만나요\n\n흐헤헤 흐헤헤\n\nㅌ'
2026-05-15 10:43:59 reader='browser_extension' source='realtime' title='메모장' text_len=37 newlines=6 blank_lines=3 note='' sample='안녕하세요 감사해요\n\n잘 있어요 다시 만나요\n\n흐헤헤 흐헤헤\n\n테스'
2026-05-15 10:43:59 reader='browser_extension' source='realtime' title='메모장' text_len=38 newlines=6 blank_lines=3 note='' sample='안녕하세요 감사해요\n\n잘 있어요 다시 만나요\n\n흐헤헤 흐헤헤\n\n테스트'
2026-05-15 10:44:00 reader='browser_extension' source='realtime' title='메모장' text_len=38 newlines=6 blank_lines=3 note='' sample='안녕하세요 감사해요\n\n잘 있어요 다시 만나요\n\n흐헤헤 흐헤헤\n\n테스트'
2026-05-15 10:44:00 reader='browser' source='realtime' title='메모장 외 페이지 1개 - 개인 - Microsoft\u200b Edge' text_len=35 newlines=3 blank_lines=0 note='' sample='안녕하세요 감사해요\n잘 있어요 다시 만나요\n흐헤헤 흐헤헤\n테스트'
2026-05-15 10:44:00 reader='browser' source='realtime' title='메모장 외 페이지 1개 - 개인 - Microsoft\u200b Edge' text_len=35 newlines=3 blank_lines=0 note='ignored_blank_line_downgrade' sample='안녕하세요 감사해요\n잘 있어요 다시 만나요\n흐헤헤 흐헤헤\n테스트'
2026-05-15 10:44:11 reader='browser_extension' source='realtime' title='메모장' text_len=52 newlines=6 blank_lines=3 note='' sample='안녕하세요 감사해요\n\n잘 있어요 다시 만나요\n\n흐헤헤 흐헤헤\n\n테스트 [맞춤법 기능 사용 됨]'
2026-05-15 10:44:17 reader='browser' source='realtime' title='메모장 외 페이지 1개 - 개인 - Microsoft\u200b Edge' text_len=49 newlines=3 blank_lines=0 note='' sample='안녕하세요 감사해요\n잘 있어요 다시 만나요\n흐헤헤 흐헤헤\n테스트 [맞춤법 기능 사용 됨]'
2026-05-15 10:44:19 reader='browser' source='realtime' title='메모장 외 페이지 1개 - 개인 - Microsoft\u200b Edge' text_len=35 newlines=3 blank_lines=0 note='' sample='안녕하세요 감사해요\n잘 있어요 다시 만나요\n흐헤헤 흐헤헤\n테스트'
2026-05-15 10:44:20 reader='browser_extension' source='realtime' title='메모장' text_len=38 newlines=6 blank_lines=3 note='' sample='안녕하세요 감사해요\n\n잘 있어요 다시 만나요\n\n흐헤헤 흐헤헤\n\n테스트'
2026-05-15 10:44:38 reader='unavailable' source='realtime' title='시작 - writing-assistant(0.3.0) - Visual Studio Code' text_len=0 newlines=0 blank_lines=1 note='' sample=''
