2026-05-15 08:42:53 apply line=0 content_line=0 text='김승현' bold=False italic=False underline=0 color='#FF0000'
2026-05-15 08:42:53 verify line=0 content_line=0 bold=0 italic=0 underline=0
2026-05-15 08:42:53 apply line=2 content_line=1 text='김승현' bold=False italic=False underline=1 color='#000000'
2026-05-15 08:42:53 verify line=2 content_line=1 bold=0 italic=0 underline=1
2026-05-15 08:42:54 apply line=4 content_line=2 text='김승현' bold=False italic=False underline=0 color='#000000'
2026-05-15 08:42:54 verify line=4 content_line=2 bold=0 italic=0 underline=0
2026-05-15 08:42:54 apply line=6 content_line=3 text='테스트 [맞춤법 기능 사용 됨]' bold=False italic=False underline=1 color='#000000'
2026-05-15 08:42:54 verify line=6 content_line=3 bold=0 italic=0 underline=1
2026-05-15 08:47:02 apply line=0 content_line=0 text='김승현' bold=False italic=False underline=0 strike=False double_strike=False color='#FF0000'
2026-05-15 08:47:02 verify line=0 content_line=0 bold=0 italic=0 underline=0 strike=0 double_strike=0
2026-05-15 08:47:02 apply line=2 content_line=1 text='김승현' bold=False italic=False underline=1 strike=False double_strike=False color='#000000'
2026-05-15 08:47:02 verify line=2 content_line=1 bold=0 italic=0 underline=1 strike=0 double_strike=0
2026-05-15 08:47:02 apply line=4 content_line=2 text='김승현' bold=False italic=False underline=0 strike=True double_strike=False color='#000000'
2026-05-15 08:47:02 verify line=4 content_line=2 bold=0 italic=0 underline=0 strike=-1 double_strike=0
2026-05-15 08:47:03 apply line=6 content_line=3 text='테스트 [맞춤법 기능 사용 됨]' bold=False italic=False underline=1 strike=False double_strike=False color='#000000'
2026-05-15 08:47:03 verify line=6 content_line=3 bold=0 italic=0 underline=1 strike=0 double_strike=0
2026-05-15 10:08:13 write text_len=44 newlines=8 line_styles=9 sample='김자원1\n\n김승현22\n\n김자원머\n\n김승현2\n\n김승현현현 [맞춤법 기능 사용 됨]'
2026-05-15 10:08:13 apply line=0 content_line=0 text='김자원1' bold=True italic=False underline=0 strike=False double_strike=False sub=False super=False highlight=0 color='#000000'
2026-05-15 10:08:14 verify line=0 content_line=0 bold=-1 italic=0 underline=0 strike=0 double_strike=0 sub=0 super=0 highlight=0
2026-05-15 10:08:14 apply line=2 content_line=1 text='김승현22' bold=False italic=True underline=0 strike=False double_strike=False sub=False super=False highlight=0 color='#000000'
2026-05-15 10:08:14 verify line=2 content_line=1 bold=0 italic=-1 underline=0 strike=0 double_strike=0 sub=0 super=0 highlight=0
2026-05-15 10:08:14 apply line=4 content_line=2 text='김자원머' bold=False italic=False underline=1 strike=False double_strike=False sub=False super=False highlight=0 color='#000000'
2026-05-15 10:08:14 verify line=4 content_line=2 bold=0 italic=0 underline=1 strike=0 double_strike=0 sub=0 super=0 highlight=0
2026-05-15 10:08:14 apply line=6 content_line=3 text='김승현2' bold=False italic=False underline=0 strike=True double_strike=False sub=False super=False highlight=0 color='#000000'
2026-05-15 10:08:14 verify line=6 content_line=3 bold=0 italic=0 underline=0 strike=-1 double_strike=0 sub=0 super=0 highlight=0
2026-05-15 10:08:14 apply line=8 content_line=4 text='김승현현현 [맞춤법 기능 사용 됨]' bold=False italic=False underline=0 strike=False double_strike=False sub=False super=False highlight=0 color='#FF0000'
2026-05-15 10:08:14 verify line=8 content_line=4 bold=0 italic=0 underline=0 strike=0 double_strike=0 sub=0 super=0 highlight=0
2026-05-15 10:11:30 write text_len=63 newlines=14 line_styles=15 sample='김자원1\n\n김승현22\n\n김자원머\n\n김승현2\n\n김김김김\n\n김김김김김\n\n김승현입니다\n\n김승현 [맞춤법 기능 사용 됨]'
2026-05-15 10:11:31 apply line=0 content_line=0 text='김자원1' bold=True italic=False underline=0 strike=False double_strike=False sub=False super=False highlight=0 color='#000000'
2026-05-15 10:11:31 verify line=0 content_line=0 bold=-1 italic=0 underline=0 strike=0 double_strike=0 sub=0 super=0 highlight=0
2026-05-15 10:11:31 apply line=2 content_line=1 text='김승현22' bold=False italic=True underline=0 strike=False double_strike=False sub=False super=False highlight=0 color='#000000'
2026-05-15 10:11:31 verify line=2 content_line=1 bold=0 italic=-1 underline=0 strike=0 double_strike=0 sub=0 super=0 highlight=0
2026-05-15 10:11:31 apply line=4 content_line=2 text='김자원머' bold=False italic=False underline=1 strike=False double_strike=False sub=False super=False highlight=0 color='#000000'
2026-05-15 10:11:31 verify line=4 content_line=2 bold=0 italic=0 underline=1 strike=0 double_strike=0 sub=0 super=0 highlight=0
2026-05-15 10:11:31 apply line=6 content_line=3 text='김승현2' bold=False italic=False underline=0 strike=True double_strike=False sub=False super=False highlight=0 color='#000000'
2026-05-15 10:11:31 verify line=6 content_line=3 bold=0 italic=0 underline=0 strike=-1 double_strike=0 sub=0 super=0 highlight=0
2026-05-15 10:11:31 apply line=8 content_line=4 text='김김김김' bold=False italic=False underline=0 strike=False double_strike=False sub=True super=False highlight=0 color='#000000'
2026-05-15 10:11:32 verify line=8 content_line=4 bold=0 italic=0 underline=0 strike=0 double_strike=0 sub=-1 super=0 highlight=0
2026-05-15 10:11:32 apply line=10 content_line=5 text='김김김김김' bold=False italic=False underline=0 strike=False double_strike=False sub=False super=True highlight=0 color='#000000'
2026-05-15 10:11:32 verify line=10 content_line=5 bold=0 italic=0 underline=0 strike=0 double_strike=0 sub=0 super=-1 highlight=0
2026-05-15 10:11:32 apply line=12 content_line=6 text='김승현입니다' bold=False italic=False underline=0 strike=False double_strike=False sub=False super=False highlight=7 color='#000000'
2026-05-15 10:11:32 verify line=12 content_line=6 bold=0 italic=0 underline=0 strike=0 double_strike=0 sub=0 super=0 highlight=7
2026-05-15 10:11:32 apply line=14 content_line=7 text='김승현 [맞춤법 기능 사용 됨]' bold=False italic=False underline=0 strike=False double_strike=False sub=False super=False highlight=0 color='#000000'
2026-05-15 10:11:32 verify line=14 content_line=7 bold=0 italic=0 underline=0 strike=0 double_strike=0 sub=0 super=0 highlight=0
2026-05-15 10:12:02 write text_len=63 newlines=14 line_styles=15 sample='김자원1\n\n김승현22\n\n김자원머\n\n김승현2\n\n김김김김\n\n김김김김김\n\n김승현입니다\n\n김승현 [맞춤법 기능 사용 됨]'
2026-05-15 10:12:03 apply line=0 content_line=0 text='김자원1' bold=True italic=False underline=0 strike=False double_strike=False sub=False super=False highlight=0 color='#000000'
2026-05-15 10:12:03 verify line=0 content_line=0 bold=-1 italic=0 underline=0 strike=0 double_strike=0 sub=0 super=0 highlight=0
2026-05-15 10:12:03 apply line=2 content_line=1 text='김승현22' bold=False italic=True underline=0 strike=False double_strike=False sub=False super=False highlight=0 color='#000000'
2026-05-15 10:12:03 verify line=2 content_line=1 bold=0 italic=-1 underline=0 strike=0 double_strike=0 sub=0 super=0 highlight=0
2026-05-15 10:12:03 apply line=4 content_line=2 text='김자원머' bold=False italic=False underline=1 strike=False double_strike=False sub=False super=False highlight=0 color='#000000'
2026-05-15 10:12:03 verify line=4 content_line=2 bold=0 italic=0 underline=1 strike=0 double_strike=0 sub=0 super=0 highlight=0
2026-05-15 10:12:03 apply line=6 content_line=3 text='김승현2' bold=False italic=False underline=0 strike=True double_strike=False sub=False super=False highlight=0 color='#000000'
2026-05-15 10:12:03 verify line=6 content_line=3 bold=0 italic=0 underline=0 strike=-1 double_strike=0 sub=0 super=0 highlight=0
2026-05-15 10:12:03 apply line=8 content_line=4 text='김김김김' bold=False italic=False underline=0 strike=False double_strike=False sub=True super=False highlight=0 color='#000000'
2026-05-15 10:12:03 verify line=8 content_line=4 bold=0 italic=0 underline=0 strike=0 double_strike=0 sub=-1 super=0 highlight=0
2026-05-15 10:12:04 apply line=10 content_line=5 text='김김김김김' bold=False italic=False underline=0 strike=False double_strike=False sub=False super=True highlight=0 color='#000000'
2026-05-15 10:12:04 verify line=10 content_line=5 bold=0 italic=0 underline=0 strike=0 double_strike=0 sub=0 super=-1 highlight=0
2026-05-15 10:12:04 apply line=12 content_line=6 text='김승현입니다' bold=False italic=False underline=0 strike=False double_strike=False sub=False super=False highlight=7 color='#000000'
2026-05-15 10:12:04 verify line=12 content_line=6 bold=0 italic=0 underline=0 strike=0 double_strike=0 sub=0 super=0 highlight=7
2026-05-15 10:12:04 apply line=14 content_line=7 text='김승현 [맞춤법 기능 사용 됨]' bold=False italic=False underline=0 strike=False double_strike=False sub=False super=False highlight=0 color='#000000'
2026-05-15 10:12:04 verify line=14 content_line=7 bold=0 italic=0 underline=0 strike=0 double_strike=0 sub=0 super=0 highlight=0
2026-05-15 10:14:45 write text_len=63 newlines=14 line_styles=15 sample='김자원1\n\n김승현22\n\n김자원머\n\n김승현2\n\n김김김김\n\n김김김김김\n\n김승현입니다\n\n김승현 [맞춤법 기능 사용 됨]'
2026-05-15 10:14:46 apply line=0 content_line=0 text='김자원1' bold=True italic=False underline=0 strike=False double_strike=False sub=False super=False highlight=0 color='#000000'
2026-05-15 10:14:46 verify line=0 content_line=0 bold=-1 italic=0 underline=0 strike=0 double_strike=0 sub=0 super=0 highlight=0
2026-05-15 10:14:46 apply line=2 content_line=1 text='김승현22' bold=False italic=True underline=0 strike=False double_strike=False sub=False super=False highlight=0 color='#000000'
2026-05-15 10:14:46 verify line=2 content_line=1 bold=0 italic=-1 underline=0 strike=0 double_strike=0 sub=0 super=0 highlight=0
2026-05-15 10:14:46 apply line=4 content_line=2 text='김자원머' bold=False italic=False underline=1 strike=False double_strike=False sub=False super=False highlight=0 color='#000000'
2026-05-15 10:14:46 verify line=4 content_line=2 bold=0 italic=0 underline=1 strike=0 double_strike=0 sub=0 super=0 highlight=0
2026-05-15 10:14:46 apply line=6 content_line=3 text='김승현2' bold=False italic=False underline=0 strike=True double_strike=False sub=False super=False highlight=0 color='#000000'
2026-05-15 10:14:46 verify line=6 content_line=3 bold=0 italic=0 underline=0 strike=-1 double_strike=0 sub=0 super=0 highlight=0
2026-05-15 10:14:46 apply line=8 content_line=4 text='김김김김' bold=False italic=False underline=0 strike=False double_strike=False sub=True super=False highlight=0 color='#000000'
2026-05-15 10:14:47 verify line=8 content_line=4 bold=0 italic=0 underline=0 strike=0 double_strike=0 sub=-1 super=0 highlight=0
2026-05-15 10:14:47 apply line=10 content_line=5 text='김김김김김' bold=False italic=False underline=0 strike=False double_strike=False sub=False super=True highlight=0 color='#000000'
2026-05-15 10:14:47 verify line=10 content_line=5 bold=0 italic=0 underline=0 strike=0 double_strike=0 sub=0 super=-1 highlight=0
2026-05-15 10:14:47 apply line=12 content_line=6 text='김승현입니다' bold=False italic=False underline=0 strike=False double_strike=False sub=False super=False highlight=7 color='#000000'
2026-05-15 10:14:47 verify line=12 content_line=6 bold=0 italic=0 underline=0 strike=0 double_strike=0 sub=0 super=0 highlight=7
2026-05-15 10:14:47 apply line=14 content_line=7 text='김승현 [맞춤법 기능 사용 됨]' bold=False italic=False underline=0 strike=False double_strike=False sub=False super=False highlight=0 color='#000000'
2026-05-15 10:14:47 verify line=14 content_line=7 bold=0 italic=0 underline=0 strike=0 double_strike=0 sub=0 super=0 highlight=0
2026-05-15 10:17:38 write text_len=63 newlines=14 line_styles=15 sample='김자원1\n\n김승현22\n\n김자원머\n\n김승현2\n\n김김김김\n\n김김김김김\n\n김승현입니다\n\n김승현 [맞춤법 기능 사용 됨]'
2026-05-15 10:17:39 apply line=0 content_line=0 text='김자원1' bold=True italic=False underline=0 strike=False double_strike=False sub=False super=False highlight=0 color='#000000'
2026-05-15 10:17:39 verify line=0 content_line=0 bold=-1 italic=0 underline=0 strike=0 double_strike=0 sub=0 super=0 highlight=0
2026-05-15 10:17:39 apply line=2 content_line=1 text='김승현22' bold=False italic=True underline=0 strike=False double_strike=False sub=False super=False highlight=0 color='#000000'
2026-05-15 10:17:39 verify line=2 content_line=1 bold=0 italic=-1 underline=0 strike=0 double_strike=0 sub=0 super=0 highlight=0
2026-05-15 10:17:39 apply line=4 content_line=2 text='김자원머' bold=False italic=False underline=1 strike=False double_strike=False sub=False super=False highlight=0 color='#000000'
2026-05-15 10:17:39 verify line=4 content_line=2 bold=0 italic=0 underline=1 strike=0 double_strike=0 sub=0 super=0 highlight=0
2026-05-15 10:17:39 apply line=6 content_line=3 text='김승현2' bold=False italic=False underline=0 strike=True double_strike=False sub=False super=False highlight=0 color='#000000'
2026-05-15 10:17:40 verify line=6 content_line=3 bold=0 italic=0 underline=0 strike=-1 double_strike=0 sub=0 super=0 highlight=0
2026-05-15 10:17:40 apply line=8 content_line=4 text='김김김김' bold=False italic=False underline=0 strike=False double_strike=False sub=True super=False highlight=0 color='#000000'
2026-05-15 10:17:40 verify line=8 content_line=4 bold=0 italic=0 underline=0 strike=0 double_strike=0 sub=-1 super=0 highlight=0
2026-05-15 10:17:40 apply line=10 content_line=5 text='김김김김김' bold=False italic=False underline=0 strike=False double_strike=False sub=False super=True highlight=0 color='#000000'
2026-05-15 10:17:40 verify line=10 content_line=5 bold=0 italic=0 underline=0 strike=0 double_strike=0 sub=0 super=-1 highlight=0
2026-05-15 10:17:40 apply line=12 content_line=6 text='김승현입니다' bold=False italic=False underline=0 strike=False double_strike=False sub=False super=False highlight=7 color='#000000'
2026-05-15 10:17:40 verify line=12 content_line=6 bold=0 italic=0 underline=0 strike=0 double_strike=0 sub=0 super=0 highlight=7
2026-05-15 10:17:40 apply line=14 content_line=7 text='김승현 [맞춤법 기능 사용 됨]' bold=False italic=False underline=0 strike=False double_strike=False sub=False super=False highlight=0 color='#FF0000'
2026-05-15 10:17:40 verify line=14 content_line=7 bold=0 italic=0 underline=0 strike=0 double_strike=0 sub=0 super=0 highlight=0
2026-05-15 10:18:55 write text_len=52 newlines=14 line_styles=15 sample='김자원\n\n김자원\n\n김자원\n\n김자원\n\n김자원\n\n김자원\n\n김자원\n\n김자원 [맞춤법 기능 사용 됨]'
2026-05-15 10:18:55 apply line=0 content_line=0 text='김자원' bold=True italic=False underline=0 strike=False double_strike=False sub=False super=False highlight=0 color='#000000'
2026-05-15 10:18:56 verify line=0 content_line=0 bold=-1 italic=0 underline=0 strike=0 double_strike=0 sub=0 super=0 highlight=0
2026-05-15 10:18:56 apply line=2 content_line=1 text='김자원' bold=False italic=True underline=0 strike=False double_strike=False sub=False super=False highlight=0 color='#000000'
2026-05-15 10:18:56 verify line=2 content_line=1 bold=0 italic=-1 underline=0 strike=0 double_strike=0 sub=0 super=0 highlight=0
2026-05-15 10:18:56 apply line=4 content_line=2 text='김자원' bold=False italic=False underline=1 strike=False double_strike=False sub=False super=False highlight=0 color='#000000'
2026-05-15 10:18:56 verify line=4 content_line=2 bold=0 italic=0 underline=1 strike=0 double_strike=0 sub=0 super=0 highlight=0
2026-05-15 10:18:56 apply line=6 content_line=3 text='김자원' bold=False italic=False underline=0 strike=True double_strike=False sub=False super=False highlight=0 color='#000000'
2026-05-15 10:18:56 verify line=6 content_line=3 bold=0 italic=0 underline=0 strike=-1 double_strike=0 sub=0 super=0 highlight=0
2026-05-15 10:18:56 apply line=8 content_line=4 text='김자원' bold=False italic=False underline=0 strike=False double_strike=False sub=True super=False highlight=0 color='#000000'
2026-05-15 10:18:56 verify line=8 content_line=4 bold=0 italic=0 underline=0 strike=0 double_strike=0 sub=-1 super=0 highlight=0
2026-05-15 10:18:56 apply line=10 content_line=5 text='김자원' bold=False italic=False underline=0 strike=False double_strike=False sub=False super=True highlight=0 color='#000000'
2026-05-15 10:18:57 verify line=10 content_line=5 bold=0 italic=0 underline=0 strike=0 double_strike=0 sub=0 super=-1 highlight=0
2026-05-15 10:18:57 apply line=12 content_line=6 text='김자원' bold=False italic=False underline=0 strike=False double_strike=False sub=False super=False highlight=7 color='#000000'
2026-05-15 10:18:57 verify line=12 content_line=6 bold=0 italic=0 underline=0 strike=0 double_strike=0 sub=0 super=0 highlight=7
2026-05-15 10:18:57 apply line=14 content_line=7 text='김자원 [맞춤법 기능 사용 됨]' bold=False italic=False underline=0 strike=False double_strike=False sub=False super=False highlight=0 color='#FF0000'
2026-05-15 10:18:57 verify line=14 content_line=7 bold=0 italic=0 underline=0 strike=0 double_strike=0 sub=0 super=0 highlight=0
2026-05-15 10:22:07 write text_len=60 newlines=16 line_styles=17 sample='김자원\n\n김자원\n\n김자원\n\n김자원\n\n김자원\n\n김자원\n\n김자원\n\n김자원\n\n테스트 시작 [맞춤법 기능 사용 됨]'
2026-05-15 10:22:08 apply line=0 content_line=0 text='김자원' bold=True italic=False underline=0 strike=False double_strike=False sub=False super=False highlight=0 color='#000000'
2026-05-15 10:22:08 verify line=0 content_line=0 bold=-1 italic=0 underline=0 strike=0 double_strike=0 sub=0 super=0 highlight=0
2026-05-15 10:22:08 apply line=2 content_line=1 text='김자원' bold=False italic=True underline=0 strike=True double_strike=False sub=False super=False highlight=7 color='#000000'
2026-05-15 10:22:08 verify line=2 content_line=1 bold=0 italic=-1 underline=0 strike=-1 double_strike=0 sub=0 super=0 highlight=7
2026-05-15 10:22:08 apply line=4 content_line=2 text='김자원' bold=False italic=False underline=1 strike=False double_strike=False sub=True super=False highlight=0 color='#000000'
2026-05-15 10:22:08 verify line=4 content_line=2 bold=0 italic=0 underline=1 strike=0 double_strike=0 sub=-1 super=0 highlight=0
2026-05-15 10:22:08 apply line=6 content_line=3 text='김자원' bold=True italic=False underline=0 strike=True double_strike=False sub=False super=True highlight=0 color='#000000'
2026-05-15 10:22:08 verify line=6 content_line=3 bold=-1 italic=0 underline=0 strike=-1 double_strike=0 sub=0 super=-1 highlight=0
2026-05-15 10:22:08 apply line=8 content_line=4 text='김자원' bold=False italic=False underline=0 strike=True double_strike=False sub=True super=False highlight=0 color='#000000'
2026-05-15 10:22:08 verify line=8 content_line=4 bold=0 italic=0 underline=0 strike=-1 double_strike=0 sub=-1 super=0 highlight=0
2026-05-15 10:22:08 apply line=10 content_line=5 text='김자원' bold=False italic=False underline=1 strike=False double_strike=False sub=False super=True highlight=0 color='#000000'
2026-05-15 10:22:09 verify line=10 content_line=5 bold=0 italic=0 underline=1 strike=0 double_strike=0 sub=0 super=-1 highlight=0
2026-05-15 10:22:09 apply line=12 content_line=6 text='김자원' bold=False italic=False underline=0 strike=False double_strike=False sub=False super=True highlight=7 color='#000000'
2026-05-15 10:22:09 verify line=12 content_line=6 bold=0 italic=0 underline=0 strike=0 double_strike=0 sub=0 super=-1 highlight=7
2026-05-15 10:22:09 apply line=14 content_line=7 text='김자원' bold=False italic=False underline=1 strike=True double_strike=False sub=False super=False highlight=0 color='#92D050'
2026-05-15 10:22:09 verify line=14 content_line=7 bold=0 italic=0 underline=1 strike=-1 double_strike=0 sub=0 super=0 highlight=0
2026-05-15 10:22:09 apply line=16 content_line=8 text='테스트 시작 [맞춤법 기능 사용 됨]' bold=False italic=False underline=0 strike=False double_strike=False sub=False super=False highlight=0 color='#FF0000'
2026-05-15 10:22:09 verify line=16 content_line=8 bold=0 italic=0 underline=0 strike=0 double_strike=0 sub=0 super=0 highlight=0
2026-05-15 10:29:09 write text_len=57 newlines=16 line_styles=17 segments=24 sample='김자원\n\n김자원\n\n김자원\n\n김자원\n\n김자원\n\n김자원\n\n김자원\n\n김자원\n\n테스트 [맞춤법 기능 사용 됨]'
2026-05-15 10:29:10 apply line=0 content_line=0 text='김자원' bold=True italic=False underline=0 strike=False double_strike=False sub=False super=False highlight=0 color='#000000'
2026-05-15 10:29:10 verify line=0 content_line=0 bold=-1 italic=0 underline=0 strike=0 double_strike=0 sub=0 super=0 highlight=0
2026-05-15 10:29:10 apply line=2 content_line=1 text='김자원' bold=False italic=True underline=0 strike=True double_strike=False sub=False super=False highlight=7 color='#000000'
2026-05-15 10:29:10 verify line=2 content_line=1 bold=0 italic=-1 underline=0 strike=-1 double_strike=0 sub=0 super=0 highlight=7
2026-05-15 10:29:10 apply line=4 content_line=2 text='김자원' bold=False italic=False underline=1 strike=False double_strike=False sub=True super=False highlight=0 color='#000000'
2026-05-15 10:29:11 verify line=4 content_line=2 bold=0 italic=0 underline=1 strike=0 double_strike=0 sub=-1 super=0 highlight=0
2026-05-15 10:29:11 apply line=6 content_line=3 text='김자원' bold=True italic=False underline=0 strike=True double_strike=False sub=False super=True highlight=0 color='#000000'
2026-05-15 10:29:11 verify line=6 content_line=3 bold=-1 italic=0 underline=0 strike=-1 double_strike=0 sub=0 super=-1 highlight=0
2026-05-15 10:29:11 apply line=8 content_line=4 text='김자원' bold=False italic=False underline=0 strike=True double_strike=False sub=True super=False highlight=0 color='#000000'
2026-05-15 10:29:11 verify line=8 content_line=4 bold=0 italic=0 underline=0 strike=-1 double_strike=0 sub=-1 super=0 highlight=0
2026-05-15 10:29:11 apply line=10 content_line=5 text='김자원' bold=False italic=False underline=1 strike=False double_strike=False sub=False super=True highlight=0 color='#000000'
2026-05-15 10:29:11 verify line=10 content_line=5 bold=0 italic=0 underline=1 strike=0 double_strike=0 sub=0 super=-1 highlight=0
2026-05-15 10:29:11 apply line=12 content_line=6 text='김자원' bold=False italic=False underline=0 strike=False double_strike=False sub=False super=True highlight=7 color='#000000'
2026-05-15 10:29:12 verify line=12 content_line=6 bold=0 italic=0 underline=0 strike=0 double_strike=0 sub=0 super=-1 highlight=7
2026-05-15 10:29:12 apply line=14 content_line=7 text='김자원' bold=False italic=False underline=1 strike=True double_strike=False sub=False super=False highlight=0 color='#92D050'
2026-05-15 10:29:12 verify line=14 content_line=7 bold=0 italic=0 underline=1 strike=-1 double_strike=0 sub=0 super=0 highlight=0
2026-05-15 10:29:12 apply line=16 content_line=8 text='테스트 [맞춤법 기능 사용 됨]' bold=False italic=False underline=0 strike=False double_strike=False sub=False super=False highlight=0 color='#FF0000'
2026-05-15 10:29:12 verify line=16 content_line=8 bold=0 italic=0 underline=0 strike=0 double_strike=0 sub=0 super=0 highlight=0
2026-05-15 10:36:56 write text_len=57 newlines=16 line_styles=17 segments=24 sample='김자원\n\n김자원\n\n김자원\n\n김자원\n\n김자원\n\n김자원\n\n김자원\n\n김자원\n\n테스트 [맞춤법 기능 사용 됨]'
2026-05-15 10:36:57 apply line=0 content_line=0 text='김자원' bold=True italic=False underline=0 strike=False double_strike=False sub=False super=False highlight=0 color='#000000'
2026-05-15 10:36:57 verify line=0 content_line=0 bold=-1 italic=0 underline=0 strike=0 double_strike=0 sub=0 super=0 highlight=0
2026-05-15 10:36:57 apply line=2 content_line=1 text='김자원' bold=False italic=True underline=0 strike=True double_strike=False sub=False super=False highlight=7 color='#000000'
2026-05-15 10:36:57 verify line=2 content_line=1 bold=0 italic=-1 underline=0 strike=-1 double_strike=0 sub=0 super=0 highlight=7
2026-05-15 10:36:57 apply line=4 content_line=2 text='김자원' bold=False italic=False underline=1 strike=False double_strike=False sub=True super=False highlight=0 color='#000000'
2026-05-15 10:36:58 verify line=4 content_line=2 bold=0 italic=0 underline=1 strike=0 double_strike=0 sub=-1 super=0 highlight=0
2026-05-15 10:36:58 apply line=6 content_line=3 text='김자원' bold=True italic=False underline=0 strike=True double_strike=False sub=False super=True highlight=0 color='#000000'
2026-05-15 10:36:58 verify line=6 content_line=3 bold=-1 italic=0 underline=0 strike=-1 double_strike=0 sub=0 super=-1 highlight=0
2026-05-15 10:36:58 apply line=8 content_line=4 text='김자원' bold=False italic=False underline=0 strike=True double_strike=False sub=True super=False highlight=0 color='#000000'
2026-05-15 10:36:58 verify line=8 content_line=4 bold=0 italic=0 underline=0 strike=-1 double_strike=0 sub=-1 super=0 highlight=0
2026-05-15 10:36:58 apply line=10 content_line=5 text='김자원' bold=False italic=False underline=1 strike=False double_strike=False sub=False super=True highlight=0 color='#000000'
2026-05-15 10:36:58 verify line=10 content_line=5 bold=0 italic=0 underline=1 strike=0 double_strike=0 sub=0 super=-1 highlight=0
2026-05-15 10:36:58 apply line=12 content_line=6 text='김자원' bold=False italic=False underline=0 strike=False double_strike=False sub=False super=True highlight=7 color='#000000'
2026-05-15 10:36:59 verify line=12 content_line=6 bold=0 italic=0 underline=0 strike=0 double_strike=0 sub=0 super=-1 highlight=7
2026-05-15 10:36:59 apply line=14 content_line=7 text='김자원' bold=False italic=False underline=1 strike=True double_strike=False sub=False super=False highlight=0 color='#92D050'
2026-05-15 10:36:59 verify line=14 content_line=7 bold=0 italic=0 underline=1 strike=-1 double_strike=0 sub=0 super=0 highlight=0
2026-05-15 10:36:59 apply line=16 content_line=8 text='테스트 [맞춤법 기능 사용 됨]' bold=False italic=False underline=0 strike=False double_strike=False sub=False super=False highlight=0 color='#FF0000'
2026-05-15 10:36:59 verify line=16 content_line=8 bold=0 italic=0 underline=0 strike=0 double_strike=0 sub=0 super=0 highlight=0
